[2024-07-31T04:08:51.263+0000] {processor.py:161} INFO - Started process (PID=1865) to work on /home/ubuntu/airflow/dags/zillowanalytics.py
[2024-07-31T04:08:51.264+0000] {processor.py:830} INFO - Processing file /home/ubuntu/airflow/dags/zillowanalytics.py for tasks to queue
[2024-07-31T04:08:51.266+0000] {logging_mixin.py:188} INFO - [2024-07-31T04:08:51.265+0000] {dagbag.py:545} INFO - Filling up the DagBag from /home/ubuntu/airflow/dags/zillowanalytics.py
[2024-07-31T04:08:51.279+0000] {processor.py:840} INFO - DAG(s) 'zillow-analytics-dag' retrieved from /home/ubuntu/airflow/dags/zillowanalytics.py
[2024-07-31T04:08:51.287+0000] {logging_mixin.py:188} INFO - [2024-07-31T04:08:51.287+0000] {dag.py:3089} INFO - Sync 1 DAGs
[2024-07-31T04:08:51.315+0000] {logging_mixin.py:188} INFO - [2024-07-31T04:08:51.315+0000] {dag.py:3947} INFO - Setting next_dagrun for zillow-analytics-dag to 2024-07-30 00:00:00+00:00, run_after=2024-07-31 00:00:00+00:00
[2024-07-31T04:08:51.337+0000] {processor.py:183} INFO - Processing /home/ubuntu/airflow/dags/zillowanalytics.py took 0.079 seconds
[2024-07-31T04:09:22.288+0000] {processor.py:161} INFO - Started process (PID=1879) to work on /home/ubuntu/airflow/dags/zillowanalytics.py
[2024-07-31T04:09:22.289+0000] {processor.py:830} INFO - Processing file /home/ubuntu/airflow/dags/zillowanalytics.py for tasks to queue
[2024-07-31T04:09:22.291+0000] {logging_mixin.py:188} INFO - [2024-07-31T04:09:22.290+0000] {dagbag.py:545} INFO - Filling up the DagBag from /home/ubuntu/airflow/dags/zillowanalytics.py
[2024-07-31T04:09:22.307+0000] {processor.py:840} INFO - DAG(s) 'zillow-analytics-dag' retrieved from /home/ubuntu/airflow/dags/zillowanalytics.py
[2024-07-31T04:09:22.414+0000] {logging_mixin.py:188} INFO - [2024-07-31T04:09:22.413+0000] {dag.py:3089} INFO - Sync 1 DAGs
[2024-07-31T04:09:22.432+0000] {logging_mixin.py:188} INFO - [2024-07-31T04:09:22.432+0000] {dag.py:3947} INFO - Setting next_dagrun for zillow-analytics-dag to 2024-07-31 00:00:00+00:00, run_after=2024-08-01 00:00:00+00:00
[2024-07-31T04:09:22.454+0000] {processor.py:183} INFO - Processing /home/ubuntu/airflow/dags/zillowanalytics.py took 0.171 seconds
[2024-07-31T04:09:53.406+0000] {processor.py:161} INFO - Started process (PID=1880) to work on /home/ubuntu/airflow/dags/zillowanalytics.py
[2024-07-31T04:09:53.407+0000] {processor.py:830} INFO - Processing file /home/ubuntu/airflow/dags/zillowanalytics.py for tasks to queue
[2024-07-31T04:09:53.409+0000] {logging_mixin.py:188} INFO - [2024-07-31T04:09:53.409+0000] {dagbag.py:545} INFO - Filling up the DagBag from /home/ubuntu/airflow/dags/zillowanalytics.py
[2024-07-31T04:09:53.422+0000] {processor.py:840} INFO - DAG(s) 'zillow-analytics-dag' retrieved from /home/ubuntu/airflow/dags/zillowanalytics.py
[2024-07-31T04:09:53.529+0000] {logging_mixin.py:188} INFO - [2024-07-31T04:09:53.528+0000] {dag.py:3089} INFO - Sync 1 DAGs
[2024-07-31T04:09:53.547+0000] {logging_mixin.py:188} INFO - [2024-07-31T04:09:53.547+0000] {dag.py:3947} INFO - Setting next_dagrun for zillow-analytics-dag to 2024-07-31 00:00:00+00:00, run_after=2024-08-01 00:00:00+00:00
[2024-07-31T04:09:53.569+0000] {processor.py:183} INFO - Processing /home/ubuntu/airflow/dags/zillowanalytics.py took 0.168 seconds
[2024-07-31T04:10:23.986+0000] {processor.py:161} INFO - Started process (PID=1883) to work on /home/ubuntu/airflow/dags/zillowanalytics.py
[2024-07-31T04:10:23.987+0000] {processor.py:830} INFO - Processing file /home/ubuntu/airflow/dags/zillowanalytics.py for tasks to queue
[2024-07-31T04:10:23.988+0000] {logging_mixin.py:188} INFO - [2024-07-31T04:10:23.988+0000] {dagbag.py:545} INFO - Filling up the DagBag from /home/ubuntu/airflow/dags/zillowanalytics.py
[2024-07-31T04:10:24.002+0000] {processor.py:840} INFO - DAG(s) 'zillow-analytics-dag' retrieved from /home/ubuntu/airflow/dags/zillowanalytics.py
[2024-07-31T04:10:24.108+0000] {logging_mixin.py:188} INFO - [2024-07-31T04:10:24.108+0000] {dag.py:3089} INFO - Sync 1 DAGs
[2024-07-31T04:10:24.127+0000] {logging_mixin.py:188} INFO - [2024-07-31T04:10:24.126+0000] {dag.py:3947} INFO - Setting next_dagrun for zillow-analytics-dag to 2024-07-31 00:00:00+00:00, run_after=2024-08-01 00:00:00+00:00
[2024-07-31T04:10:24.149+0000] {processor.py:183} INFO - Processing /home/ubuntu/airflow/dags/zillowanalytics.py took 0.169 seconds
[2024-07-31T04:10:54.423+0000] {processor.py:161} INFO - Started process (PID=1884) to work on /home/ubuntu/airflow/dags/zillowanalytics.py
[2024-07-31T04:10:54.425+0000] {processor.py:830} INFO - Processing file /home/ubuntu/airflow/dags/zillowanalytics.py for tasks to queue
[2024-07-31T04:10:54.427+0000] {logging_mixin.py:188} INFO - [2024-07-31T04:10:54.426+0000] {dagbag.py:545} INFO - Filling up the DagBag from /home/ubuntu/airflow/dags/zillowanalytics.py
[2024-07-31T04:10:54.440+0000] {processor.py:840} INFO - DAG(s) 'zillow-analytics-dag' retrieved from /home/ubuntu/airflow/dags/zillowanalytics.py
[2024-07-31T04:10:54.548+0000] {logging_mixin.py:188} INFO - [2024-07-31T04:10:54.548+0000] {dag.py:3089} INFO - Sync 1 DAGs
[2024-07-31T04:10:54.567+0000] {logging_mixin.py:188} INFO - [2024-07-31T04:10:54.567+0000] {dag.py:3947} INFO - Setting next_dagrun for zillow-analytics-dag to 2024-07-31 00:00:00+00:00, run_after=2024-08-01 00:00:00+00:00
[2024-07-31T04:10:54.590+0000] {processor.py:183} INFO - Processing /home/ubuntu/airflow/dags/zillowanalytics.py took 0.172 seconds
[2024-07-31T04:11:23.888+0000] {processor.py:161} INFO - Started process (PID=1903) to work on /home/ubuntu/airflow/dags/zillowanalytics.py
[2024-07-31T04:11:23.889+0000] {processor.py:830} INFO - Processing file /home/ubuntu/airflow/dags/zillowanalytics.py for tasks to queue
[2024-07-31T04:11:23.890+0000] {logging_mixin.py:188} INFO - [2024-07-31T04:11:23.890+0000] {dagbag.py:545} INFO - Filling up the DagBag from /home/ubuntu/airflow/dags/zillowanalytics.py
[2024-07-31T04:11:23.904+0000] {processor.py:840} INFO - DAG(s) 'zillow-analytics-dag' retrieved from /home/ubuntu/airflow/dags/zillowanalytics.py
[2024-07-31T04:11:23.912+0000] {logging_mixin.py:188} INFO - [2024-07-31T04:11:23.912+0000] {dag.py:3089} INFO - Sync 1 DAGs
[2024-07-31T04:11:23.938+0000] {logging_mixin.py:188} INFO - [2024-07-31T04:11:23.938+0000] {dag.py:3947} INFO - Setting next_dagrun for zillow-analytics-dag to 2024-07-31 00:00:00+00:00, run_after=2024-08-01 00:00:00+00:00
[2024-07-31T04:11:23.961+0000] {processor.py:183} INFO - Processing /home/ubuntu/airflow/dags/zillowanalytics.py took 0.084 seconds
[2024-07-31T04:11:54.038+0000] {processor.py:161} INFO - Started process (PID=1910) to work on /home/ubuntu/airflow/dags/zillowanalytics.py
[2024-07-31T04:11:54.039+0000] {processor.py:830} INFO - Processing file /home/ubuntu/airflow/dags/zillowanalytics.py for tasks to queue
[2024-07-31T04:11:54.041+0000] {logging_mixin.py:188} INFO - [2024-07-31T04:11:54.040+0000] {dagbag.py:545} INFO - Filling up the DagBag from /home/ubuntu/airflow/dags/zillowanalytics.py
[2024-07-31T04:11:54.057+0000] {processor.py:840} INFO - DAG(s) 'zillow-analytics-dag' retrieved from /home/ubuntu/airflow/dags/zillowanalytics.py
[2024-07-31T04:11:54.167+0000] {logging_mixin.py:188} INFO - [2024-07-31T04:11:54.167+0000] {dag.py:3089} INFO - Sync 1 DAGs
[2024-07-31T04:11:54.185+0000] {logging_mixin.py:188} INFO - [2024-07-31T04:11:54.185+0000] {dag.py:3947} INFO - Setting next_dagrun for zillow-analytics-dag to 2024-07-31 00:00:00+00:00, run_after=2024-08-01 00:00:00+00:00
[2024-07-31T04:11:54.207+0000] {processor.py:183} INFO - Processing /home/ubuntu/airflow/dags/zillowanalytics.py took 0.174 seconds
[2024-07-31T04:12:24.498+0000] {processor.py:161} INFO - Started process (PID=1911) to work on /home/ubuntu/airflow/dags/zillowanalytics.py
[2024-07-31T04:12:24.499+0000] {processor.py:830} INFO - Processing file /home/ubuntu/airflow/dags/zillowanalytics.py for tasks to queue
[2024-07-31T04:12:24.501+0000] {logging_mixin.py:188} INFO - [2024-07-31T04:12:24.500+0000] {dagbag.py:545} INFO - Filling up the DagBag from /home/ubuntu/airflow/dags/zillowanalytics.py
[2024-07-31T04:12:24.514+0000] {processor.py:840} INFO - DAG(s) 'zillow-analytics-dag' retrieved from /home/ubuntu/airflow/dags/zillowanalytics.py
[2024-07-31T04:12:24.627+0000] {logging_mixin.py:188} INFO - [2024-07-31T04:12:24.627+0000] {dag.py:3089} INFO - Sync 1 DAGs
[2024-07-31T04:12:24.647+0000] {logging_mixin.py:188} INFO - [2024-07-31T04:12:24.646+0000] {dag.py:3947} INFO - Setting next_dagrun for zillow-analytics-dag to 2024-07-31 00:00:00+00:00, run_after=2024-08-01 00:00:00+00:00
[2024-07-31T04:12:24.668+0000] {processor.py:183} INFO - Processing /home/ubuntu/airflow/dags/zillowanalytics.py took 0.177 seconds
[2024-07-31T04:12:55.012+0000] {processor.py:161} INFO - Started process (PID=1920) to work on /home/ubuntu/airflow/dags/zillowanalytics.py
[2024-07-31T04:12:55.013+0000] {processor.py:830} INFO - Processing file /home/ubuntu/airflow/dags/zillowanalytics.py for tasks to queue
[2024-07-31T04:12:55.015+0000] {logging_mixin.py:188} INFO - [2024-07-31T04:12:55.014+0000] {dagbag.py:545} INFO - Filling up the DagBag from /home/ubuntu/airflow/dags/zillowanalytics.py
[2024-07-31T04:12:55.028+0000] {processor.py:840} INFO - DAG(s) 'zillow-analytics-dag' retrieved from /home/ubuntu/airflow/dags/zillowanalytics.py
[2024-07-31T04:12:55.138+0000] {logging_mixin.py:188} INFO - [2024-07-31T04:12:55.138+0000] {dag.py:3089} INFO - Sync 1 DAGs
[2024-07-31T04:12:55.157+0000] {logging_mixin.py:188} INFO - [2024-07-31T04:12:55.157+0000] {dag.py:3947} INFO - Setting next_dagrun for zillow-analytics-dag to 2024-07-31 00:00:00+00:00, run_after=2024-08-01 00:00:00+00:00
[2024-07-31T04:12:55.179+0000] {processor.py:183} INFO - Processing /home/ubuntu/airflow/dags/zillowanalytics.py took 0.174 seconds
[2024-07-31T04:13:25.318+0000] {processor.py:161} INFO - Started process (PID=1927) to work on /home/ubuntu/airflow/dags/zillowanalytics.py
[2024-07-31T04:13:25.319+0000] {processor.py:830} INFO - Processing file /home/ubuntu/airflow/dags/zillowanalytics.py for tasks to queue
[2024-07-31T04:13:25.320+0000] {logging_mixin.py:188} INFO - [2024-07-31T04:13:25.320+0000] {dagbag.py:545} INFO - Filling up the DagBag from /home/ubuntu/airflow/dags/zillowanalytics.py
[2024-07-31T04:13:25.334+0000] {processor.py:840} INFO - DAG(s) 'zillow-analytics-dag' retrieved from /home/ubuntu/airflow/dags/zillowanalytics.py
[2024-07-31T04:13:25.442+0000] {logging_mixin.py:188} INFO - [2024-07-31T04:13:25.442+0000] {dag.py:3089} INFO - Sync 1 DAGs
[2024-07-31T04:13:25.461+0000] {logging_mixin.py:188} INFO - [2024-07-31T04:13:25.461+0000] {dag.py:3947} INFO - Setting next_dagrun for zillow-analytics-dag to 2024-07-31 00:00:00+00:00, run_after=2024-08-01 00:00:00+00:00
[2024-07-31T04:13:25.484+0000] {processor.py:183} INFO - Processing /home/ubuntu/airflow/dags/zillowanalytics.py took 0.172 seconds
[2024-07-31T04:13:55.626+0000] {processor.py:161} INFO - Started process (PID=1931) to work on /home/ubuntu/airflow/dags/zillowanalytics.py
[2024-07-31T04:13:55.627+0000] {processor.py:830} INFO - Processing file /home/ubuntu/airflow/dags/zillowanalytics.py for tasks to queue
[2024-07-31T04:13:55.629+0000] {logging_mixin.py:188} INFO - [2024-07-31T04:13:55.628+0000] {dagbag.py:545} INFO - Filling up the DagBag from /home/ubuntu/airflow/dags/zillowanalytics.py
[2024-07-31T04:13:55.642+0000] {processor.py:840} INFO - DAG(s) 'zillow-analytics-dag' retrieved from /home/ubuntu/airflow/dags/zillowanalytics.py
[2024-07-31T04:13:55.751+0000] {logging_mixin.py:188} INFO - [2024-07-31T04:13:55.751+0000] {dag.py:3089} INFO - Sync 1 DAGs
[2024-07-31T04:13:55.771+0000] {logging_mixin.py:188} INFO - [2024-07-31T04:13:55.771+0000] {dag.py:3947} INFO - Setting next_dagrun for zillow-analytics-dag to 2024-07-31 00:00:00+00:00, run_after=2024-08-01 00:00:00+00:00
[2024-07-31T04:13:55.794+0000] {processor.py:183} INFO - Processing /home/ubuntu/airflow/dags/zillowanalytics.py took 0.174 seconds
[2024-07-31T04:14:25.932+0000] {processor.py:161} INFO - Started process (PID=1932) to work on /home/ubuntu/airflow/dags/zillowanalytics.py
[2024-07-31T04:14:25.933+0000] {processor.py:830} INFO - Processing file /home/ubuntu/airflow/dags/zillowanalytics.py for tasks to queue
[2024-07-31T04:14:25.935+0000] {logging_mixin.py:188} INFO - [2024-07-31T04:14:25.935+0000] {dagbag.py:545} INFO - Filling up the DagBag from /home/ubuntu/airflow/dags/zillowanalytics.py
[2024-07-31T04:14:25.948+0000] {processor.py:840} INFO - DAG(s) 'zillow-analytics-dag' retrieved from /home/ubuntu/airflow/dags/zillowanalytics.py
[2024-07-31T04:14:26.056+0000] {logging_mixin.py:188} INFO - [2024-07-31T04:14:26.055+0000] {dag.py:3089} INFO - Sync 1 DAGs
[2024-07-31T04:14:26.076+0000] {logging_mixin.py:188} INFO - [2024-07-31T04:14:26.075+0000] {dag.py:3947} INFO - Setting next_dagrun for zillow-analytics-dag to 2024-07-31 00:00:00+00:00, run_after=2024-08-01 00:00:00+00:00
[2024-07-31T04:14:26.097+0000] {processor.py:183} INFO - Processing /home/ubuntu/airflow/dags/zillowanalytics.py took 0.171 seconds
[2024-07-31T04:14:56.238+0000] {processor.py:161} INFO - Started process (PID=1933) to work on /home/ubuntu/airflow/dags/zillowanalytics.py
[2024-07-31T04:14:56.240+0000] {processor.py:830} INFO - Processing file /home/ubuntu/airflow/dags/zillowanalytics.py for tasks to queue
[2024-07-31T04:14:56.242+0000] {logging_mixin.py:188} INFO - [2024-07-31T04:14:56.241+0000] {dagbag.py:545} INFO - Filling up the DagBag from /home/ubuntu/airflow/dags/zillowanalytics.py
[2024-07-31T04:14:56.255+0000] {processor.py:840} INFO - DAG(s) 'zillow-analytics-dag' retrieved from /home/ubuntu/airflow/dags/zillowanalytics.py
[2024-07-31T04:14:56.368+0000] {logging_mixin.py:188} INFO - [2024-07-31T04:14:56.368+0000] {dag.py:3089} INFO - Sync 1 DAGs
[2024-07-31T04:14:56.387+0000] {logging_mixin.py:188} INFO - [2024-07-31T04:14:56.387+0000] {dag.py:3947} INFO - Setting next_dagrun for zillow-analytics-dag to 2024-07-31 00:00:00+00:00, run_after=2024-08-01 00:00:00+00:00
[2024-07-31T04:14:56.410+0000] {processor.py:183} INFO - Processing /home/ubuntu/airflow/dags/zillowanalytics.py took 0.178 seconds
[2024-07-31T04:15:26.555+0000] {processor.py:161} INFO - Started process (PID=1938) to work on /home/ubuntu/airflow/dags/zillowanalytics.py
[2024-07-31T04:15:26.556+0000] {processor.py:830} INFO - Processing file /home/ubuntu/airflow/dags/zillowanalytics.py for tasks to queue
[2024-07-31T04:15:26.557+0000] {logging_mixin.py:188} INFO - [2024-07-31T04:15:26.557+0000] {dagbag.py:545} INFO - Filling up the DagBag from /home/ubuntu/airflow/dags/zillowanalytics.py
[2024-07-31T04:15:26.571+0000] {processor.py:840} INFO - DAG(s) 'zillow-analytics-dag' retrieved from /home/ubuntu/airflow/dags/zillowanalytics.py
[2024-07-31T04:15:26.682+0000] {logging_mixin.py:188} INFO - [2024-07-31T04:15:26.682+0000] {dag.py:3089} INFO - Sync 1 DAGs
[2024-07-31T04:15:26.701+0000] {logging_mixin.py:188} INFO - [2024-07-31T04:15:26.701+0000] {dag.py:3947} INFO - Setting next_dagrun for zillow-analytics-dag to 2024-07-31 00:00:00+00:00, run_after=2024-08-01 00:00:00+00:00
[2024-07-31T04:15:26.724+0000] {processor.py:183} INFO - Processing /home/ubuntu/airflow/dags/zillowanalytics.py took 0.175 seconds
[2024-07-31T04:15:56.862+0000] {processor.py:161} INFO - Started process (PID=1939) to work on /home/ubuntu/airflow/dags/zillowanalytics.py
[2024-07-31T04:15:56.864+0000] {processor.py:830} INFO - Processing file /home/ubuntu/airflow/dags/zillowanalytics.py for tasks to queue
[2024-07-31T04:15:56.865+0000] {logging_mixin.py:188} INFO - [2024-07-31T04:15:56.865+0000] {dagbag.py:545} INFO - Filling up the DagBag from /home/ubuntu/airflow/dags/zillowanalytics.py
[2024-07-31T04:15:56.878+0000] {processor.py:840} INFO - DAG(s) 'zillow-analytics-dag' retrieved from /home/ubuntu/airflow/dags/zillowanalytics.py
[2024-07-31T04:15:56.985+0000] {logging_mixin.py:188} INFO - [2024-07-31T04:15:56.985+0000] {dag.py:3089} INFO - Sync 1 DAGs
[2024-07-31T04:15:57.012+0000] {logging_mixin.py:188} INFO - [2024-07-31T04:15:57.012+0000] {dag.py:3947} INFO - Setting next_dagrun for zillow-analytics-dag to 2024-07-31 00:00:00+00:00, run_after=2024-08-01 00:00:00+00:00
[2024-07-31T04:15:57.033+0000] {processor.py:183} INFO - Processing /home/ubuntu/airflow/dags/zillowanalytics.py took 0.177 seconds
[2024-07-31T04:16:27.175+0000] {processor.py:161} INFO - Started process (PID=1941) to work on /home/ubuntu/airflow/dags/zillowanalytics.py
[2024-07-31T04:16:27.176+0000] {processor.py:830} INFO - Processing file /home/ubuntu/airflow/dags/zillowanalytics.py for tasks to queue
[2024-07-31T04:16:27.177+0000] {logging_mixin.py:188} INFO - [2024-07-31T04:16:27.177+0000] {dagbag.py:545} INFO - Filling up the DagBag from /home/ubuntu/airflow/dags/zillowanalytics.py
[2024-07-31T04:16:27.191+0000] {processor.py:840} INFO - DAG(s) 'zillow-analytics-dag' retrieved from /home/ubuntu/airflow/dags/zillowanalytics.py
[2024-07-31T04:16:27.299+0000] {logging_mixin.py:188} INFO - [2024-07-31T04:16:27.298+0000] {dag.py:3089} INFO - Sync 1 DAGs
[2024-07-31T04:16:27.318+0000] {logging_mixin.py:188} INFO - [2024-07-31T04:16:27.317+0000] {dag.py:3947} INFO - Setting next_dagrun for zillow-analytics-dag to 2024-07-31 00:00:00+00:00, run_after=2024-08-01 00:00:00+00:00
[2024-07-31T04:16:27.339+0000] {processor.py:183} INFO - Processing /home/ubuntu/airflow/dags/zillowanalytics.py took 0.170 seconds
[2024-07-31T04:16:57.481+0000] {processor.py:161} INFO - Started process (PID=2084) to work on /home/ubuntu/airflow/dags/zillowanalytics.py
[2024-07-31T04:16:57.482+0000] {processor.py:830} INFO - Processing file /home/ubuntu/airflow/dags/zillowanalytics.py for tasks to queue
[2024-07-31T04:16:57.484+0000] {logging_mixin.py:188} INFO - [2024-07-31T04:16:57.483+0000] {dagbag.py:545} INFO - Filling up the DagBag from /home/ubuntu/airflow/dags/zillowanalytics.py
[2024-07-31T04:16:57.497+0000] {processor.py:840} INFO - DAG(s) 'zillow-analytics-dag' retrieved from /home/ubuntu/airflow/dags/zillowanalytics.py
[2024-07-31T04:16:57.605+0000] {logging_mixin.py:188} INFO - [2024-07-31T04:16:57.605+0000] {dag.py:3089} INFO - Sync 1 DAGs
[2024-07-31T04:16:57.623+0000] {logging_mixin.py:188} INFO - [2024-07-31T04:16:57.623+0000] {dag.py:3947} INFO - Setting next_dagrun for zillow-analytics-dag to 2024-07-31 00:00:00+00:00, run_after=2024-08-01 00:00:00+00:00
[2024-07-31T04:16:57.644+0000] {processor.py:183} INFO - Processing /home/ubuntu/airflow/dags/zillowanalytics.py took 0.169 seconds
[2024-07-31T04:17:27.789+0000] {processor.py:161} INFO - Started process (PID=2296) to work on /home/ubuntu/airflow/dags/zillowanalytics.py
[2024-07-31T04:17:27.790+0000] {processor.py:830} INFO - Processing file /home/ubuntu/airflow/dags/zillowanalytics.py for tasks to queue
[2024-07-31T04:17:27.792+0000] {logging_mixin.py:188} INFO - [2024-07-31T04:17:27.791+0000] {dagbag.py:545} INFO - Filling up the DagBag from /home/ubuntu/airflow/dags/zillowanalytics.py
[2024-07-31T04:17:27.805+0000] {processor.py:840} INFO - DAG(s) 'zillow-analytics-dag' retrieved from /home/ubuntu/airflow/dags/zillowanalytics.py
[2024-07-31T04:17:27.918+0000] {logging_mixin.py:188} INFO - [2024-07-31T04:17:27.918+0000] {dag.py:3089} INFO - Sync 1 DAGs
[2024-07-31T04:17:27.938+0000] {logging_mixin.py:188} INFO - [2024-07-31T04:17:27.937+0000] {dag.py:3947} INFO - Setting next_dagrun for zillow-analytics-dag to 2024-07-31 00:00:00+00:00, run_after=2024-08-01 00:00:00+00:00
[2024-07-31T04:17:27.961+0000] {processor.py:183} INFO - Processing /home/ubuntu/airflow/dags/zillowanalytics.py took 0.178 seconds
[2024-07-31T04:17:58.095+0000] {processor.py:161} INFO - Started process (PID=2316) to work on /home/ubuntu/airflow/dags/zillowanalytics.py
[2024-07-31T04:17:58.096+0000] {processor.py:830} INFO - Processing file /home/ubuntu/airflow/dags/zillowanalytics.py for tasks to queue
[2024-07-31T04:17:58.098+0000] {logging_mixin.py:188} INFO - [2024-07-31T04:17:58.098+0000] {dagbag.py:545} INFO - Filling up the DagBag from /home/ubuntu/airflow/dags/zillowanalytics.py
[2024-07-31T04:17:58.111+0000] {processor.py:840} INFO - DAG(s) 'zillow-analytics-dag' retrieved from /home/ubuntu/airflow/dags/zillowanalytics.py
[2024-07-31T04:17:58.219+0000] {logging_mixin.py:188} INFO - [2024-07-31T04:17:58.219+0000] {dag.py:3089} INFO - Sync 1 DAGs
[2024-07-31T04:17:58.239+0000] {logging_mixin.py:188} INFO - [2024-07-31T04:17:58.239+0000] {dag.py:3947} INFO - Setting next_dagrun for zillow-analytics-dag to 2024-07-31 00:00:00+00:00, run_after=2024-08-01 00:00:00+00:00
[2024-07-31T04:17:58.260+0000] {processor.py:183} INFO - Processing /home/ubuntu/airflow/dags/zillowanalytics.py took 0.171 seconds
[2024-07-31T04:18:28.402+0000] {processor.py:161} INFO - Started process (PID=2407) to work on /home/ubuntu/airflow/dags/zillowanalytics.py
[2024-07-31T04:18:28.403+0000] {processor.py:830} INFO - Processing file /home/ubuntu/airflow/dags/zillowanalytics.py for tasks to queue
[2024-07-31T04:18:28.405+0000] {logging_mixin.py:188} INFO - [2024-07-31T04:18:28.404+0000] {dagbag.py:545} INFO - Filling up the DagBag from /home/ubuntu/airflow/dags/zillowanalytics.py
[2024-07-31T04:18:28.418+0000] {processor.py:840} INFO - DAG(s) 'zillow-analytics-dag' retrieved from /home/ubuntu/airflow/dags/zillowanalytics.py
[2024-07-31T04:18:28.525+0000] {logging_mixin.py:188} INFO - [2024-07-31T04:18:28.525+0000] {dag.py:3089} INFO - Sync 1 DAGs
[2024-07-31T04:18:28.546+0000] {logging_mixin.py:188} INFO - [2024-07-31T04:18:28.546+0000] {dag.py:3947} INFO - Setting next_dagrun for zillow-analytics-dag to 2024-07-31 00:00:00+00:00, run_after=2024-08-01 00:00:00+00:00
[2024-07-31T04:18:28.568+0000] {processor.py:183} INFO - Processing /home/ubuntu/airflow/dags/zillowanalytics.py took 0.171 seconds
[2024-07-31T04:18:58.709+0000] {processor.py:161} INFO - Started process (PID=2440) to work on /home/ubuntu/airflow/dags/zillowanalytics.py
[2024-07-31T04:18:58.711+0000] {processor.py:830} INFO - Processing file /home/ubuntu/airflow/dags/zillowanalytics.py for tasks to queue
[2024-07-31T04:18:58.713+0000] {logging_mixin.py:188} INFO - [2024-07-31T04:18:58.712+0000] {dagbag.py:545} INFO - Filling up the DagBag from /home/ubuntu/airflow/dags/zillowanalytics.py
[2024-07-31T04:18:58.726+0000] {processor.py:840} INFO - DAG(s) 'zillow-analytics-dag' retrieved from /home/ubuntu/airflow/dags/zillowanalytics.py
[2024-07-31T04:18:58.838+0000] {logging_mixin.py:188} INFO - [2024-07-31T04:18:58.838+0000] {dag.py:3089} INFO - Sync 1 DAGs
[2024-07-31T04:18:58.859+0000] {logging_mixin.py:188} INFO - [2024-07-31T04:18:58.859+0000] {dag.py:3947} INFO - Setting next_dagrun for zillow-analytics-dag to 2024-07-31 00:00:00+00:00, run_after=2024-08-01 00:00:00+00:00
[2024-07-31T04:18:58.882+0000] {processor.py:183} INFO - Processing /home/ubuntu/airflow/dags/zillowanalytics.py took 0.178 seconds
[2024-07-31T04:19:29.016+0000] {processor.py:161} INFO - Started process (PID=2468) to work on /home/ubuntu/airflow/dags/zillowanalytics.py
[2024-07-31T04:19:29.018+0000] {processor.py:830} INFO - Processing file /home/ubuntu/airflow/dags/zillowanalytics.py for tasks to queue
[2024-07-31T04:19:29.019+0000] {logging_mixin.py:188} INFO - [2024-07-31T04:19:29.019+0000] {dagbag.py:545} INFO - Filling up the DagBag from /home/ubuntu/airflow/dags/zillowanalytics.py
[2024-07-31T04:19:29.032+0000] {processor.py:840} INFO - DAG(s) 'zillow-analytics-dag' retrieved from /home/ubuntu/airflow/dags/zillowanalytics.py
[2024-07-31T04:19:29.142+0000] {logging_mixin.py:188} INFO - [2024-07-31T04:19:29.141+0000] {dag.py:3089} INFO - Sync 1 DAGs
[2024-07-31T04:19:29.160+0000] {logging_mixin.py:188} INFO - [2024-07-31T04:19:29.160+0000] {dag.py:3947} INFO - Setting next_dagrun for zillow-analytics-dag to 2024-07-31 00:00:00+00:00, run_after=2024-08-01 00:00:00+00:00
[2024-07-31T04:19:29.182+0000] {processor.py:183} INFO - Processing /home/ubuntu/airflow/dags/zillowanalytics.py took 0.171 seconds
[2024-07-31T04:19:59.323+0000] {processor.py:161} INFO - Started process (PID=2472) to work on /home/ubuntu/airflow/dags/zillowanalytics.py
[2024-07-31T04:19:59.324+0000] {processor.py:830} INFO - Processing file /home/ubuntu/airflow/dags/zillowanalytics.py for tasks to queue
[2024-07-31T04:19:59.326+0000] {logging_mixin.py:188} INFO - [2024-07-31T04:19:59.325+0000] {dagbag.py:545} INFO - Filling up the DagBag from /home/ubuntu/airflow/dags/zillowanalytics.py
[2024-07-31T04:19:59.339+0000] {processor.py:840} INFO - DAG(s) 'zillow-analytics-dag' retrieved from /home/ubuntu/airflow/dags/zillowanalytics.py
[2024-07-31T04:19:59.448+0000] {logging_mixin.py:188} INFO - [2024-07-31T04:19:59.447+0000] {dag.py:3089} INFO - Sync 1 DAGs
[2024-07-31T04:19:59.466+0000] {logging_mixin.py:188} INFO - [2024-07-31T04:19:59.466+0000] {dag.py:3947} INFO - Setting next_dagrun for zillow-analytics-dag to 2024-07-31 00:00:00+00:00, run_after=2024-08-01 00:00:00+00:00
[2024-07-31T04:19:59.488+0000] {processor.py:183} INFO - Processing /home/ubuntu/airflow/dags/zillowanalytics.py took 0.172 seconds
[2024-07-31T04:20:29.629+0000] {processor.py:161} INFO - Started process (PID=2510) to work on /home/ubuntu/airflow/dags/zillowanalytics.py
[2024-07-31T04:20:29.629+0000] {processor.py:830} INFO - Processing file /home/ubuntu/airflow/dags/zillowanalytics.py for tasks to queue
[2024-07-31T04:20:29.631+0000] {logging_mixin.py:188} INFO - [2024-07-31T04:20:29.631+0000] {dagbag.py:545} INFO - Filling up the DagBag from /home/ubuntu/airflow/dags/zillowanalytics.py
[2024-07-31T04:20:29.645+0000] {processor.py:840} INFO - DAG(s) 'zillow-analytics-dag' retrieved from /home/ubuntu/airflow/dags/zillowanalytics.py
[2024-07-31T04:20:29.755+0000] {logging_mixin.py:188} INFO - [2024-07-31T04:20:29.754+0000] {dag.py:3089} INFO - Sync 1 DAGs
[2024-07-31T04:20:29.774+0000] {logging_mixin.py:188} INFO - [2024-07-31T04:20:29.773+0000] {dag.py:3947} INFO - Setting next_dagrun for zillow-analytics-dag to 2024-07-31 00:00:00+00:00, run_after=2024-08-01 00:00:00+00:00
[2024-07-31T04:20:29.795+0000] {processor.py:183} INFO - Processing /home/ubuntu/airflow/dags/zillowanalytics.py took 0.172 seconds
[2024-07-31T04:20:59.937+0000] {processor.py:161} INFO - Started process (PID=2515) to work on /home/ubuntu/airflow/dags/zillowanalytics.py
[2024-07-31T04:20:59.938+0000] {processor.py:830} INFO - Processing file /home/ubuntu/airflow/dags/zillowanalytics.py for tasks to queue
[2024-07-31T04:20:59.940+0000] {logging_mixin.py:188} INFO - [2024-07-31T04:20:59.940+0000] {dagbag.py:545} INFO - Filling up the DagBag from /home/ubuntu/airflow/dags/zillowanalytics.py
[2024-07-31T04:20:59.954+0000] {processor.py:840} INFO - DAG(s) 'zillow-analytics-dag' retrieved from /home/ubuntu/airflow/dags/zillowanalytics.py
[2024-07-31T04:21:00.069+0000] {logging_mixin.py:188} INFO - [2024-07-31T04:21:00.068+0000] {dag.py:3089} INFO - Sync 1 DAGs
[2024-07-31T04:21:00.089+0000] {logging_mixin.py:188} INFO - [2024-07-31T04:21:00.088+0000] {dag.py:3947} INFO - Setting next_dagrun for zillow-analytics-dag to 2024-07-31 00:00:00+00:00, run_after=2024-08-01 00:00:00+00:00
[2024-07-31T04:21:00.112+0000] {processor.py:183} INFO - Processing /home/ubuntu/airflow/dags/zillowanalytics.py took 0.181 seconds
[2024-07-31T04:21:30.243+0000] {processor.py:161} INFO - Started process (PID=2516) to work on /home/ubuntu/airflow/dags/zillowanalytics.py
[2024-07-31T04:21:30.244+0000] {processor.py:830} INFO - Processing file /home/ubuntu/airflow/dags/zillowanalytics.py for tasks to queue
[2024-07-31T04:21:30.246+0000] {logging_mixin.py:188} INFO - [2024-07-31T04:21:30.246+0000] {dagbag.py:545} INFO - Filling up the DagBag from /home/ubuntu/airflow/dags/zillowanalytics.py
[2024-07-31T04:21:30.260+0000] {processor.py:840} INFO - DAG(s) 'zillow-analytics-dag' retrieved from /home/ubuntu/airflow/dags/zillowanalytics.py
[2024-07-31T04:21:30.375+0000] {logging_mixin.py:188} INFO - [2024-07-31T04:21:30.374+0000] {dag.py:3089} INFO - Sync 1 DAGs
[2024-07-31T04:21:30.395+0000] {logging_mixin.py:188} INFO - [2024-07-31T04:21:30.395+0000] {dag.py:3947} INFO - Setting next_dagrun for zillow-analytics-dag to 2024-07-31 00:00:00+00:00, run_after=2024-08-01 00:00:00+00:00
[2024-07-31T04:21:30.419+0000] {processor.py:183} INFO - Processing /home/ubuntu/airflow/dags/zillowanalytics.py took 0.182 seconds
[2024-07-31T04:22:00.550+0000] {processor.py:161} INFO - Started process (PID=2517) to work on /home/ubuntu/airflow/dags/zillowanalytics.py
[2024-07-31T04:22:00.551+0000] {processor.py:830} INFO - Processing file /home/ubuntu/airflow/dags/zillowanalytics.py for tasks to queue
[2024-07-31T04:22:00.553+0000] {logging_mixin.py:188} INFO - [2024-07-31T04:22:00.553+0000] {dagbag.py:545} INFO - Filling up the DagBag from /home/ubuntu/airflow/dags/zillowanalytics.py
[2024-07-31T04:22:00.566+0000] {processor.py:840} INFO - DAG(s) 'zillow-analytics-dag' retrieved from /home/ubuntu/airflow/dags/zillowanalytics.py
[2024-07-31T04:22:00.675+0000] {logging_mixin.py:188} INFO - [2024-07-31T04:22:00.675+0000] {dag.py:3089} INFO - Sync 1 DAGs
[2024-07-31T04:22:00.696+0000] {logging_mixin.py:188} INFO - [2024-07-31T04:22:00.695+0000] {dag.py:3947} INFO - Setting next_dagrun for zillow-analytics-dag to 2024-07-31 00:00:00+00:00, run_after=2024-08-01 00:00:00+00:00
[2024-07-31T04:22:00.717+0000] {processor.py:183} INFO - Processing /home/ubuntu/airflow/dags/zillowanalytics.py took 0.174 seconds
[2024-07-31T04:22:30.858+0000] {processor.py:161} INFO - Started process (PID=2554) to work on /home/ubuntu/airflow/dags/zillowanalytics.py
[2024-07-31T04:22:30.859+0000] {processor.py:830} INFO - Processing file /home/ubuntu/airflow/dags/zillowanalytics.py for tasks to queue
[2024-07-31T04:22:30.860+0000] {logging_mixin.py:188} INFO - [2024-07-31T04:22:30.860+0000] {dagbag.py:545} INFO - Filling up the DagBag from /home/ubuntu/airflow/dags/zillowanalytics.py
[2024-07-31T04:22:30.874+0000] {processor.py:840} INFO - DAG(s) 'zillow-analytics-dag' retrieved from /home/ubuntu/airflow/dags/zillowanalytics.py
[2024-07-31T04:22:30.984+0000] {logging_mixin.py:188} INFO - [2024-07-31T04:22:30.983+0000] {dag.py:3089} INFO - Sync 1 DAGs
[2024-07-31T04:22:31.005+0000] {logging_mixin.py:188} INFO - [2024-07-31T04:22:31.004+0000] {dag.py:3947} INFO - Setting next_dagrun for zillow-analytics-dag to 2024-07-31 00:00:00+00:00, run_after=2024-08-01 00:00:00+00:00
[2024-07-31T04:22:31.028+0000] {processor.py:183} INFO - Processing /home/ubuntu/airflow/dags/zillowanalytics.py took 0.176 seconds
[2024-07-31T04:23:01.169+0000] {processor.py:161} INFO - Started process (PID=2582) to work on /home/ubuntu/airflow/dags/zillowanalytics.py
[2024-07-31T04:23:01.170+0000] {processor.py:830} INFO - Processing file /home/ubuntu/airflow/dags/zillowanalytics.py for tasks to queue
[2024-07-31T04:23:01.172+0000] {logging_mixin.py:188} INFO - [2024-07-31T04:23:01.172+0000] {dagbag.py:545} INFO - Filling up the DagBag from /home/ubuntu/airflow/dags/zillowanalytics.py
[2024-07-31T04:23:01.185+0000] {processor.py:840} INFO - DAG(s) 'zillow-analytics-dag' retrieved from /home/ubuntu/airflow/dags/zillowanalytics.py
[2024-07-31T04:23:01.295+0000] {logging_mixin.py:188} INFO - [2024-07-31T04:23:01.294+0000] {dag.py:3089} INFO - Sync 1 DAGs
[2024-07-31T04:23:01.313+0000] {logging_mixin.py:188} INFO - [2024-07-31T04:23:01.313+0000] {dag.py:3947} INFO - Setting next_dagrun for zillow-analytics-dag to 2024-07-31 00:00:00+00:00, run_after=2024-08-01 00:00:00+00:00
[2024-07-31T04:23:01.336+0000] {processor.py:183} INFO - Processing /home/ubuntu/airflow/dags/zillowanalytics.py took 0.173 seconds
[2024-07-31T04:23:31.477+0000] {processor.py:161} INFO - Started process (PID=2599) to work on /home/ubuntu/airflow/dags/zillowanalytics.py
[2024-07-31T04:23:31.478+0000] {processor.py:830} INFO - Processing file /home/ubuntu/airflow/dags/zillowanalytics.py for tasks to queue
[2024-07-31T04:23:31.479+0000] {logging_mixin.py:188} INFO - [2024-07-31T04:23:31.479+0000] {dagbag.py:545} INFO - Filling up the DagBag from /home/ubuntu/airflow/dags/zillowanalytics.py
[2024-07-31T04:23:31.493+0000] {processor.py:840} INFO - DAG(s) 'zillow-analytics-dag' retrieved from /home/ubuntu/airflow/dags/zillowanalytics.py
[2024-07-31T04:23:31.603+0000] {logging_mixin.py:188} INFO - [2024-07-31T04:23:31.602+0000] {dag.py:3089} INFO - Sync 1 DAGs
[2024-07-31T04:23:31.621+0000] {logging_mixin.py:188} INFO - [2024-07-31T04:23:31.621+0000] {dag.py:3947} INFO - Setting next_dagrun for zillow-analytics-dag to 2024-07-31 00:00:00+00:00, run_after=2024-08-01 00:00:00+00:00
[2024-07-31T04:23:31.643+0000] {processor.py:183} INFO - Processing /home/ubuntu/airflow/dags/zillowanalytics.py took 0.172 seconds
[2024-07-31T04:24:01.786+0000] {processor.py:161} INFO - Started process (PID=2642) to work on /home/ubuntu/airflow/dags/zillowanalytics.py
[2024-07-31T04:24:01.788+0000] {processor.py:830} INFO - Processing file /home/ubuntu/airflow/dags/zillowanalytics.py for tasks to queue
[2024-07-31T04:24:01.790+0000] {logging_mixin.py:188} INFO - [2024-07-31T04:24:01.789+0000] {dagbag.py:545} INFO - Filling up the DagBag from /home/ubuntu/airflow/dags/zillowanalytics.py
[2024-07-31T04:24:01.803+0000] {processor.py:840} INFO - DAG(s) 'zillow-analytics-dag' retrieved from /home/ubuntu/airflow/dags/zillowanalytics.py
[2024-07-31T04:24:01.913+0000] {logging_mixin.py:188} INFO - [2024-07-31T04:24:01.913+0000] {dag.py:3089} INFO - Sync 1 DAGs
[2024-07-31T04:24:01.933+0000] {logging_mixin.py:188} INFO - [2024-07-31T04:24:01.932+0000] {dag.py:3947} INFO - Setting next_dagrun for zillow-analytics-dag to 2024-07-31 00:00:00+00:00, run_after=2024-08-01 00:00:00+00:00
[2024-07-31T04:24:01.955+0000] {processor.py:183} INFO - Processing /home/ubuntu/airflow/dags/zillowanalytics.py took 0.174 seconds
[2024-07-31T04:24:32.097+0000] {processor.py:161} INFO - Started process (PID=2672) to work on /home/ubuntu/airflow/dags/zillowanalytics.py
[2024-07-31T04:24:32.098+0000] {processor.py:830} INFO - Processing file /home/ubuntu/airflow/dags/zillowanalytics.py for tasks to queue
[2024-07-31T04:24:32.100+0000] {logging_mixin.py:188} INFO - [2024-07-31T04:24:32.099+0000] {dagbag.py:545} INFO - Filling up the DagBag from /home/ubuntu/airflow/dags/zillowanalytics.py
[2024-07-31T04:24:32.113+0000] {processor.py:840} INFO - DAG(s) 'zillow-analytics-dag' retrieved from /home/ubuntu/airflow/dags/zillowanalytics.py
[2024-07-31T04:24:32.222+0000] {logging_mixin.py:188} INFO - [2024-07-31T04:24:32.222+0000] {dag.py:3089} INFO - Sync 1 DAGs
[2024-07-31T04:24:32.241+0000] {logging_mixin.py:188} INFO - [2024-07-31T04:24:32.241+0000] {dag.py:3947} INFO - Setting next_dagrun for zillow-analytics-dag to 2024-07-31 00:00:00+00:00, run_after=2024-08-01 00:00:00+00:00
[2024-07-31T04:24:32.264+0000] {processor.py:183} INFO - Processing /home/ubuntu/airflow/dags/zillowanalytics.py took 0.173 seconds
[2024-07-31T04:25:02.407+0000] {processor.py:161} INFO - Started process (PID=2690) to work on /home/ubuntu/airflow/dags/zillowanalytics.py
[2024-07-31T04:25:02.409+0000] {processor.py:830} INFO - Processing file /home/ubuntu/airflow/dags/zillowanalytics.py for tasks to queue
[2024-07-31T04:25:02.410+0000] {logging_mixin.py:188} INFO - [2024-07-31T04:25:02.410+0000] {dagbag.py:545} INFO - Filling up the DagBag from /home/ubuntu/airflow/dags/zillowanalytics.py
[2024-07-31T04:25:02.424+0000] {processor.py:840} INFO - DAG(s) 'zillow-analytics-dag' retrieved from /home/ubuntu/airflow/dags/zillowanalytics.py
[2024-07-31T04:25:02.536+0000] {logging_mixin.py:188} INFO - [2024-07-31T04:25:02.535+0000] {dag.py:3089} INFO - Sync 1 DAGs
[2024-07-31T04:25:02.555+0000] {logging_mixin.py:188} INFO - [2024-07-31T04:25:02.555+0000] {dag.py:3947} INFO - Setting next_dagrun for zillow-analytics-dag to 2024-07-31 00:00:00+00:00, run_after=2024-08-01 00:00:00+00:00
[2024-07-31T04:25:02.579+0000] {processor.py:183} INFO - Processing /home/ubuntu/airflow/dags/zillowanalytics.py took 0.178 seconds
[2024-07-31T04:25:32.716+0000] {processor.py:161} INFO - Started process (PID=2736) to work on /home/ubuntu/airflow/dags/zillowanalytics.py
[2024-07-31T04:25:32.717+0000] {processor.py:830} INFO - Processing file /home/ubuntu/airflow/dags/zillowanalytics.py for tasks to queue
[2024-07-31T04:25:32.718+0000] {logging_mixin.py:188} INFO - [2024-07-31T04:25:32.718+0000] {dagbag.py:545} INFO - Filling up the DagBag from /home/ubuntu/airflow/dags/zillowanalytics.py
[2024-07-31T04:25:32.731+0000] {processor.py:840} INFO - DAG(s) 'zillow-analytics-dag' retrieved from /home/ubuntu/airflow/dags/zillowanalytics.py
[2024-07-31T04:25:32.841+0000] {logging_mixin.py:188} INFO - [2024-07-31T04:25:32.841+0000] {dag.py:3089} INFO - Sync 1 DAGs
[2024-07-31T04:25:32.860+0000] {logging_mixin.py:188} INFO - [2024-07-31T04:25:32.860+0000] {dag.py:3947} INFO - Setting next_dagrun for zillow-analytics-dag to 2024-07-31 00:00:00+00:00, run_after=2024-08-01 00:00:00+00:00
[2024-07-31T04:25:32.895+0000] {processor.py:183} INFO - Processing /home/ubuntu/airflow/dags/zillowanalytics.py took 0.185 seconds
[2024-07-31T04:26:03.026+0000] {processor.py:161} INFO - Started process (PID=2750) to work on /home/ubuntu/airflow/dags/zillowanalytics.py
[2024-07-31T04:26:03.028+0000] {processor.py:830} INFO - Processing file /home/ubuntu/airflow/dags/zillowanalytics.py for tasks to queue
[2024-07-31T04:26:03.029+0000] {logging_mixin.py:188} INFO - [2024-07-31T04:26:03.029+0000] {dagbag.py:545} INFO - Filling up the DagBag from /home/ubuntu/airflow/dags/zillowanalytics.py
[2024-07-31T04:26:03.043+0000] {processor.py:840} INFO - DAG(s) 'zillow-analytics-dag' retrieved from /home/ubuntu/airflow/dags/zillowanalytics.py
[2024-07-31T04:26:03.151+0000] {logging_mixin.py:188} INFO - [2024-07-31T04:26:03.151+0000] {dag.py:3089} INFO - Sync 1 DAGs
[2024-07-31T04:26:03.170+0000] {logging_mixin.py:188} INFO - [2024-07-31T04:26:03.170+0000] {dag.py:3947} INFO - Setting next_dagrun for zillow-analytics-dag to 2024-07-31 00:00:00+00:00, run_after=2024-08-01 00:00:00+00:00
[2024-07-31T04:26:03.198+0000] {processor.py:183} INFO - Processing /home/ubuntu/airflow/dags/zillowanalytics.py took 0.177 seconds
[2024-07-31T04:26:33.354+0000] {processor.py:161} INFO - Started process (PID=2878) to work on /home/ubuntu/airflow/dags/zillowanalytics.py
[2024-07-31T04:26:33.356+0000] {processor.py:830} INFO - Processing file /home/ubuntu/airflow/dags/zillowanalytics.py for tasks to queue
[2024-07-31T04:26:33.358+0000] {logging_mixin.py:188} INFO - [2024-07-31T04:26:33.358+0000] {dagbag.py:545} INFO - Filling up the DagBag from /home/ubuntu/airflow/dags/zillowanalytics.py
[2024-07-31T04:26:33.383+0000] {processor.py:840} INFO - DAG(s) 'zillow-analytics-dag' retrieved from /home/ubuntu/airflow/dags/zillowanalytics.py
[2024-07-31T04:26:33.500+0000] {logging_mixin.py:188} INFO - [2024-07-31T04:26:33.499+0000] {dag.py:3089} INFO - Sync 1 DAGs
[2024-07-31T04:26:33.521+0000] {logging_mixin.py:188} INFO - [2024-07-31T04:26:33.521+0000] {dag.py:3947} INFO - Setting next_dagrun for zillow-analytics-dag to 2024-07-31 00:00:00+00:00, run_after=2024-08-01 00:00:00+00:00
[2024-07-31T04:26:33.554+0000] {processor.py:183} INFO - Processing /home/ubuntu/airflow/dags/zillowanalytics.py took 0.210 seconds
[2024-07-31T04:27:03.762+0000] {processor.py:161} INFO - Started process (PID=2926) to work on /home/ubuntu/airflow/dags/zillowanalytics.py
[2024-07-31T04:27:03.763+0000] {processor.py:830} INFO - Processing file /home/ubuntu/airflow/dags/zillowanalytics.py for tasks to queue
[2024-07-31T04:27:03.765+0000] {logging_mixin.py:188} INFO - [2024-07-31T04:27:03.764+0000] {dagbag.py:545} INFO - Filling up the DagBag from /home/ubuntu/airflow/dags/zillowanalytics.py
[2024-07-31T04:27:03.778+0000] {processor.py:840} INFO - DAG(s) 'zillow-analytics-dag' retrieved from /home/ubuntu/airflow/dags/zillowanalytics.py
[2024-07-31T04:27:03.888+0000] {logging_mixin.py:188} INFO - [2024-07-31T04:27:03.888+0000] {dag.py:3089} INFO - Sync 1 DAGs
[2024-07-31T04:27:03.907+0000] {logging_mixin.py:188} INFO - [2024-07-31T04:27:03.907+0000] {dag.py:3947} INFO - Setting next_dagrun for zillow-analytics-dag to 2024-07-31 00:00:00+00:00, run_after=2024-08-01 00:00:00+00:00
[2024-07-31T04:27:03.933+0000] {processor.py:183} INFO - Processing /home/ubuntu/airflow/dags/zillowanalytics.py took 0.177 seconds
[2024-07-31T04:27:34.067+0000] {processor.py:161} INFO - Started process (PID=2927) to work on /home/ubuntu/airflow/dags/zillowanalytics.py
[2024-07-31T04:27:34.068+0000] {processor.py:830} INFO - Processing file /home/ubuntu/airflow/dags/zillowanalytics.py for tasks to queue
[2024-07-31T04:27:34.070+0000] {logging_mixin.py:188} INFO - [2024-07-31T04:27:34.069+0000] {dagbag.py:545} INFO - Filling up the DagBag from /home/ubuntu/airflow/dags/zillowanalytics.py
[2024-07-31T04:27:34.084+0000] {processor.py:840} INFO - DAG(s) 'zillow-analytics-dag' retrieved from /home/ubuntu/airflow/dags/zillowanalytics.py
[2024-07-31T04:27:34.196+0000] {logging_mixin.py:188} INFO - [2024-07-31T04:27:34.196+0000] {dag.py:3089} INFO - Sync 1 DAGs
[2024-07-31T04:27:34.216+0000] {logging_mixin.py:188} INFO - [2024-07-31T04:27:34.216+0000] {dag.py:3947} INFO - Setting next_dagrun for zillow-analytics-dag to 2024-07-31 00:00:00+00:00, run_after=2024-08-01 00:00:00+00:00
[2024-07-31T04:27:34.239+0000] {processor.py:183} INFO - Processing /home/ubuntu/airflow/dags/zillowanalytics.py took 0.179 seconds
[2024-07-31T04:28:04.374+0000] {processor.py:161} INFO - Started process (PID=2958) to work on /home/ubuntu/airflow/dags/zillowanalytics.py
[2024-07-31T04:28:04.375+0000] {processor.py:830} INFO - Processing file /home/ubuntu/airflow/dags/zillowanalytics.py for tasks to queue
[2024-07-31T04:28:04.377+0000] {logging_mixin.py:188} INFO - [2024-07-31T04:28:04.376+0000] {dagbag.py:545} INFO - Filling up the DagBag from /home/ubuntu/airflow/dags/zillowanalytics.py
[2024-07-31T04:28:04.390+0000] {processor.py:840} INFO - DAG(s) 'zillow-analytics-dag' retrieved from /home/ubuntu/airflow/dags/zillowanalytics.py
[2024-07-31T04:28:04.500+0000] {logging_mixin.py:188} INFO - [2024-07-31T04:28:04.499+0000] {dag.py:3089} INFO - Sync 1 DAGs
[2024-07-31T04:28:04.518+0000] {logging_mixin.py:188} INFO - [2024-07-31T04:28:04.518+0000] {dag.py:3947} INFO - Setting next_dagrun for zillow-analytics-dag to 2024-07-31 00:00:00+00:00, run_after=2024-08-01 00:00:00+00:00
[2024-07-31T04:28:04.542+0000] {processor.py:183} INFO - Processing /home/ubuntu/airflow/dags/zillowanalytics.py took 0.173 seconds
[2024-07-31T04:28:34.683+0000] {processor.py:161} INFO - Started process (PID=3110) to work on /home/ubuntu/airflow/dags/zillowanalytics.py
[2024-07-31T04:28:34.685+0000] {processor.py:830} INFO - Processing file /home/ubuntu/airflow/dags/zillowanalytics.py for tasks to queue
[2024-07-31T04:28:34.686+0000] {logging_mixin.py:188} INFO - [2024-07-31T04:28:34.686+0000] {dagbag.py:545} INFO - Filling up the DagBag from /home/ubuntu/airflow/dags/zillowanalytics.py
[2024-07-31T04:28:34.700+0000] {processor.py:840} INFO - DAG(s) 'zillow-analytics-dag' retrieved from /home/ubuntu/airflow/dags/zillowanalytics.py
[2024-07-31T04:28:34.808+0000] {logging_mixin.py:188} INFO - [2024-07-31T04:28:34.808+0000] {dag.py:3089} INFO - Sync 1 DAGs
[2024-07-31T04:28:34.826+0000] {logging_mixin.py:188} INFO - [2024-07-31T04:28:34.826+0000] {dag.py:3947} INFO - Setting next_dagrun for zillow-analytics-dag to 2024-07-31 00:00:00+00:00, run_after=2024-08-01 00:00:00+00:00
[2024-07-31T04:28:34.849+0000] {processor.py:183} INFO - Processing /home/ubuntu/airflow/dags/zillowanalytics.py took 0.171 seconds
