[2024-07-30T11:55:35.293+0000] {processor.py:161} INFO - Started process (PID=4754) to work on /home/ubuntu/zillowdata_de_youtube_venv/lib/python3.12/site-packages/airflow/example_dags/example_branch_operator.py
[2024-07-30T11:55:35.294+0000] {processor.py:830} INFO - Processing file /home/ubuntu/zillowdata_de_youtube_venv/lib/python3.12/site-packages/airflow/example_dags/example_branch_operator.py for tasks to queue
[2024-07-30T11:55:35.296+0000] {logging_mixin.py:188} INFO - [2024-07-30T11:55:35.295+0000] {dagbag.py:545} INFO - Filling up the DagBag from /home/ubuntu/zillowdata_de_youtube_venv/lib/python3.12/site-packages/airflow/example_dags/example_branch_operator.py
[2024-07-30T11:55:35.298+0000] {processor.py:842} WARNING - No viable dags retrieved from /home/ubuntu/zillowdata_de_youtube_venv/lib/python3.12/site-packages/airflow/example_dags/example_branch_operator.py
[2024-07-30T11:55:35.309+0000] {processor.py:183} INFO - Processing /home/ubuntu/zillowdata_de_youtube_venv/lib/python3.12/site-packages/airflow/example_dags/example_branch_operator.py took 0.022 seconds
[2024-07-30T11:56:25.527+0000] {processor.py:161} INFO - Started process (PID=4805) to work on /home/ubuntu/zillowdata_de_youtube_venv/lib/python3.12/site-packages/airflow/example_dags/example_branch_operator.py
[2024-07-30T11:56:25.528+0000] {processor.py:830} INFO - Processing file /home/ubuntu/zillowdata_de_youtube_venv/lib/python3.12/site-packages/airflow/example_dags/example_branch_operator.py for tasks to queue
[2024-07-30T11:56:25.530+0000] {logging_mixin.py:188} INFO - [2024-07-30T11:56:25.529+0000] {dagbag.py:545} INFO - Filling up the DagBag from /home/ubuntu/zillowdata_de_youtube_venv/lib/python3.12/site-packages/airflow/example_dags/example_branch_operator.py
[2024-07-30T11:56:25.533+0000] {processor.py:842} WARNING - No viable dags retrieved from /home/ubuntu/zillowdata_de_youtube_venv/lib/python3.12/site-packages/airflow/example_dags/example_branch_operator.py
[2024-07-30T11:56:25.543+0000] {processor.py:183} INFO - Processing /home/ubuntu/zillowdata_de_youtube_venv/lib/python3.12/site-packages/airflow/example_dags/example_branch_operator.py took 0.022 seconds
[2024-07-30T11:57:20.339+0000] {processor.py:161} INFO - Started process (PID=4864) to work on /home/ubuntu/zillowdata_de_youtube_venv/lib/python3.12/site-packages/airflow/example_dags/example_branch_operator.py
[2024-07-30T11:57:20.340+0000] {processor.py:830} INFO - Processing file /home/ubuntu/zillowdata_de_youtube_venv/lib/python3.12/site-packages/airflow/example_dags/example_branch_operator.py for tasks to queue
[2024-07-30T11:57:20.342+0000] {logging_mixin.py:188} INFO - [2024-07-30T11:57:20.342+0000] {dagbag.py:545} INFO - Filling up the DagBag from /home/ubuntu/zillowdata_de_youtube_venv/lib/python3.12/site-packages/airflow/example_dags/example_branch_operator.py
[2024-07-30T11:57:20.345+0000] {processor.py:842} WARNING - No viable dags retrieved from /home/ubuntu/zillowdata_de_youtube_venv/lib/python3.12/site-packages/airflow/example_dags/example_branch_operator.py
[2024-07-30T11:57:20.355+0000] {processor.py:183} INFO - Processing /home/ubuntu/zillowdata_de_youtube_venv/lib/python3.12/site-packages/airflow/example_dags/example_branch_operator.py took 0.022 seconds
[2024-07-30T11:58:20.237+0000] {processor.py:161} INFO - Started process (PID=4925) to work on /home/ubuntu/zillowdata_de_youtube_venv/lib/python3.12/site-packages/airflow/example_dags/example_branch_operator.py
[2024-07-30T11:58:20.238+0000] {processor.py:830} INFO - Processing file /home/ubuntu/zillowdata_de_youtube_venv/lib/python3.12/site-packages/airflow/example_dags/example_branch_operator.py for tasks to queue
[2024-07-30T11:58:20.240+0000] {logging_mixin.py:188} INFO - [2024-07-30T11:58:20.239+0000] {dagbag.py:545} INFO - Filling up the DagBag from /home/ubuntu/zillowdata_de_youtube_venv/lib/python3.12/site-packages/airflow/example_dags/example_branch_operator.py
[2024-07-30T11:58:20.242+0000] {processor.py:842} WARNING - No viable dags retrieved from /home/ubuntu/zillowdata_de_youtube_venv/lib/python3.12/site-packages/airflow/example_dags/example_branch_operator.py
[2024-07-30T11:58:20.253+0000] {processor.py:183} INFO - Processing /home/ubuntu/zillowdata_de_youtube_venv/lib/python3.12/site-packages/airflow/example_dags/example_branch_operator.py took 0.022 seconds
[2024-07-30T11:59:18.161+0000] {processor.py:161} INFO - Started process (PID=4986) to work on /home/ubuntu/zillowdata_de_youtube_venv/lib/python3.12/site-packages/airflow/example_dags/example_branch_operator.py
[2024-07-30T11:59:18.163+0000] {processor.py:830} INFO - Processing file /home/ubuntu/zillowdata_de_youtube_venv/lib/python3.12/site-packages/airflow/example_dags/example_branch_operator.py for tasks to queue
[2024-07-30T11:59:18.164+0000] {logging_mixin.py:188} INFO - [2024-07-30T11:59:18.164+0000] {dagbag.py:545} INFO - Filling up the DagBag from /home/ubuntu/zillowdata_de_youtube_venv/lib/python3.12/site-packages/airflow/example_dags/example_branch_operator.py
[2024-07-30T11:59:18.167+0000] {processor.py:842} WARNING - No viable dags retrieved from /home/ubuntu/zillowdata_de_youtube_venv/lib/python3.12/site-packages/airflow/example_dags/example_branch_operator.py
[2024-07-30T11:59:18.178+0000] {processor.py:183} INFO - Processing /home/ubuntu/zillowdata_de_youtube_venv/lib/python3.12/site-packages/airflow/example_dags/example_branch_operator.py took 0.024 seconds
[2024-07-30T12:00:18.885+0000] {processor.py:161} INFO - Started process (PID=5054) to work on /home/ubuntu/zillowdata_de_youtube_venv/lib/python3.12/site-packages/airflow/example_dags/example_branch_operator.py
[2024-07-30T12:00:18.886+0000] {processor.py:830} INFO - Processing file /home/ubuntu/zillowdata_de_youtube_venv/lib/python3.12/site-packages/airflow/example_dags/example_branch_operator.py for tasks to queue
[2024-07-30T12:00:18.888+0000] {logging_mixin.py:188} INFO - [2024-07-30T12:00:18.887+0000] {dagbag.py:545} INFO - Filling up the DagBag from /home/ubuntu/zillowdata_de_youtube_venv/lib/python3.12/site-packages/airflow/example_dags/example_branch_operator.py
[2024-07-30T12:00:18.891+0000] {processor.py:842} WARNING - No viable dags retrieved from /home/ubuntu/zillowdata_de_youtube_venv/lib/python3.12/site-packages/airflow/example_dags/example_branch_operator.py
[2024-07-30T12:00:18.901+0000] {processor.py:183} INFO - Processing /home/ubuntu/zillowdata_de_youtube_venv/lib/python3.12/site-packages/airflow/example_dags/example_branch_operator.py took 0.023 seconds
[2024-07-30T12:01:22.845+0000] {processor.py:161} INFO - Started process (PID=5119) to work on /home/ubuntu/zillowdata_de_youtube_venv/lib/python3.12/site-packages/airflow/example_dags/example_branch_operator.py
[2024-07-30T12:01:22.847+0000] {processor.py:830} INFO - Processing file /home/ubuntu/zillowdata_de_youtube_venv/lib/python3.12/site-packages/airflow/example_dags/example_branch_operator.py for tasks to queue
[2024-07-30T12:01:22.849+0000] {logging_mixin.py:188} INFO - [2024-07-30T12:01:22.848+0000] {dagbag.py:545} INFO - Filling up the DagBag from /home/ubuntu/zillowdata_de_youtube_venv/lib/python3.12/site-packages/airflow/example_dags/example_branch_operator.py
[2024-07-30T12:01:22.851+0000] {processor.py:842} WARNING - No viable dags retrieved from /home/ubuntu/zillowdata_de_youtube_venv/lib/python3.12/site-packages/airflow/example_dags/example_branch_operator.py
[2024-07-30T12:01:22.862+0000] {processor.py:183} INFO - Processing /home/ubuntu/zillowdata_de_youtube_venv/lib/python3.12/site-packages/airflow/example_dags/example_branch_operator.py took 0.023 seconds
[2024-07-30T12:02:22.259+0000] {processor.py:161} INFO - Started process (PID=5180) to work on /home/ubuntu/zillowdata_de_youtube_venv/lib/python3.12/site-packages/airflow/example_dags/example_branch_operator.py
[2024-07-30T12:02:22.261+0000] {processor.py:830} INFO - Processing file /home/ubuntu/zillowdata_de_youtube_venv/lib/python3.12/site-packages/airflow/example_dags/example_branch_operator.py for tasks to queue
[2024-07-30T12:02:22.263+0000] {logging_mixin.py:188} INFO - [2024-07-30T12:02:22.262+0000] {dagbag.py:545} INFO - Filling up the DagBag from /home/ubuntu/zillowdata_de_youtube_venv/lib/python3.12/site-packages/airflow/example_dags/example_branch_operator.py
[2024-07-30T12:02:22.265+0000] {processor.py:842} WARNING - No viable dags retrieved from /home/ubuntu/zillowdata_de_youtube_venv/lib/python3.12/site-packages/airflow/example_dags/example_branch_operator.py
[2024-07-30T12:02:22.276+0000] {processor.py:183} INFO - Processing /home/ubuntu/zillowdata_de_youtube_venv/lib/python3.12/site-packages/airflow/example_dags/example_branch_operator.py took 0.022 seconds
[2024-07-30T12:03:25.108+0000] {processor.py:161} INFO - Started process (PID=5259) to work on /home/ubuntu/zillowdata_de_youtube_venv/lib/python3.12/site-packages/airflow/example_dags/example_branch_operator.py
[2024-07-30T12:03:25.110+0000] {processor.py:830} INFO - Processing file /home/ubuntu/zillowdata_de_youtube_venv/lib/python3.12/site-packages/airflow/example_dags/example_branch_operator.py for tasks to queue
[2024-07-30T12:03:25.112+0000] {logging_mixin.py:188} INFO - [2024-07-30T12:03:25.111+0000] {dagbag.py:545} INFO - Filling up the DagBag from /home/ubuntu/zillowdata_de_youtube_venv/lib/python3.12/site-packages/airflow/example_dags/example_branch_operator.py
[2024-07-30T12:03:25.114+0000] {processor.py:842} WARNING - No viable dags retrieved from /home/ubuntu/zillowdata_de_youtube_venv/lib/python3.12/site-packages/airflow/example_dags/example_branch_operator.py
[2024-07-30T12:03:25.125+0000] {processor.py:183} INFO - Processing /home/ubuntu/zillowdata_de_youtube_venv/lib/python3.12/site-packages/airflow/example_dags/example_branch_operator.py took 0.023 seconds
[2024-07-30T12:04:28.013+0000] {processor.py:161} INFO - Started process (PID=5324) to work on /home/ubuntu/zillowdata_de_youtube_venv/lib/python3.12/site-packages/airflow/example_dags/example_branch_operator.py
[2024-07-30T12:04:28.014+0000] {processor.py:830} INFO - Processing file /home/ubuntu/zillowdata_de_youtube_venv/lib/python3.12/site-packages/airflow/example_dags/example_branch_operator.py for tasks to queue
[2024-07-30T12:04:28.016+0000] {logging_mixin.py:188} INFO - [2024-07-30T12:04:28.016+0000] {dagbag.py:545} INFO - Filling up the DagBag from /home/ubuntu/zillowdata_de_youtube_venv/lib/python3.12/site-packages/airflow/example_dags/example_branch_operator.py
[2024-07-30T12:04:28.019+0000] {processor.py:842} WARNING - No viable dags retrieved from /home/ubuntu/zillowdata_de_youtube_venv/lib/python3.12/site-packages/airflow/example_dags/example_branch_operator.py
[2024-07-30T12:04:28.030+0000] {processor.py:183} INFO - Processing /home/ubuntu/zillowdata_de_youtube_venv/lib/python3.12/site-packages/airflow/example_dags/example_branch_operator.py took 0.023 seconds
[2024-07-30T12:05:28.498+0000] {processor.py:161} INFO - Started process (PID=5393) to work on /home/ubuntu/zillowdata_de_youtube_venv/lib/python3.12/site-packages/airflow/example_dags/example_branch_operator.py
[2024-07-30T12:05:28.500+0000] {processor.py:830} INFO - Processing file /home/ubuntu/zillowdata_de_youtube_venv/lib/python3.12/site-packages/airflow/example_dags/example_branch_operator.py for tasks to queue
[2024-07-30T12:05:28.501+0000] {logging_mixin.py:188} INFO - [2024-07-30T12:05:28.501+0000] {dagbag.py:545} INFO - Filling up the DagBag from /home/ubuntu/zillowdata_de_youtube_venv/lib/python3.12/site-packages/airflow/example_dags/example_branch_operator.py
[2024-07-30T12:05:28.504+0000] {processor.py:842} WARNING - No viable dags retrieved from /home/ubuntu/zillowdata_de_youtube_venv/lib/python3.12/site-packages/airflow/example_dags/example_branch_operator.py
[2024-07-30T12:05:28.515+0000] {processor.py:183} INFO - Processing /home/ubuntu/zillowdata_de_youtube_venv/lib/python3.12/site-packages/airflow/example_dags/example_branch_operator.py took 0.023 seconds
[2024-07-30T12:06:27.841+0000] {processor.py:161} INFO - Started process (PID=5454) to work on /home/ubuntu/zillowdata_de_youtube_venv/lib/python3.12/site-packages/airflow/example_dags/example_branch_operator.py
[2024-07-30T12:06:27.843+0000] {processor.py:830} INFO - Processing file /home/ubuntu/zillowdata_de_youtube_venv/lib/python3.12/site-packages/airflow/example_dags/example_branch_operator.py for tasks to queue
[2024-07-30T12:06:27.845+0000] {logging_mixin.py:188} INFO - [2024-07-30T12:06:27.844+0000] {dagbag.py:545} INFO - Filling up the DagBag from /home/ubuntu/zillowdata_de_youtube_venv/lib/python3.12/site-packages/airflow/example_dags/example_branch_operator.py
[2024-07-30T12:06:27.847+0000] {processor.py:842} WARNING - No viable dags retrieved from /home/ubuntu/zillowdata_de_youtube_venv/lib/python3.12/site-packages/airflow/example_dags/example_branch_operator.py
[2024-07-30T12:06:27.858+0000] {processor.py:183} INFO - Processing /home/ubuntu/zillowdata_de_youtube_venv/lib/python3.12/site-packages/airflow/example_dags/example_branch_operator.py took 0.023 seconds
[2024-07-30T12:07:29.635+0000] {processor.py:161} INFO - Started process (PID=5519) to work on /home/ubuntu/zillowdata_de_youtube_venv/lib/python3.12/site-packages/airflow/example_dags/example_branch_operator.py
[2024-07-30T12:07:29.636+0000] {processor.py:830} INFO - Processing file /home/ubuntu/zillowdata_de_youtube_venv/lib/python3.12/site-packages/airflow/example_dags/example_branch_operator.py for tasks to queue
[2024-07-30T12:07:29.638+0000] {logging_mixin.py:188} INFO - [2024-07-30T12:07:29.637+0000] {dagbag.py:545} INFO - Filling up the DagBag from /home/ubuntu/zillowdata_de_youtube_venv/lib/python3.12/site-packages/airflow/example_dags/example_branch_operator.py
[2024-07-30T12:07:29.641+0000] {processor.py:842} WARNING - No viable dags retrieved from /home/ubuntu/zillowdata_de_youtube_venv/lib/python3.12/site-packages/airflow/example_dags/example_branch_operator.py
[2024-07-30T12:07:29.652+0000] {processor.py:183} INFO - Processing /home/ubuntu/zillowdata_de_youtube_venv/lib/python3.12/site-packages/airflow/example_dags/example_branch_operator.py took 0.023 seconds
[2024-07-30T12:08:29.670+0000] {processor.py:161} INFO - Started process (PID=5584) to work on /home/ubuntu/zillowdata_de_youtube_venv/lib/python3.12/site-packages/airflow/example_dags/example_branch_operator.py
[2024-07-30T12:08:29.671+0000] {processor.py:830} INFO - Processing file /home/ubuntu/zillowdata_de_youtube_venv/lib/python3.12/site-packages/airflow/example_dags/example_branch_operator.py for tasks to queue
[2024-07-30T12:08:29.673+0000] {logging_mixin.py:188} INFO - [2024-07-30T12:08:29.673+0000] {dagbag.py:545} INFO - Filling up the DagBag from /home/ubuntu/zillowdata_de_youtube_venv/lib/python3.12/site-packages/airflow/example_dags/example_branch_operator.py
[2024-07-30T12:08:29.676+0000] {processor.py:842} WARNING - No viable dags retrieved from /home/ubuntu/zillowdata_de_youtube_venv/lib/python3.12/site-packages/airflow/example_dags/example_branch_operator.py
[2024-07-30T12:08:29.687+0000] {processor.py:183} INFO - Processing /home/ubuntu/zillowdata_de_youtube_venv/lib/python3.12/site-packages/airflow/example_dags/example_branch_operator.py took 0.023 seconds
[2024-07-30T12:09:30.238+0000] {processor.py:161} INFO - Started process (PID=5646) to work on /home/ubuntu/zillowdata_de_youtube_venv/lib/python3.12/site-packages/airflow/example_dags/example_branch_operator.py
[2024-07-30T12:09:30.239+0000] {processor.py:830} INFO - Processing file /home/ubuntu/zillowdata_de_youtube_venv/lib/python3.12/site-packages/airflow/example_dags/example_branch_operator.py for tasks to queue
[2024-07-30T12:09:30.241+0000] {logging_mixin.py:188} INFO - [2024-07-30T12:09:30.240+0000] {dagbag.py:545} INFO - Filling up the DagBag from /home/ubuntu/zillowdata_de_youtube_venv/lib/python3.12/site-packages/airflow/example_dags/example_branch_operator.py
[2024-07-30T12:09:30.243+0000] {processor.py:842} WARNING - No viable dags retrieved from /home/ubuntu/zillowdata_de_youtube_venv/lib/python3.12/site-packages/airflow/example_dags/example_branch_operator.py
[2024-07-30T12:09:30.254+0000] {processor.py:183} INFO - Processing /home/ubuntu/zillowdata_de_youtube_venv/lib/python3.12/site-packages/airflow/example_dags/example_branch_operator.py took 0.022 seconds
[2024-07-30T12:10:30.794+0000] {processor.py:161} INFO - Started process (PID=5716) to work on /home/ubuntu/zillowdata_de_youtube_venv/lib/python3.12/site-packages/airflow/example_dags/example_branch_operator.py
[2024-07-30T12:10:30.795+0000] {processor.py:830} INFO - Processing file /home/ubuntu/zillowdata_de_youtube_venv/lib/python3.12/site-packages/airflow/example_dags/example_branch_operator.py for tasks to queue
[2024-07-30T12:10:30.797+0000] {logging_mixin.py:188} INFO - [2024-07-30T12:10:30.797+0000] {dagbag.py:545} INFO - Filling up the DagBag from /home/ubuntu/zillowdata_de_youtube_venv/lib/python3.12/site-packages/airflow/example_dags/example_branch_operator.py
[2024-07-30T12:10:30.800+0000] {processor.py:842} WARNING - No viable dags retrieved from /home/ubuntu/zillowdata_de_youtube_venv/lib/python3.12/site-packages/airflow/example_dags/example_branch_operator.py
[2024-07-30T12:10:30.811+0000] {processor.py:183} INFO - Processing /home/ubuntu/zillowdata_de_youtube_venv/lib/python3.12/site-packages/airflow/example_dags/example_branch_operator.py took 0.023 seconds
[2024-07-30T12:11:30.923+0000] {processor.py:161} INFO - Started process (PID=5777) to work on /home/ubuntu/zillowdata_de_youtube_venv/lib/python3.12/site-packages/airflow/example_dags/example_branch_operator.py
[2024-07-30T12:11:30.925+0000] {processor.py:830} INFO - Processing file /home/ubuntu/zillowdata_de_youtube_venv/lib/python3.12/site-packages/airflow/example_dags/example_branch_operator.py for tasks to queue
[2024-07-30T12:11:30.926+0000] {logging_mixin.py:188} INFO - [2024-07-30T12:11:30.926+0000] {dagbag.py:545} INFO - Filling up the DagBag from /home/ubuntu/zillowdata_de_youtube_venv/lib/python3.12/site-packages/airflow/example_dags/example_branch_operator.py
[2024-07-30T12:11:30.929+0000] {processor.py:842} WARNING - No viable dags retrieved from /home/ubuntu/zillowdata_de_youtube_venv/lib/python3.12/site-packages/airflow/example_dags/example_branch_operator.py
[2024-07-30T12:11:30.940+0000] {processor.py:183} INFO - Processing /home/ubuntu/zillowdata_de_youtube_venv/lib/python3.12/site-packages/airflow/example_dags/example_branch_operator.py took 0.023 seconds
[2024-07-30T12:12:30.575+0000] {processor.py:161} INFO - Started process (PID=5840) to work on /home/ubuntu/zillowdata_de_youtube_venv/lib/python3.12/site-packages/airflow/example_dags/example_branch_operator.py
[2024-07-30T12:12:30.577+0000] {processor.py:830} INFO - Processing file /home/ubuntu/zillowdata_de_youtube_venv/lib/python3.12/site-packages/airflow/example_dags/example_branch_operator.py for tasks to queue
[2024-07-30T12:12:30.578+0000] {logging_mixin.py:188} INFO - [2024-07-30T12:12:30.578+0000] {dagbag.py:545} INFO - Filling up the DagBag from /home/ubuntu/zillowdata_de_youtube_venv/lib/python3.12/site-packages/airflow/example_dags/example_branch_operator.py
[2024-07-30T12:12:30.581+0000] {processor.py:842} WARNING - No viable dags retrieved from /home/ubuntu/zillowdata_de_youtube_venv/lib/python3.12/site-packages/airflow/example_dags/example_branch_operator.py
[2024-07-30T12:12:30.592+0000] {processor.py:183} INFO - Processing /home/ubuntu/zillowdata_de_youtube_venv/lib/python3.12/site-packages/airflow/example_dags/example_branch_operator.py took 0.023 seconds
[2024-07-30T12:13:32.528+0000] {processor.py:161} INFO - Started process (PID=5903) to work on /home/ubuntu/zillowdata_de_youtube_venv/lib/python3.12/site-packages/airflow/example_dags/example_branch_operator.py
[2024-07-30T12:13:32.530+0000] {processor.py:830} INFO - Processing file /home/ubuntu/zillowdata_de_youtube_venv/lib/python3.12/site-packages/airflow/example_dags/example_branch_operator.py for tasks to queue
[2024-07-30T12:13:32.532+0000] {logging_mixin.py:188} INFO - [2024-07-30T12:13:32.531+0000] {dagbag.py:545} INFO - Filling up the DagBag from /home/ubuntu/zillowdata_de_youtube_venv/lib/python3.12/site-packages/airflow/example_dags/example_branch_operator.py
[2024-07-30T12:13:32.534+0000] {processor.py:842} WARNING - No viable dags retrieved from /home/ubuntu/zillowdata_de_youtube_venv/lib/python3.12/site-packages/airflow/example_dags/example_branch_operator.py
[2024-07-30T12:13:32.545+0000] {processor.py:183} INFO - Processing /home/ubuntu/zillowdata_de_youtube_venv/lib/python3.12/site-packages/airflow/example_dags/example_branch_operator.py took 0.023 seconds
[2024-07-30T12:14:35.516+0000] {processor.py:161} INFO - Started process (PID=5966) to work on /home/ubuntu/zillowdata_de_youtube_venv/lib/python3.12/site-packages/airflow/example_dags/example_branch_operator.py
[2024-07-30T12:14:35.517+0000] {processor.py:830} INFO - Processing file /home/ubuntu/zillowdata_de_youtube_venv/lib/python3.12/site-packages/airflow/example_dags/example_branch_operator.py for tasks to queue
[2024-07-30T12:14:35.519+0000] {logging_mixin.py:188} INFO - [2024-07-30T12:14:35.518+0000] {dagbag.py:545} INFO - Filling up the DagBag from /home/ubuntu/zillowdata_de_youtube_venv/lib/python3.12/site-packages/airflow/example_dags/example_branch_operator.py
[2024-07-30T12:14:35.522+0000] {processor.py:842} WARNING - No viable dags retrieved from /home/ubuntu/zillowdata_de_youtube_venv/lib/python3.12/site-packages/airflow/example_dags/example_branch_operator.py
[2024-07-30T12:14:35.532+0000] {processor.py:183} INFO - Processing /home/ubuntu/zillowdata_de_youtube_venv/lib/python3.12/site-packages/airflow/example_dags/example_branch_operator.py took 0.022 seconds
[2024-07-30T12:15:34.859+0000] {processor.py:161} INFO - Started process (PID=6034) to work on /home/ubuntu/zillowdata_de_youtube_venv/lib/python3.12/site-packages/airflow/example_dags/example_branch_operator.py
[2024-07-30T12:15:34.860+0000] {processor.py:830} INFO - Processing file /home/ubuntu/zillowdata_de_youtube_venv/lib/python3.12/site-packages/airflow/example_dags/example_branch_operator.py for tasks to queue
[2024-07-30T12:15:34.862+0000] {logging_mixin.py:188} INFO - [2024-07-30T12:15:34.862+0000] {dagbag.py:545} INFO - Filling up the DagBag from /home/ubuntu/zillowdata_de_youtube_venv/lib/python3.12/site-packages/airflow/example_dags/example_branch_operator.py
[2024-07-30T12:15:34.865+0000] {processor.py:842} WARNING - No viable dags retrieved from /home/ubuntu/zillowdata_de_youtube_venv/lib/python3.12/site-packages/airflow/example_dags/example_branch_operator.py
[2024-07-30T12:15:34.876+0000] {processor.py:183} INFO - Processing /home/ubuntu/zillowdata_de_youtube_venv/lib/python3.12/site-packages/airflow/example_dags/example_branch_operator.py took 0.023 seconds
[2024-07-30T12:16:37.151+0000] {processor.py:161} INFO - Started process (PID=6096) to work on /home/ubuntu/zillowdata_de_youtube_venv/lib/python3.12/site-packages/airflow/example_dags/example_branch_operator.py
[2024-07-30T12:16:37.153+0000] {processor.py:830} INFO - Processing file /home/ubuntu/zillowdata_de_youtube_venv/lib/python3.12/site-packages/airflow/example_dags/example_branch_operator.py for tasks to queue
[2024-07-30T12:16:37.155+0000] {logging_mixin.py:188} INFO - [2024-07-30T12:16:37.154+0000] {dagbag.py:545} INFO - Filling up the DagBag from /home/ubuntu/zillowdata_de_youtube_venv/lib/python3.12/site-packages/airflow/example_dags/example_branch_operator.py
[2024-07-30T12:16:37.157+0000] {processor.py:842} WARNING - No viable dags retrieved from /home/ubuntu/zillowdata_de_youtube_venv/lib/python3.12/site-packages/airflow/example_dags/example_branch_operator.py
[2024-07-30T12:16:37.168+0000] {processor.py:183} INFO - Processing /home/ubuntu/zillowdata_de_youtube_venv/lib/python3.12/site-packages/airflow/example_dags/example_branch_operator.py took 0.023 seconds
[2024-07-30T12:17:37.576+0000] {processor.py:161} INFO - Started process (PID=6161) to work on /home/ubuntu/zillowdata_de_youtube_venv/lib/python3.12/site-packages/airflow/example_dags/example_branch_operator.py
[2024-07-30T12:17:37.577+0000] {processor.py:830} INFO - Processing file /home/ubuntu/zillowdata_de_youtube_venv/lib/python3.12/site-packages/airflow/example_dags/example_branch_operator.py for tasks to queue
[2024-07-30T12:17:37.579+0000] {logging_mixin.py:188} INFO - [2024-07-30T12:17:37.578+0000] {dagbag.py:545} INFO - Filling up the DagBag from /home/ubuntu/zillowdata_de_youtube_venv/lib/python3.12/site-packages/airflow/example_dags/example_branch_operator.py
[2024-07-30T12:17:37.581+0000] {processor.py:842} WARNING - No viable dags retrieved from /home/ubuntu/zillowdata_de_youtube_venv/lib/python3.12/site-packages/airflow/example_dags/example_branch_operator.py
[2024-07-30T12:17:37.593+0000] {processor.py:183} INFO - Processing /home/ubuntu/zillowdata_de_youtube_venv/lib/python3.12/site-packages/airflow/example_dags/example_branch_operator.py took 0.023 seconds
[2024-07-30T12:18:42.874+0000] {processor.py:161} INFO - Started process (PID=6233) to work on /home/ubuntu/zillowdata_de_youtube_venv/lib/python3.12/site-packages/airflow/example_dags/example_branch_operator.py
[2024-07-30T12:18:42.876+0000] {processor.py:830} INFO - Processing file /home/ubuntu/zillowdata_de_youtube_venv/lib/python3.12/site-packages/airflow/example_dags/example_branch_operator.py for tasks to queue
[2024-07-30T12:18:42.878+0000] {logging_mixin.py:188} INFO - [2024-07-30T12:18:42.877+0000] {dagbag.py:545} INFO - Filling up the DagBag from /home/ubuntu/zillowdata_de_youtube_venv/lib/python3.12/site-packages/airflow/example_dags/example_branch_operator.py
[2024-07-30T12:18:42.880+0000] {processor.py:842} WARNING - No viable dags retrieved from /home/ubuntu/zillowdata_de_youtube_venv/lib/python3.12/site-packages/airflow/example_dags/example_branch_operator.py
[2024-07-30T12:18:42.891+0000] {processor.py:183} INFO - Processing /home/ubuntu/zillowdata_de_youtube_venv/lib/python3.12/site-packages/airflow/example_dags/example_branch_operator.py took 0.023 seconds
[2024-07-30T12:19:52.030+0000] {processor.py:161} INFO - Started process (PID=6307) to work on /home/ubuntu/zillowdata_de_youtube_venv/lib/python3.12/site-packages/airflow/example_dags/example_branch_operator.py
[2024-07-30T12:19:52.031+0000] {processor.py:830} INFO - Processing file /home/ubuntu/zillowdata_de_youtube_venv/lib/python3.12/site-packages/airflow/example_dags/example_branch_operator.py for tasks to queue
[2024-07-30T12:19:52.033+0000] {logging_mixin.py:188} INFO - [2024-07-30T12:19:52.033+0000] {dagbag.py:545} INFO - Filling up the DagBag from /home/ubuntu/zillowdata_de_youtube_venv/lib/python3.12/site-packages/airflow/example_dags/example_branch_operator.py
[2024-07-30T12:19:52.036+0000] {processor.py:842} WARNING - No viable dags retrieved from /home/ubuntu/zillowdata_de_youtube_venv/lib/python3.12/site-packages/airflow/example_dags/example_branch_operator.py
[2024-07-30T12:19:52.047+0000] {processor.py:183} INFO - Processing /home/ubuntu/zillowdata_de_youtube_venv/lib/python3.12/site-packages/airflow/example_dags/example_branch_operator.py took 0.023 seconds
[2024-07-30T12:20:46.605+0000] {processor.py:161} INFO - Started process (PID=6371) to work on /home/ubuntu/zillowdata_de_youtube_venv/lib/python3.12/site-packages/airflow/example_dags/example_branch_operator.py
[2024-07-30T12:20:46.606+0000] {processor.py:830} INFO - Processing file /home/ubuntu/zillowdata_de_youtube_venv/lib/python3.12/site-packages/airflow/example_dags/example_branch_operator.py for tasks to queue
[2024-07-30T12:20:46.608+0000] {logging_mixin.py:188} INFO - [2024-07-30T12:20:46.608+0000] {dagbag.py:545} INFO - Filling up the DagBag from /home/ubuntu/zillowdata_de_youtube_venv/lib/python3.12/site-packages/airflow/example_dags/example_branch_operator.py
[2024-07-30T12:20:46.611+0000] {processor.py:842} WARNING - No viable dags retrieved from /home/ubuntu/zillowdata_de_youtube_venv/lib/python3.12/site-packages/airflow/example_dags/example_branch_operator.py
[2024-07-30T12:20:46.622+0000] {processor.py:183} INFO - Processing /home/ubuntu/zillowdata_de_youtube_venv/lib/python3.12/site-packages/airflow/example_dags/example_branch_operator.py took 0.023 seconds
[2024-07-30T12:21:44.617+0000] {processor.py:161} INFO - Started process (PID=6430) to work on /home/ubuntu/zillowdata_de_youtube_venv/lib/python3.12/site-packages/airflow/example_dags/example_branch_operator.py
[2024-07-30T12:21:44.618+0000] {processor.py:830} INFO - Processing file /home/ubuntu/zillowdata_de_youtube_venv/lib/python3.12/site-packages/airflow/example_dags/example_branch_operator.py for tasks to queue
[2024-07-30T12:21:44.620+0000] {logging_mixin.py:188} INFO - [2024-07-30T12:21:44.620+0000] {dagbag.py:545} INFO - Filling up the DagBag from /home/ubuntu/zillowdata_de_youtube_venv/lib/python3.12/site-packages/airflow/example_dags/example_branch_operator.py
[2024-07-30T12:21:44.623+0000] {processor.py:842} WARNING - No viable dags retrieved from /home/ubuntu/zillowdata_de_youtube_venv/lib/python3.12/site-packages/airflow/example_dags/example_branch_operator.py
[2024-07-30T12:21:44.634+0000] {processor.py:183} INFO - Processing /home/ubuntu/zillowdata_de_youtube_venv/lib/python3.12/site-packages/airflow/example_dags/example_branch_operator.py took 0.023 seconds
[2024-07-30T12:22:42.743+0000] {processor.py:161} INFO - Started process (PID=6490) to work on /home/ubuntu/zillowdata_de_youtube_venv/lib/python3.12/site-packages/airflow/example_dags/example_branch_operator.py
[2024-07-30T12:22:42.745+0000] {processor.py:830} INFO - Processing file /home/ubuntu/zillowdata_de_youtube_venv/lib/python3.12/site-packages/airflow/example_dags/example_branch_operator.py for tasks to queue
[2024-07-30T12:22:42.747+0000] {logging_mixin.py:188} INFO - [2024-07-30T12:22:42.746+0000] {dagbag.py:545} INFO - Filling up the DagBag from /home/ubuntu/zillowdata_de_youtube_venv/lib/python3.12/site-packages/airflow/example_dags/example_branch_operator.py
[2024-07-30T12:22:42.750+0000] {processor.py:842} WARNING - No viable dags retrieved from /home/ubuntu/zillowdata_de_youtube_venv/lib/python3.12/site-packages/airflow/example_dags/example_branch_operator.py
[2024-07-30T12:22:42.760+0000] {processor.py:183} INFO - Processing /home/ubuntu/zillowdata_de_youtube_venv/lib/python3.12/site-packages/airflow/example_dags/example_branch_operator.py took 0.024 seconds
[2024-07-30T12:23:46.176+0000] {processor.py:161} INFO - Started process (PID=6556) to work on /home/ubuntu/zillowdata_de_youtube_venv/lib/python3.12/site-packages/airflow/example_dags/example_branch_operator.py
[2024-07-30T12:23:46.178+0000] {processor.py:830} INFO - Processing file /home/ubuntu/zillowdata_de_youtube_venv/lib/python3.12/site-packages/airflow/example_dags/example_branch_operator.py for tasks to queue
[2024-07-30T12:23:46.180+0000] {logging_mixin.py:188} INFO - [2024-07-30T12:23:46.180+0000] {dagbag.py:545} INFO - Filling up the DagBag from /home/ubuntu/zillowdata_de_youtube_venv/lib/python3.12/site-packages/airflow/example_dags/example_branch_operator.py
[2024-07-30T12:23:46.183+0000] {processor.py:842} WARNING - No viable dags retrieved from /home/ubuntu/zillowdata_de_youtube_venv/lib/python3.12/site-packages/airflow/example_dags/example_branch_operator.py
[2024-07-30T12:23:46.193+0000] {processor.py:183} INFO - Processing /home/ubuntu/zillowdata_de_youtube_venv/lib/python3.12/site-packages/airflow/example_dags/example_branch_operator.py took 0.023 seconds
[2024-07-30T12:24:43.231+0000] {processor.py:161} INFO - Started process (PID=6616) to work on /home/ubuntu/zillowdata_de_youtube_venv/lib/python3.12/site-packages/airflow/example_dags/example_branch_operator.py
[2024-07-30T12:24:43.232+0000] {processor.py:830} INFO - Processing file /home/ubuntu/zillowdata_de_youtube_venv/lib/python3.12/site-packages/airflow/example_dags/example_branch_operator.py for tasks to queue
[2024-07-30T12:24:43.234+0000] {logging_mixin.py:188} INFO - [2024-07-30T12:24:43.233+0000] {dagbag.py:545} INFO - Filling up the DagBag from /home/ubuntu/zillowdata_de_youtube_venv/lib/python3.12/site-packages/airflow/example_dags/example_branch_operator.py
[2024-07-30T12:24:43.236+0000] {processor.py:842} WARNING - No viable dags retrieved from /home/ubuntu/zillowdata_de_youtube_venv/lib/python3.12/site-packages/airflow/example_dags/example_branch_operator.py
[2024-07-30T12:24:43.247+0000] {processor.py:183} INFO - Processing /home/ubuntu/zillowdata_de_youtube_venv/lib/python3.12/site-packages/airflow/example_dags/example_branch_operator.py took 0.023 seconds
[2024-07-30T12:25:41.156+0000] {processor.py:161} INFO - Started process (PID=6681) to work on /home/ubuntu/zillowdata_de_youtube_venv/lib/python3.12/site-packages/airflow/example_dags/example_branch_operator.py
[2024-07-30T12:25:41.157+0000] {processor.py:830} INFO - Processing file /home/ubuntu/zillowdata_de_youtube_venv/lib/python3.12/site-packages/airflow/example_dags/example_branch_operator.py for tasks to queue
[2024-07-30T12:25:41.159+0000] {logging_mixin.py:188} INFO - [2024-07-30T12:25:41.159+0000] {dagbag.py:545} INFO - Filling up the DagBag from /home/ubuntu/zillowdata_de_youtube_venv/lib/python3.12/site-packages/airflow/example_dags/example_branch_operator.py
[2024-07-30T12:25:41.162+0000] {processor.py:842} WARNING - No viable dags retrieved from /home/ubuntu/zillowdata_de_youtube_venv/lib/python3.12/site-packages/airflow/example_dags/example_branch_operator.py
[2024-07-30T12:25:41.172+0000] {processor.py:183} INFO - Processing /home/ubuntu/zillowdata_de_youtube_venv/lib/python3.12/site-packages/airflow/example_dags/example_branch_operator.py took 0.023 seconds
[2024-07-30T12:26:36.531+0000] {processor.py:161} INFO - Started process (PID=6746) to work on /home/ubuntu/zillowdata_de_youtube_venv/lib/python3.12/site-packages/airflow/example_dags/example_branch_operator.py
[2024-07-30T12:26:36.532+0000] {processor.py:830} INFO - Processing file /home/ubuntu/zillowdata_de_youtube_venv/lib/python3.12/site-packages/airflow/example_dags/example_branch_operator.py for tasks to queue
[2024-07-30T12:26:36.534+0000] {logging_mixin.py:188} INFO - [2024-07-30T12:26:36.533+0000] {dagbag.py:545} INFO - Filling up the DagBag from /home/ubuntu/zillowdata_de_youtube_venv/lib/python3.12/site-packages/airflow/example_dags/example_branch_operator.py
[2024-07-30T12:26:36.537+0000] {processor.py:842} WARNING - No viable dags retrieved from /home/ubuntu/zillowdata_de_youtube_venv/lib/python3.12/site-packages/airflow/example_dags/example_branch_operator.py
[2024-07-30T12:26:36.547+0000] {processor.py:183} INFO - Processing /home/ubuntu/zillowdata_de_youtube_venv/lib/python3.12/site-packages/airflow/example_dags/example_branch_operator.py took 0.023 seconds
[2024-07-30T12:27:38.306+0000] {processor.py:161} INFO - Started process (PID=6809) to work on /home/ubuntu/zillowdata_de_youtube_venv/lib/python3.12/site-packages/airflow/example_dags/example_branch_operator.py
[2024-07-30T12:27:38.307+0000] {processor.py:830} INFO - Processing file /home/ubuntu/zillowdata_de_youtube_venv/lib/python3.12/site-packages/airflow/example_dags/example_branch_operator.py for tasks to queue
[2024-07-30T12:27:38.309+0000] {logging_mixin.py:188} INFO - [2024-07-30T12:27:38.308+0000] {dagbag.py:545} INFO - Filling up the DagBag from /home/ubuntu/zillowdata_de_youtube_venv/lib/python3.12/site-packages/airflow/example_dags/example_branch_operator.py
[2024-07-30T12:27:38.312+0000] {processor.py:842} WARNING - No viable dags retrieved from /home/ubuntu/zillowdata_de_youtube_venv/lib/python3.12/site-packages/airflow/example_dags/example_branch_operator.py
[2024-07-30T12:27:38.323+0000] {processor.py:183} INFO - Processing /home/ubuntu/zillowdata_de_youtube_venv/lib/python3.12/site-packages/airflow/example_dags/example_branch_operator.py took 0.024 seconds
[2024-07-30T12:28:44.807+0000] {processor.py:161} INFO - Started process (PID=6874) to work on /home/ubuntu/zillowdata_de_youtube_venv/lib/python3.12/site-packages/airflow/example_dags/example_branch_operator.py
[2024-07-30T12:28:44.809+0000] {processor.py:830} INFO - Processing file /home/ubuntu/zillowdata_de_youtube_venv/lib/python3.12/site-packages/airflow/example_dags/example_branch_operator.py for tasks to queue
[2024-07-30T12:28:44.811+0000] {logging_mixin.py:188} INFO - [2024-07-30T12:28:44.810+0000] {dagbag.py:545} INFO - Filling up the DagBag from /home/ubuntu/zillowdata_de_youtube_venv/lib/python3.12/site-packages/airflow/example_dags/example_branch_operator.py
[2024-07-30T12:28:44.813+0000] {processor.py:842} WARNING - No viable dags retrieved from /home/ubuntu/zillowdata_de_youtube_venv/lib/python3.12/site-packages/airflow/example_dags/example_branch_operator.py
[2024-07-30T12:28:44.824+0000] {processor.py:183} INFO - Processing /home/ubuntu/zillowdata_de_youtube_venv/lib/python3.12/site-packages/airflow/example_dags/example_branch_operator.py took 0.024 seconds
[2024-07-30T12:29:46.613+0000] {processor.py:161} INFO - Started process (PID=6938) to work on /home/ubuntu/zillowdata_de_youtube_venv/lib/python3.12/site-packages/airflow/example_dags/example_branch_operator.py
[2024-07-30T12:29:46.614+0000] {processor.py:830} INFO - Processing file /home/ubuntu/zillowdata_de_youtube_venv/lib/python3.12/site-packages/airflow/example_dags/example_branch_operator.py for tasks to queue
[2024-07-30T12:29:46.616+0000] {logging_mixin.py:188} INFO - [2024-07-30T12:29:46.615+0000] {dagbag.py:545} INFO - Filling up the DagBag from /home/ubuntu/zillowdata_de_youtube_venv/lib/python3.12/site-packages/airflow/example_dags/example_branch_operator.py
[2024-07-30T12:29:46.619+0000] {processor.py:842} WARNING - No viable dags retrieved from /home/ubuntu/zillowdata_de_youtube_venv/lib/python3.12/site-packages/airflow/example_dags/example_branch_operator.py
[2024-07-30T12:29:46.630+0000] {processor.py:183} INFO - Processing /home/ubuntu/zillowdata_de_youtube_venv/lib/python3.12/site-packages/airflow/example_dags/example_branch_operator.py took 0.024 seconds
[2024-07-30T12:30:46.284+0000] {processor.py:161} INFO - Started process (PID=7003) to work on /home/ubuntu/zillowdata_de_youtube_venv/lib/python3.12/site-packages/airflow/example_dags/example_branch_operator.py
[2024-07-30T12:30:46.286+0000] {processor.py:830} INFO - Processing file /home/ubuntu/zillowdata_de_youtube_venv/lib/python3.12/site-packages/airflow/example_dags/example_branch_operator.py for tasks to queue
[2024-07-30T12:30:46.287+0000] {logging_mixin.py:188} INFO - [2024-07-30T12:30:46.287+0000] {dagbag.py:545} INFO - Filling up the DagBag from /home/ubuntu/zillowdata_de_youtube_venv/lib/python3.12/site-packages/airflow/example_dags/example_branch_operator.py
[2024-07-30T12:30:46.290+0000] {processor.py:842} WARNING - No viable dags retrieved from /home/ubuntu/zillowdata_de_youtube_venv/lib/python3.12/site-packages/airflow/example_dags/example_branch_operator.py
[2024-07-30T12:30:46.301+0000] {processor.py:183} INFO - Processing /home/ubuntu/zillowdata_de_youtube_venv/lib/python3.12/site-packages/airflow/example_dags/example_branch_operator.py took 0.024 seconds
[2024-07-30T12:31:43.990+0000] {processor.py:161} INFO - Started process (PID=7065) to work on /home/ubuntu/zillowdata_de_youtube_venv/lib/python3.12/site-packages/airflow/example_dags/example_branch_operator.py
[2024-07-30T12:31:43.992+0000] {processor.py:830} INFO - Processing file /home/ubuntu/zillowdata_de_youtube_venv/lib/python3.12/site-packages/airflow/example_dags/example_branch_operator.py for tasks to queue
[2024-07-30T12:31:43.993+0000] {logging_mixin.py:188} INFO - [2024-07-30T12:31:43.993+0000] {dagbag.py:545} INFO - Filling up the DagBag from /home/ubuntu/zillowdata_de_youtube_venv/lib/python3.12/site-packages/airflow/example_dags/example_branch_operator.py
[2024-07-30T12:31:43.996+0000] {processor.py:842} WARNING - No viable dags retrieved from /home/ubuntu/zillowdata_de_youtube_venv/lib/python3.12/site-packages/airflow/example_dags/example_branch_operator.py
[2024-07-30T12:31:44.007+0000] {processor.py:183} INFO - Processing /home/ubuntu/zillowdata_de_youtube_venv/lib/python3.12/site-packages/airflow/example_dags/example_branch_operator.py took 0.023 seconds
[2024-07-30T12:32:48.066+0000] {processor.py:161} INFO - Started process (PID=7129) to work on /home/ubuntu/zillowdata_de_youtube_venv/lib/python3.12/site-packages/airflow/example_dags/example_branch_operator.py
[2024-07-30T12:32:48.068+0000] {processor.py:830} INFO - Processing file /home/ubuntu/zillowdata_de_youtube_venv/lib/python3.12/site-packages/airflow/example_dags/example_branch_operator.py for tasks to queue
[2024-07-30T12:32:48.070+0000] {logging_mixin.py:188} INFO - [2024-07-30T12:32:48.069+0000] {dagbag.py:545} INFO - Filling up the DagBag from /home/ubuntu/zillowdata_de_youtube_venv/lib/python3.12/site-packages/airflow/example_dags/example_branch_operator.py
[2024-07-30T12:32:48.072+0000] {processor.py:842} WARNING - No viable dags retrieved from /home/ubuntu/zillowdata_de_youtube_venv/lib/python3.12/site-packages/airflow/example_dags/example_branch_operator.py
[2024-07-30T12:32:48.083+0000] {processor.py:183} INFO - Processing /home/ubuntu/zillowdata_de_youtube_venv/lib/python3.12/site-packages/airflow/example_dags/example_branch_operator.py took 0.023 seconds
[2024-07-30T12:33:43.443+0000] {processor.py:161} INFO - Started process (PID=7188) to work on /home/ubuntu/zillowdata_de_youtube_venv/lib/python3.12/site-packages/airflow/example_dags/example_branch_operator.py
[2024-07-30T12:33:43.445+0000] {processor.py:830} INFO - Processing file /home/ubuntu/zillowdata_de_youtube_venv/lib/python3.12/site-packages/airflow/example_dags/example_branch_operator.py for tasks to queue
[2024-07-30T12:33:43.446+0000] {logging_mixin.py:188} INFO - [2024-07-30T12:33:43.446+0000] {dagbag.py:545} INFO - Filling up the DagBag from /home/ubuntu/zillowdata_de_youtube_venv/lib/python3.12/site-packages/airflow/example_dags/example_branch_operator.py
[2024-07-30T12:33:43.449+0000] {processor.py:842} WARNING - No viable dags retrieved from /home/ubuntu/zillowdata_de_youtube_venv/lib/python3.12/site-packages/airflow/example_dags/example_branch_operator.py
[2024-07-30T12:33:43.459+0000] {processor.py:183} INFO - Processing /home/ubuntu/zillowdata_de_youtube_venv/lib/python3.12/site-packages/airflow/example_dags/example_branch_operator.py took 0.023 seconds
[2024-07-30T12:34:45.463+0000] {processor.py:161} INFO - Started process (PID=7254) to work on /home/ubuntu/zillowdata_de_youtube_venv/lib/python3.12/site-packages/airflow/example_dags/example_branch_operator.py
[2024-07-30T12:34:45.464+0000] {processor.py:830} INFO - Processing file /home/ubuntu/zillowdata_de_youtube_venv/lib/python3.12/site-packages/airflow/example_dags/example_branch_operator.py for tasks to queue
[2024-07-30T12:34:45.466+0000] {logging_mixin.py:188} INFO - [2024-07-30T12:34:45.466+0000] {dagbag.py:545} INFO - Filling up the DagBag from /home/ubuntu/zillowdata_de_youtube_venv/lib/python3.12/site-packages/airflow/example_dags/example_branch_operator.py
[2024-07-30T12:34:45.469+0000] {processor.py:842} WARNING - No viable dags retrieved from /home/ubuntu/zillowdata_de_youtube_venv/lib/python3.12/site-packages/airflow/example_dags/example_branch_operator.py
[2024-07-30T12:34:45.480+0000] {processor.py:183} INFO - Processing /home/ubuntu/zillowdata_de_youtube_venv/lib/python3.12/site-packages/airflow/example_dags/example_branch_operator.py took 0.023 seconds
[2024-07-30T12:35:40.564+0000] {processor.py:161} INFO - Started process (PID=7315) to work on /home/ubuntu/zillowdata_de_youtube_venv/lib/python3.12/site-packages/airflow/example_dags/example_branch_operator.py
[2024-07-30T12:35:40.566+0000] {processor.py:830} INFO - Processing file /home/ubuntu/zillowdata_de_youtube_venv/lib/python3.12/site-packages/airflow/example_dags/example_branch_operator.py for tasks to queue
[2024-07-30T12:35:40.568+0000] {logging_mixin.py:188} INFO - [2024-07-30T12:35:40.567+0000] {dagbag.py:545} INFO - Filling up the DagBag from /home/ubuntu/zillowdata_de_youtube_venv/lib/python3.12/site-packages/airflow/example_dags/example_branch_operator.py
[2024-07-30T12:35:40.570+0000] {processor.py:842} WARNING - No viable dags retrieved from /home/ubuntu/zillowdata_de_youtube_venv/lib/python3.12/site-packages/airflow/example_dags/example_branch_operator.py
[2024-07-30T12:35:40.582+0000] {processor.py:183} INFO - Processing /home/ubuntu/zillowdata_de_youtube_venv/lib/python3.12/site-packages/airflow/example_dags/example_branch_operator.py took 0.024 seconds
[2024-07-30T12:36:46.330+0000] {processor.py:161} INFO - Started process (PID=7381) to work on /home/ubuntu/zillowdata_de_youtube_venv/lib/python3.12/site-packages/airflow/example_dags/example_branch_operator.py
[2024-07-30T12:36:46.331+0000] {processor.py:830} INFO - Processing file /home/ubuntu/zillowdata_de_youtube_venv/lib/python3.12/site-packages/airflow/example_dags/example_branch_operator.py for tasks to queue
[2024-07-30T12:36:46.333+0000] {logging_mixin.py:188} INFO - [2024-07-30T12:36:46.332+0000] {dagbag.py:545} INFO - Filling up the DagBag from /home/ubuntu/zillowdata_de_youtube_venv/lib/python3.12/site-packages/airflow/example_dags/example_branch_operator.py
[2024-07-30T12:36:46.336+0000] {processor.py:842} WARNING - No viable dags retrieved from /home/ubuntu/zillowdata_de_youtube_venv/lib/python3.12/site-packages/airflow/example_dags/example_branch_operator.py
[2024-07-30T12:36:46.347+0000] {processor.py:183} INFO - Processing /home/ubuntu/zillowdata_de_youtube_venv/lib/python3.12/site-packages/airflow/example_dags/example_branch_operator.py took 0.024 seconds
[2024-07-30T12:37:47.479+0000] {processor.py:161} INFO - Started process (PID=7444) to work on /home/ubuntu/zillowdata_de_youtube_venv/lib/python3.12/site-packages/airflow/example_dags/example_branch_operator.py
[2024-07-30T12:37:47.481+0000] {processor.py:830} INFO - Processing file /home/ubuntu/zillowdata_de_youtube_venv/lib/python3.12/site-packages/airflow/example_dags/example_branch_operator.py for tasks to queue
[2024-07-30T12:37:47.483+0000] {logging_mixin.py:188} INFO - [2024-07-30T12:37:47.482+0000] {dagbag.py:545} INFO - Filling up the DagBag from /home/ubuntu/zillowdata_de_youtube_venv/lib/python3.12/site-packages/airflow/example_dags/example_branch_operator.py
[2024-07-30T12:37:47.486+0000] {processor.py:842} WARNING - No viable dags retrieved from /home/ubuntu/zillowdata_de_youtube_venv/lib/python3.12/site-packages/airflow/example_dags/example_branch_operator.py
[2024-07-30T12:37:47.496+0000] {processor.py:183} INFO - Processing /home/ubuntu/zillowdata_de_youtube_venv/lib/python3.12/site-packages/airflow/example_dags/example_branch_operator.py took 0.023 seconds
[2024-07-30T12:38:44.163+0000] {processor.py:161} INFO - Started process (PID=7504) to work on /home/ubuntu/zillowdata_de_youtube_venv/lib/python3.12/site-packages/airflow/example_dags/example_branch_operator.py
[2024-07-30T12:38:44.165+0000] {processor.py:830} INFO - Processing file /home/ubuntu/zillowdata_de_youtube_venv/lib/python3.12/site-packages/airflow/example_dags/example_branch_operator.py for tasks to queue
[2024-07-30T12:38:44.166+0000] {logging_mixin.py:188} INFO - [2024-07-30T12:38:44.166+0000] {dagbag.py:545} INFO - Filling up the DagBag from /home/ubuntu/zillowdata_de_youtube_venv/lib/python3.12/site-packages/airflow/example_dags/example_branch_operator.py
[2024-07-30T12:38:44.169+0000] {processor.py:842} WARNING - No viable dags retrieved from /home/ubuntu/zillowdata_de_youtube_venv/lib/python3.12/site-packages/airflow/example_dags/example_branch_operator.py
[2024-07-30T12:38:44.181+0000] {processor.py:183} INFO - Processing /home/ubuntu/zillowdata_de_youtube_venv/lib/python3.12/site-packages/airflow/example_dags/example_branch_operator.py took 0.024 seconds
[2024-07-30T12:39:40.877+0000] {processor.py:161} INFO - Started process (PID=7565) to work on /home/ubuntu/zillowdata_de_youtube_venv/lib/python3.12/site-packages/airflow/example_dags/example_branch_operator.py
[2024-07-30T12:39:40.879+0000] {processor.py:830} INFO - Processing file /home/ubuntu/zillowdata_de_youtube_venv/lib/python3.12/site-packages/airflow/example_dags/example_branch_operator.py for tasks to queue
[2024-07-30T12:39:40.880+0000] {logging_mixin.py:188} INFO - [2024-07-30T12:39:40.880+0000] {dagbag.py:545} INFO - Filling up the DagBag from /home/ubuntu/zillowdata_de_youtube_venv/lib/python3.12/site-packages/airflow/example_dags/example_branch_operator.py
[2024-07-30T12:39:40.883+0000] {processor.py:842} WARNING - No viable dags retrieved from /home/ubuntu/zillowdata_de_youtube_venv/lib/python3.12/site-packages/airflow/example_dags/example_branch_operator.py
[2024-07-30T12:39:40.894+0000] {processor.py:183} INFO - Processing /home/ubuntu/zillowdata_de_youtube_venv/lib/python3.12/site-packages/airflow/example_dags/example_branch_operator.py took 0.023 seconds
[2024-07-30T12:40:40.677+0000] {processor.py:161} INFO - Started process (PID=7631) to work on /home/ubuntu/zillowdata_de_youtube_venv/lib/python3.12/site-packages/airflow/example_dags/example_branch_operator.py
[2024-07-30T12:40:40.679+0000] {processor.py:830} INFO - Processing file /home/ubuntu/zillowdata_de_youtube_venv/lib/python3.12/site-packages/airflow/example_dags/example_branch_operator.py for tasks to queue
[2024-07-30T12:40:40.681+0000] {logging_mixin.py:188} INFO - [2024-07-30T12:40:40.680+0000] {dagbag.py:545} INFO - Filling up the DagBag from /home/ubuntu/zillowdata_de_youtube_venv/lib/python3.12/site-packages/airflow/example_dags/example_branch_operator.py
[2024-07-30T12:40:40.683+0000] {processor.py:842} WARNING - No viable dags retrieved from /home/ubuntu/zillowdata_de_youtube_venv/lib/python3.12/site-packages/airflow/example_dags/example_branch_operator.py
[2024-07-30T12:40:40.694+0000] {processor.py:183} INFO - Processing /home/ubuntu/zillowdata_de_youtube_venv/lib/python3.12/site-packages/airflow/example_dags/example_branch_operator.py took 0.024 seconds
[2024-07-30T12:41:39.324+0000] {processor.py:161} INFO - Started process (PID=7693) to work on /home/ubuntu/zillowdata_de_youtube_venv/lib/python3.12/site-packages/airflow/example_dags/example_branch_operator.py
[2024-07-30T12:41:39.325+0000] {processor.py:830} INFO - Processing file /home/ubuntu/zillowdata_de_youtube_venv/lib/python3.12/site-packages/airflow/example_dags/example_branch_operator.py for tasks to queue
[2024-07-30T12:41:39.327+0000] {logging_mixin.py:188} INFO - [2024-07-30T12:41:39.327+0000] {dagbag.py:545} INFO - Filling up the DagBag from /home/ubuntu/zillowdata_de_youtube_venv/lib/python3.12/site-packages/airflow/example_dags/example_branch_operator.py
[2024-07-30T12:41:39.330+0000] {processor.py:842} WARNING - No viable dags retrieved from /home/ubuntu/zillowdata_de_youtube_venv/lib/python3.12/site-packages/airflow/example_dags/example_branch_operator.py
[2024-07-30T12:41:39.341+0000] {processor.py:183} INFO - Processing /home/ubuntu/zillowdata_de_youtube_venv/lib/python3.12/site-packages/airflow/example_dags/example_branch_operator.py took 0.024 seconds
[2024-07-30T12:42:41.685+0000] {processor.py:161} INFO - Started process (PID=7758) to work on /home/ubuntu/zillowdata_de_youtube_venv/lib/python3.12/site-packages/airflow/example_dags/example_branch_operator.py
[2024-07-30T12:42:41.686+0000] {processor.py:830} INFO - Processing file /home/ubuntu/zillowdata_de_youtube_venv/lib/python3.12/site-packages/airflow/example_dags/example_branch_operator.py for tasks to queue
[2024-07-30T12:42:41.688+0000] {logging_mixin.py:188} INFO - [2024-07-30T12:42:41.687+0000] {dagbag.py:545} INFO - Filling up the DagBag from /home/ubuntu/zillowdata_de_youtube_venv/lib/python3.12/site-packages/airflow/example_dags/example_branch_operator.py
[2024-07-30T12:42:41.690+0000] {processor.py:842} WARNING - No viable dags retrieved from /home/ubuntu/zillowdata_de_youtube_venv/lib/python3.12/site-packages/airflow/example_dags/example_branch_operator.py
[2024-07-30T12:42:41.701+0000] {processor.py:183} INFO - Processing /home/ubuntu/zillowdata_de_youtube_venv/lib/python3.12/site-packages/airflow/example_dags/example_branch_operator.py took 0.023 seconds
[2024-07-30T12:43:41.063+0000] {processor.py:161} INFO - Started process (PID=7820) to work on /home/ubuntu/zillowdata_de_youtube_venv/lib/python3.12/site-packages/airflow/example_dags/example_branch_operator.py
[2024-07-30T12:43:41.064+0000] {processor.py:830} INFO - Processing file /home/ubuntu/zillowdata_de_youtube_venv/lib/python3.12/site-packages/airflow/example_dags/example_branch_operator.py for tasks to queue
[2024-07-30T12:43:41.066+0000] {logging_mixin.py:188} INFO - [2024-07-30T12:43:41.066+0000] {dagbag.py:545} INFO - Filling up the DagBag from /home/ubuntu/zillowdata_de_youtube_venv/lib/python3.12/site-packages/airflow/example_dags/example_branch_operator.py
[2024-07-30T12:43:41.069+0000] {processor.py:842} WARNING - No viable dags retrieved from /home/ubuntu/zillowdata_de_youtube_venv/lib/python3.12/site-packages/airflow/example_dags/example_branch_operator.py
[2024-07-30T12:43:41.080+0000] {processor.py:183} INFO - Processing /home/ubuntu/zillowdata_de_youtube_venv/lib/python3.12/site-packages/airflow/example_dags/example_branch_operator.py took 0.023 seconds
[2024-07-30T12:44:42.589+0000] {processor.py:161} INFO - Started process (PID=7883) to work on /home/ubuntu/zillowdata_de_youtube_venv/lib/python3.12/site-packages/airflow/example_dags/example_branch_operator.py
[2024-07-30T12:44:42.590+0000] {processor.py:830} INFO - Processing file /home/ubuntu/zillowdata_de_youtube_venv/lib/python3.12/site-packages/airflow/example_dags/example_branch_operator.py for tasks to queue
[2024-07-30T12:44:42.592+0000] {logging_mixin.py:188} INFO - [2024-07-30T12:44:42.592+0000] {dagbag.py:545} INFO - Filling up the DagBag from /home/ubuntu/zillowdata_de_youtube_venv/lib/python3.12/site-packages/airflow/example_dags/example_branch_operator.py
[2024-07-30T12:44:42.595+0000] {processor.py:842} WARNING - No viable dags retrieved from /home/ubuntu/zillowdata_de_youtube_venv/lib/python3.12/site-packages/airflow/example_dags/example_branch_operator.py
[2024-07-30T12:44:42.606+0000] {processor.py:183} INFO - Processing /home/ubuntu/zillowdata_de_youtube_venv/lib/python3.12/site-packages/airflow/example_dags/example_branch_operator.py took 0.023 seconds
[2024-07-30T12:45:42.200+0000] {processor.py:161} INFO - Started process (PID=7949) to work on /home/ubuntu/zillowdata_de_youtube_venv/lib/python3.12/site-packages/airflow/example_dags/example_branch_operator.py
[2024-07-30T12:45:42.201+0000] {processor.py:830} INFO - Processing file /home/ubuntu/zillowdata_de_youtube_venv/lib/python3.12/site-packages/airflow/example_dags/example_branch_operator.py for tasks to queue
[2024-07-30T12:45:42.203+0000] {logging_mixin.py:188} INFO - [2024-07-30T12:45:42.203+0000] {dagbag.py:545} INFO - Filling up the DagBag from /home/ubuntu/zillowdata_de_youtube_venv/lib/python3.12/site-packages/airflow/example_dags/example_branch_operator.py
[2024-07-30T12:45:42.206+0000] {processor.py:842} WARNING - No viable dags retrieved from /home/ubuntu/zillowdata_de_youtube_venv/lib/python3.12/site-packages/airflow/example_dags/example_branch_operator.py
[2024-07-30T12:45:42.217+0000] {processor.py:183} INFO - Processing /home/ubuntu/zillowdata_de_youtube_venv/lib/python3.12/site-packages/airflow/example_dags/example_branch_operator.py took 0.023 seconds
[2024-07-30T12:46:40.062+0000] {processor.py:161} INFO - Started process (PID=8012) to work on /home/ubuntu/zillowdata_de_youtube_venv/lib/python3.12/site-packages/airflow/example_dags/example_branch_operator.py
[2024-07-30T12:46:40.064+0000] {processor.py:830} INFO - Processing file /home/ubuntu/zillowdata_de_youtube_venv/lib/python3.12/site-packages/airflow/example_dags/example_branch_operator.py for tasks to queue
[2024-07-30T12:46:40.065+0000] {logging_mixin.py:188} INFO - [2024-07-30T12:46:40.065+0000] {dagbag.py:545} INFO - Filling up the DagBag from /home/ubuntu/zillowdata_de_youtube_venv/lib/python3.12/site-packages/airflow/example_dags/example_branch_operator.py
[2024-07-30T12:46:40.068+0000] {processor.py:842} WARNING - No viable dags retrieved from /home/ubuntu/zillowdata_de_youtube_venv/lib/python3.12/site-packages/airflow/example_dags/example_branch_operator.py
[2024-07-30T12:46:40.079+0000] {processor.py:183} INFO - Processing /home/ubuntu/zillowdata_de_youtube_venv/lib/python3.12/site-packages/airflow/example_dags/example_branch_operator.py took 0.023 seconds
[2024-07-30T12:47:37.252+0000] {processor.py:161} INFO - Started process (PID=8071) to work on /home/ubuntu/zillowdata_de_youtube_venv/lib/python3.12/site-packages/airflow/example_dags/example_branch_operator.py
[2024-07-30T12:47:37.254+0000] {processor.py:830} INFO - Processing file /home/ubuntu/zillowdata_de_youtube_venv/lib/python3.12/site-packages/airflow/example_dags/example_branch_operator.py for tasks to queue
[2024-07-30T12:47:37.256+0000] {logging_mixin.py:188} INFO - [2024-07-30T12:47:37.255+0000] {dagbag.py:545} INFO - Filling up the DagBag from /home/ubuntu/zillowdata_de_youtube_venv/lib/python3.12/site-packages/airflow/example_dags/example_branch_operator.py
[2024-07-30T12:47:37.258+0000] {processor.py:842} WARNING - No viable dags retrieved from /home/ubuntu/zillowdata_de_youtube_venv/lib/python3.12/site-packages/airflow/example_dags/example_branch_operator.py
[2024-07-30T12:47:37.270+0000] {processor.py:183} INFO - Processing /home/ubuntu/zillowdata_de_youtube_venv/lib/python3.12/site-packages/airflow/example_dags/example_branch_operator.py took 0.024 seconds
[2024-07-30T12:48:35.748+0000] {processor.py:161} INFO - Started process (PID=8133) to work on /home/ubuntu/zillowdata_de_youtube_venv/lib/python3.12/site-packages/airflow/example_dags/example_branch_operator.py
[2024-07-30T12:48:35.749+0000] {processor.py:830} INFO - Processing file /home/ubuntu/zillowdata_de_youtube_venv/lib/python3.12/site-packages/airflow/example_dags/example_branch_operator.py for tasks to queue
[2024-07-30T12:48:35.751+0000] {logging_mixin.py:188} INFO - [2024-07-30T12:48:35.751+0000] {dagbag.py:545} INFO - Filling up the DagBag from /home/ubuntu/zillowdata_de_youtube_venv/lib/python3.12/site-packages/airflow/example_dags/example_branch_operator.py
[2024-07-30T12:48:35.754+0000] {processor.py:842} WARNING - No viable dags retrieved from /home/ubuntu/zillowdata_de_youtube_venv/lib/python3.12/site-packages/airflow/example_dags/example_branch_operator.py
[2024-07-30T12:48:35.764+0000] {processor.py:183} INFO - Processing /home/ubuntu/zillowdata_de_youtube_venv/lib/python3.12/site-packages/airflow/example_dags/example_branch_operator.py took 0.023 seconds
[2024-07-30T12:49:34.302+0000] {processor.py:161} INFO - Started process (PID=8194) to work on /home/ubuntu/zillowdata_de_youtube_venv/lib/python3.12/site-packages/airflow/example_dags/example_branch_operator.py
[2024-07-30T12:49:34.304+0000] {processor.py:830} INFO - Processing file /home/ubuntu/zillowdata_de_youtube_venv/lib/python3.12/site-packages/airflow/example_dags/example_branch_operator.py for tasks to queue
[2024-07-30T12:49:34.305+0000] {logging_mixin.py:188} INFO - [2024-07-30T12:49:34.305+0000] {dagbag.py:545} INFO - Filling up the DagBag from /home/ubuntu/zillowdata_de_youtube_venv/lib/python3.12/site-packages/airflow/example_dags/example_branch_operator.py
[2024-07-30T12:49:34.308+0000] {processor.py:842} WARNING - No viable dags retrieved from /home/ubuntu/zillowdata_de_youtube_venv/lib/python3.12/site-packages/airflow/example_dags/example_branch_operator.py
[2024-07-30T12:49:34.319+0000] {processor.py:183} INFO - Processing /home/ubuntu/zillowdata_de_youtube_venv/lib/python3.12/site-packages/airflow/example_dags/example_branch_operator.py took 0.023 seconds
[2024-07-30T12:50:33.237+0000] {processor.py:161} INFO - Started process (PID=8259) to work on /home/ubuntu/zillowdata_de_youtube_venv/lib/python3.12/site-packages/airflow/example_dags/example_branch_operator.py
[2024-07-30T12:50:33.238+0000] {processor.py:830} INFO - Processing file /home/ubuntu/zillowdata_de_youtube_venv/lib/python3.12/site-packages/airflow/example_dags/example_branch_operator.py for tasks to queue
[2024-07-30T12:50:33.240+0000] {logging_mixin.py:188} INFO - [2024-07-30T12:50:33.240+0000] {dagbag.py:545} INFO - Filling up the DagBag from /home/ubuntu/zillowdata_de_youtube_venv/lib/python3.12/site-packages/airflow/example_dags/example_branch_operator.py
[2024-07-30T12:50:33.243+0000] {processor.py:842} WARNING - No viable dags retrieved from /home/ubuntu/zillowdata_de_youtube_venv/lib/python3.12/site-packages/airflow/example_dags/example_branch_operator.py
[2024-07-30T12:50:33.254+0000] {processor.py:183} INFO - Processing /home/ubuntu/zillowdata_de_youtube_venv/lib/python3.12/site-packages/airflow/example_dags/example_branch_operator.py took 0.023 seconds
[2024-07-30T12:51:30.641+0000] {processor.py:161} INFO - Started process (PID=8319) to work on /home/ubuntu/zillowdata_de_youtube_venv/lib/python3.12/site-packages/airflow/example_dags/example_branch_operator.py
[2024-07-30T12:51:30.642+0000] {processor.py:830} INFO - Processing file /home/ubuntu/zillowdata_de_youtube_venv/lib/python3.12/site-packages/airflow/example_dags/example_branch_operator.py for tasks to queue
[2024-07-30T12:51:30.644+0000] {logging_mixin.py:188} INFO - [2024-07-30T12:51:30.644+0000] {dagbag.py:545} INFO - Filling up the DagBag from /home/ubuntu/zillowdata_de_youtube_venv/lib/python3.12/site-packages/airflow/example_dags/example_branch_operator.py
[2024-07-30T12:51:30.647+0000] {processor.py:842} WARNING - No viable dags retrieved from /home/ubuntu/zillowdata_de_youtube_venv/lib/python3.12/site-packages/airflow/example_dags/example_branch_operator.py
[2024-07-30T12:51:30.658+0000] {processor.py:183} INFO - Processing /home/ubuntu/zillowdata_de_youtube_venv/lib/python3.12/site-packages/airflow/example_dags/example_branch_operator.py took 0.024 seconds
[2024-07-30T12:52:34.596+0000] {processor.py:161} INFO - Started process (PID=8383) to work on /home/ubuntu/zillowdata_de_youtube_venv/lib/python3.12/site-packages/airflow/example_dags/example_branch_operator.py
[2024-07-30T12:52:34.598+0000] {processor.py:830} INFO - Processing file /home/ubuntu/zillowdata_de_youtube_venv/lib/python3.12/site-packages/airflow/example_dags/example_branch_operator.py for tasks to queue
[2024-07-30T12:52:34.599+0000] {logging_mixin.py:188} INFO - [2024-07-30T12:52:34.599+0000] {dagbag.py:545} INFO - Filling up the DagBag from /home/ubuntu/zillowdata_de_youtube_venv/lib/python3.12/site-packages/airflow/example_dags/example_branch_operator.py
[2024-07-30T12:52:34.602+0000] {processor.py:842} WARNING - No viable dags retrieved from /home/ubuntu/zillowdata_de_youtube_venv/lib/python3.12/site-packages/airflow/example_dags/example_branch_operator.py
[2024-07-30T12:52:34.613+0000] {processor.py:183} INFO - Processing /home/ubuntu/zillowdata_de_youtube_venv/lib/python3.12/site-packages/airflow/example_dags/example_branch_operator.py took 0.024 seconds
[2024-07-30T12:53:39.614+0000] {processor.py:161} INFO - Started process (PID=8711) to work on /home/ubuntu/zillowdata_de_youtube_venv/lib/python3.12/site-packages/airflow/example_dags/example_branch_operator.py
[2024-07-30T12:53:39.616+0000] {processor.py:830} INFO - Processing file /home/ubuntu/zillowdata_de_youtube_venv/lib/python3.12/site-packages/airflow/example_dags/example_branch_operator.py for tasks to queue
[2024-07-30T12:53:39.618+0000] {logging_mixin.py:188} INFO - [2024-07-30T12:53:39.617+0000] {dagbag.py:545} INFO - Filling up the DagBag from /home/ubuntu/zillowdata_de_youtube_venv/lib/python3.12/site-packages/airflow/example_dags/example_branch_operator.py
[2024-07-30T12:53:39.620+0000] {processor.py:842} WARNING - No viable dags retrieved from /home/ubuntu/zillowdata_de_youtube_venv/lib/python3.12/site-packages/airflow/example_dags/example_branch_operator.py
[2024-07-30T12:53:39.632+0000] {processor.py:183} INFO - Processing /home/ubuntu/zillowdata_de_youtube_venv/lib/python3.12/site-packages/airflow/example_dags/example_branch_operator.py took 0.024 seconds
[2024-07-30T12:54:36.297+0000] {processor.py:161} INFO - Started process (PID=8771) to work on /home/ubuntu/zillowdata_de_youtube_venv/lib/python3.12/site-packages/airflow/example_dags/example_branch_operator.py
[2024-07-30T12:54:36.299+0000] {processor.py:830} INFO - Processing file /home/ubuntu/zillowdata_de_youtube_venv/lib/python3.12/site-packages/airflow/example_dags/example_branch_operator.py for tasks to queue
[2024-07-30T12:54:36.301+0000] {logging_mixin.py:188} INFO - [2024-07-30T12:54:36.300+0000] {dagbag.py:545} INFO - Filling up the DagBag from /home/ubuntu/zillowdata_de_youtube_venv/lib/python3.12/site-packages/airflow/example_dags/example_branch_operator.py
[2024-07-30T12:54:36.304+0000] {processor.py:842} WARNING - No viable dags retrieved from /home/ubuntu/zillowdata_de_youtube_venv/lib/python3.12/site-packages/airflow/example_dags/example_branch_operator.py
[2024-07-30T12:54:36.315+0000] {processor.py:183} INFO - Processing /home/ubuntu/zillowdata_de_youtube_venv/lib/python3.12/site-packages/airflow/example_dags/example_branch_operator.py took 0.024 seconds
[2024-07-30T12:55:34.218+0000] {processor.py:161} INFO - Started process (PID=8936) to work on /home/ubuntu/zillowdata_de_youtube_venv/lib/python3.12/site-packages/airflow/example_dags/example_branch_operator.py
[2024-07-30T12:55:34.220+0000] {processor.py:830} INFO - Processing file /home/ubuntu/zillowdata_de_youtube_venv/lib/python3.12/site-packages/airflow/example_dags/example_branch_operator.py for tasks to queue
[2024-07-30T12:55:34.222+0000] {logging_mixin.py:188} INFO - [2024-07-30T12:55:34.221+0000] {dagbag.py:545} INFO - Filling up the DagBag from /home/ubuntu/zillowdata_de_youtube_venv/lib/python3.12/site-packages/airflow/example_dags/example_branch_operator.py
[2024-07-30T12:55:34.224+0000] {processor.py:842} WARNING - No viable dags retrieved from /home/ubuntu/zillowdata_de_youtube_venv/lib/python3.12/site-packages/airflow/example_dags/example_branch_operator.py
[2024-07-30T12:55:34.236+0000] {processor.py:183} INFO - Processing /home/ubuntu/zillowdata_de_youtube_venv/lib/python3.12/site-packages/airflow/example_dags/example_branch_operator.py took 0.024 seconds
[2024-07-30T12:56:33.641+0000] {processor.py:161} INFO - Started process (PID=9064) to work on /home/ubuntu/zillowdata_de_youtube_venv/lib/python3.12/site-packages/airflow/example_dags/example_branch_operator.py
[2024-07-30T12:56:33.643+0000] {processor.py:830} INFO - Processing file /home/ubuntu/zillowdata_de_youtube_venv/lib/python3.12/site-packages/airflow/example_dags/example_branch_operator.py for tasks to queue
[2024-07-30T12:56:33.645+0000] {logging_mixin.py:188} INFO - [2024-07-30T12:56:33.644+0000] {dagbag.py:545} INFO - Filling up the DagBag from /home/ubuntu/zillowdata_de_youtube_venv/lib/python3.12/site-packages/airflow/example_dags/example_branch_operator.py
[2024-07-30T12:56:33.647+0000] {processor.py:842} WARNING - No viable dags retrieved from /home/ubuntu/zillowdata_de_youtube_venv/lib/python3.12/site-packages/airflow/example_dags/example_branch_operator.py
[2024-07-30T12:56:33.658+0000] {processor.py:183} INFO - Processing /home/ubuntu/zillowdata_de_youtube_venv/lib/python3.12/site-packages/airflow/example_dags/example_branch_operator.py took 0.023 seconds
[2024-07-30T12:57:34.447+0000] {processor.py:161} INFO - Started process (PID=9126) to work on /home/ubuntu/zillowdata_de_youtube_venv/lib/python3.12/site-packages/airflow/example_dags/example_branch_operator.py
[2024-07-30T12:57:34.448+0000] {processor.py:830} INFO - Processing file /home/ubuntu/zillowdata_de_youtube_venv/lib/python3.12/site-packages/airflow/example_dags/example_branch_operator.py for tasks to queue
[2024-07-30T12:57:34.450+0000] {logging_mixin.py:188} INFO - [2024-07-30T12:57:34.450+0000] {dagbag.py:545} INFO - Filling up the DagBag from /home/ubuntu/zillowdata_de_youtube_venv/lib/python3.12/site-packages/airflow/example_dags/example_branch_operator.py
[2024-07-30T12:57:34.453+0000] {processor.py:842} WARNING - No viable dags retrieved from /home/ubuntu/zillowdata_de_youtube_venv/lib/python3.12/site-packages/airflow/example_dags/example_branch_operator.py
[2024-07-30T12:57:34.464+0000] {processor.py:183} INFO - Processing /home/ubuntu/zillowdata_de_youtube_venv/lib/python3.12/site-packages/airflow/example_dags/example_branch_operator.py took 0.023 seconds
[2024-07-30T12:58:34.356+0000] {processor.py:161} INFO - Started process (PID=9189) to work on /home/ubuntu/zillowdata_de_youtube_venv/lib/python3.12/site-packages/airflow/example_dags/example_branch_operator.py
[2024-07-30T12:58:34.358+0000] {processor.py:830} INFO - Processing file /home/ubuntu/zillowdata_de_youtube_venv/lib/python3.12/site-packages/airflow/example_dags/example_branch_operator.py for tasks to queue
[2024-07-30T12:58:34.360+0000] {logging_mixin.py:188} INFO - [2024-07-30T12:58:34.360+0000] {dagbag.py:545} INFO - Filling up the DagBag from /home/ubuntu/zillowdata_de_youtube_venv/lib/python3.12/site-packages/airflow/example_dags/example_branch_operator.py
[2024-07-30T12:58:34.363+0000] {processor.py:842} WARNING - No viable dags retrieved from /home/ubuntu/zillowdata_de_youtube_venv/lib/python3.12/site-packages/airflow/example_dags/example_branch_operator.py
[2024-07-30T12:58:34.374+0000] {processor.py:183} INFO - Processing /home/ubuntu/zillowdata_de_youtube_venv/lib/python3.12/site-packages/airflow/example_dags/example_branch_operator.py took 0.023 seconds
[2024-07-30T12:59:25.976+0000] {processor.py:161} INFO - Started process (PID=9246) to work on /home/ubuntu/zillowdata_de_youtube_venv/lib/python3.12/site-packages/airflow/example_dags/example_branch_operator.py
[2024-07-30T12:59:25.978+0000] {processor.py:830} INFO - Processing file /home/ubuntu/zillowdata_de_youtube_venv/lib/python3.12/site-packages/airflow/example_dags/example_branch_operator.py for tasks to queue
[2024-07-30T12:59:25.980+0000] {logging_mixin.py:188} INFO - [2024-07-30T12:59:25.979+0000] {dagbag.py:545} INFO - Filling up the DagBag from /home/ubuntu/zillowdata_de_youtube_venv/lib/python3.12/site-packages/airflow/example_dags/example_branch_operator.py
[2024-07-30T12:59:25.982+0000] {processor.py:842} WARNING - No viable dags retrieved from /home/ubuntu/zillowdata_de_youtube_venv/lib/python3.12/site-packages/airflow/example_dags/example_branch_operator.py
[2024-07-30T12:59:25.994+0000] {processor.py:183} INFO - Processing /home/ubuntu/zillowdata_de_youtube_venv/lib/python3.12/site-packages/airflow/example_dags/example_branch_operator.py took 0.024 seconds
[2024-07-30T13:00:28.129+0000] {processor.py:161} INFO - Started process (PID=9311) to work on /home/ubuntu/zillowdata_de_youtube_venv/lib/python3.12/site-packages/airflow/example_dags/example_branch_operator.py
[2024-07-30T13:00:28.131+0000] {processor.py:830} INFO - Processing file /home/ubuntu/zillowdata_de_youtube_venv/lib/python3.12/site-packages/airflow/example_dags/example_branch_operator.py for tasks to queue
[2024-07-30T13:00:28.133+0000] {logging_mixin.py:188} INFO - [2024-07-30T13:00:28.132+0000] {dagbag.py:545} INFO - Filling up the DagBag from /home/ubuntu/zillowdata_de_youtube_venv/lib/python3.12/site-packages/airflow/example_dags/example_branch_operator.py
[2024-07-30T13:00:28.135+0000] {processor.py:842} WARNING - No viable dags retrieved from /home/ubuntu/zillowdata_de_youtube_venv/lib/python3.12/site-packages/airflow/example_dags/example_branch_operator.py
[2024-07-30T13:00:28.146+0000] {processor.py:183} INFO - Processing /home/ubuntu/zillowdata_de_youtube_venv/lib/python3.12/site-packages/airflow/example_dags/example_branch_operator.py took 0.023 seconds
[2024-07-30T13:01:31.236+0000] {processor.py:161} INFO - Started process (PID=9376) to work on /home/ubuntu/zillowdata_de_youtube_venv/lib/python3.12/site-packages/airflow/example_dags/example_branch_operator.py
[2024-07-30T13:01:31.237+0000] {processor.py:830} INFO - Processing file /home/ubuntu/zillowdata_de_youtube_venv/lib/python3.12/site-packages/airflow/example_dags/example_branch_operator.py for tasks to queue
[2024-07-30T13:01:31.239+0000] {logging_mixin.py:188} INFO - [2024-07-30T13:01:31.238+0000] {dagbag.py:545} INFO - Filling up the DagBag from /home/ubuntu/zillowdata_de_youtube_venv/lib/python3.12/site-packages/airflow/example_dags/example_branch_operator.py
[2024-07-30T13:01:31.242+0000] {processor.py:842} WARNING - No viable dags retrieved from /home/ubuntu/zillowdata_de_youtube_venv/lib/python3.12/site-packages/airflow/example_dags/example_branch_operator.py
[2024-07-30T13:01:31.253+0000] {processor.py:183} INFO - Processing /home/ubuntu/zillowdata_de_youtube_venv/lib/python3.12/site-packages/airflow/example_dags/example_branch_operator.py took 0.023 seconds
[2024-07-30T13:02:29.611+0000] {processor.py:161} INFO - Started process (PID=9437) to work on /home/ubuntu/zillowdata_de_youtube_venv/lib/python3.12/site-packages/airflow/example_dags/example_branch_operator.py
[2024-07-30T13:02:29.612+0000] {processor.py:830} INFO - Processing file /home/ubuntu/zillowdata_de_youtube_venv/lib/python3.12/site-packages/airflow/example_dags/example_branch_operator.py for tasks to queue
[2024-07-30T13:02:29.614+0000] {logging_mixin.py:188} INFO - [2024-07-30T13:02:29.614+0000] {dagbag.py:545} INFO - Filling up the DagBag from /home/ubuntu/zillowdata_de_youtube_venv/lib/python3.12/site-packages/airflow/example_dags/example_branch_operator.py
[2024-07-30T13:02:29.617+0000] {processor.py:842} WARNING - No viable dags retrieved from /home/ubuntu/zillowdata_de_youtube_venv/lib/python3.12/site-packages/airflow/example_dags/example_branch_operator.py
[2024-07-30T13:02:29.628+0000] {processor.py:183} INFO - Processing /home/ubuntu/zillowdata_de_youtube_venv/lib/python3.12/site-packages/airflow/example_dags/example_branch_operator.py took 0.023 seconds
[2024-07-30T13:03:25.653+0000] {processor.py:161} INFO - Started process (PID=9496) to work on /home/ubuntu/zillowdata_de_youtube_venv/lib/python3.12/site-packages/airflow/example_dags/example_branch_operator.py
[2024-07-30T13:03:25.654+0000] {processor.py:830} INFO - Processing file /home/ubuntu/zillowdata_de_youtube_venv/lib/python3.12/site-packages/airflow/example_dags/example_branch_operator.py for tasks to queue
[2024-07-30T13:03:25.656+0000] {logging_mixin.py:188} INFO - [2024-07-30T13:03:25.656+0000] {dagbag.py:545} INFO - Filling up the DagBag from /home/ubuntu/zillowdata_de_youtube_venv/lib/python3.12/site-packages/airflow/example_dags/example_branch_operator.py
[2024-07-30T13:03:25.659+0000] {processor.py:842} WARNING - No viable dags retrieved from /home/ubuntu/zillowdata_de_youtube_venv/lib/python3.12/site-packages/airflow/example_dags/example_branch_operator.py
[2024-07-30T13:03:25.670+0000] {processor.py:183} INFO - Processing /home/ubuntu/zillowdata_de_youtube_venv/lib/python3.12/site-packages/airflow/example_dags/example_branch_operator.py took 0.024 seconds
[2024-07-30T13:04:28.479+0000] {processor.py:161} INFO - Started process (PID=9560) to work on /home/ubuntu/zillowdata_de_youtube_venv/lib/python3.12/site-packages/airflow/example_dags/example_branch_operator.py
[2024-07-30T13:04:28.480+0000] {processor.py:830} INFO - Processing file /home/ubuntu/zillowdata_de_youtube_venv/lib/python3.12/site-packages/airflow/example_dags/example_branch_operator.py for tasks to queue
[2024-07-30T13:04:28.482+0000] {logging_mixin.py:188} INFO - [2024-07-30T13:04:28.481+0000] {dagbag.py:545} INFO - Filling up the DagBag from /home/ubuntu/zillowdata_de_youtube_venv/lib/python3.12/site-packages/airflow/example_dags/example_branch_operator.py
[2024-07-30T13:04:28.485+0000] {processor.py:842} WARNING - No viable dags retrieved from /home/ubuntu/zillowdata_de_youtube_venv/lib/python3.12/site-packages/airflow/example_dags/example_branch_operator.py
[2024-07-30T13:04:28.496+0000] {processor.py:183} INFO - Processing /home/ubuntu/zillowdata_de_youtube_venv/lib/python3.12/site-packages/airflow/example_dags/example_branch_operator.py took 0.023 seconds
[2024-07-30T13:05:28.887+0000] {processor.py:161} INFO - Started process (PID=9628) to work on /home/ubuntu/zillowdata_de_youtube_venv/lib/python3.12/site-packages/airflow/example_dags/example_branch_operator.py
[2024-07-30T13:05:28.888+0000] {processor.py:830} INFO - Processing file /home/ubuntu/zillowdata_de_youtube_venv/lib/python3.12/site-packages/airflow/example_dags/example_branch_operator.py for tasks to queue
[2024-07-30T13:05:28.890+0000] {logging_mixin.py:188} INFO - [2024-07-30T13:05:28.890+0000] {dagbag.py:545} INFO - Filling up the DagBag from /home/ubuntu/zillowdata_de_youtube_venv/lib/python3.12/site-packages/airflow/example_dags/example_branch_operator.py
[2024-07-30T13:05:28.893+0000] {processor.py:842} WARNING - No viable dags retrieved from /home/ubuntu/zillowdata_de_youtube_venv/lib/python3.12/site-packages/airflow/example_dags/example_branch_operator.py
[2024-07-30T13:05:28.904+0000] {processor.py:183} INFO - Processing /home/ubuntu/zillowdata_de_youtube_venv/lib/python3.12/site-packages/airflow/example_dags/example_branch_operator.py took 0.024 seconds
[2024-07-30T13:06:27.880+0000] {processor.py:161} INFO - Started process (PID=9692) to work on /home/ubuntu/zillowdata_de_youtube_venv/lib/python3.12/site-packages/airflow/example_dags/example_branch_operator.py
[2024-07-30T13:06:27.881+0000] {processor.py:830} INFO - Processing file /home/ubuntu/zillowdata_de_youtube_venv/lib/python3.12/site-packages/airflow/example_dags/example_branch_operator.py for tasks to queue
[2024-07-30T13:06:27.883+0000] {logging_mixin.py:188} INFO - [2024-07-30T13:06:27.883+0000] {dagbag.py:545} INFO - Filling up the DagBag from /home/ubuntu/zillowdata_de_youtube_venv/lib/python3.12/site-packages/airflow/example_dags/example_branch_operator.py
[2024-07-30T13:06:27.886+0000] {processor.py:842} WARNING - No viable dags retrieved from /home/ubuntu/zillowdata_de_youtube_venv/lib/python3.12/site-packages/airflow/example_dags/example_branch_operator.py
[2024-07-30T13:06:27.897+0000] {processor.py:183} INFO - Processing /home/ubuntu/zillowdata_de_youtube_venv/lib/python3.12/site-packages/airflow/example_dags/example_branch_operator.py took 0.024 seconds
[2024-07-30T13:07:24.526+0000] {processor.py:161} INFO - Started process (PID=9750) to work on /home/ubuntu/zillowdata_de_youtube_venv/lib/python3.12/site-packages/airflow/example_dags/example_branch_operator.py
[2024-07-30T13:07:24.527+0000] {processor.py:830} INFO - Processing file /home/ubuntu/zillowdata_de_youtube_venv/lib/python3.12/site-packages/airflow/example_dags/example_branch_operator.py for tasks to queue
[2024-07-30T13:07:24.529+0000] {logging_mixin.py:188} INFO - [2024-07-30T13:07:24.529+0000] {dagbag.py:545} INFO - Filling up the DagBag from /home/ubuntu/zillowdata_de_youtube_venv/lib/python3.12/site-packages/airflow/example_dags/example_branch_operator.py
[2024-07-30T13:07:24.532+0000] {processor.py:842} WARNING - No viable dags retrieved from /home/ubuntu/zillowdata_de_youtube_venv/lib/python3.12/site-packages/airflow/example_dags/example_branch_operator.py
[2024-07-30T13:07:24.543+0000] {processor.py:183} INFO - Processing /home/ubuntu/zillowdata_de_youtube_venv/lib/python3.12/site-packages/airflow/example_dags/example_branch_operator.py took 0.024 seconds
[2024-07-30T13:08:25.601+0000] {processor.py:161} INFO - Started process (PID=9814) to work on /home/ubuntu/zillowdata_de_youtube_venv/lib/python3.12/site-packages/airflow/example_dags/example_branch_operator.py
[2024-07-30T13:08:25.602+0000] {processor.py:830} INFO - Processing file /home/ubuntu/zillowdata_de_youtube_venv/lib/python3.12/site-packages/airflow/example_dags/example_branch_operator.py for tasks to queue
[2024-07-30T13:08:25.604+0000] {logging_mixin.py:188} INFO - [2024-07-30T13:08:25.604+0000] {dagbag.py:545} INFO - Filling up the DagBag from /home/ubuntu/zillowdata_de_youtube_venv/lib/python3.12/site-packages/airflow/example_dags/example_branch_operator.py
[2024-07-30T13:08:25.607+0000] {processor.py:842} WARNING - No viable dags retrieved from /home/ubuntu/zillowdata_de_youtube_venv/lib/python3.12/site-packages/airflow/example_dags/example_branch_operator.py
[2024-07-30T13:08:25.618+0000] {processor.py:183} INFO - Processing /home/ubuntu/zillowdata_de_youtube_venv/lib/python3.12/site-packages/airflow/example_dags/example_branch_operator.py took 0.024 seconds
[2024-07-30T13:09:26.120+0000] {processor.py:161} INFO - Started process (PID=9876) to work on /home/ubuntu/zillowdata_de_youtube_venv/lib/python3.12/site-packages/airflow/example_dags/example_branch_operator.py
[2024-07-30T13:09:26.122+0000] {processor.py:830} INFO - Processing file /home/ubuntu/zillowdata_de_youtube_venv/lib/python3.12/site-packages/airflow/example_dags/example_branch_operator.py for tasks to queue
[2024-07-30T13:09:26.123+0000] {logging_mixin.py:188} INFO - [2024-07-30T13:09:26.123+0000] {dagbag.py:545} INFO - Filling up the DagBag from /home/ubuntu/zillowdata_de_youtube_venv/lib/python3.12/site-packages/airflow/example_dags/example_branch_operator.py
[2024-07-30T13:09:26.126+0000] {processor.py:842} WARNING - No viable dags retrieved from /home/ubuntu/zillowdata_de_youtube_venv/lib/python3.12/site-packages/airflow/example_dags/example_branch_operator.py
[2024-07-30T13:09:26.137+0000] {processor.py:183} INFO - Processing /home/ubuntu/zillowdata_de_youtube_venv/lib/python3.12/site-packages/airflow/example_dags/example_branch_operator.py took 0.024 seconds
[2024-07-30T13:10:26.684+0000] {processor.py:161} INFO - Started process (PID=9942) to work on /home/ubuntu/zillowdata_de_youtube_venv/lib/python3.12/site-packages/airflow/example_dags/example_branch_operator.py
[2024-07-30T13:10:26.686+0000] {processor.py:830} INFO - Processing file /home/ubuntu/zillowdata_de_youtube_venv/lib/python3.12/site-packages/airflow/example_dags/example_branch_operator.py for tasks to queue
[2024-07-30T13:10:26.687+0000] {logging_mixin.py:188} INFO - [2024-07-30T13:10:26.687+0000] {dagbag.py:545} INFO - Filling up the DagBag from /home/ubuntu/zillowdata_de_youtube_venv/lib/python3.12/site-packages/airflow/example_dags/example_branch_operator.py
[2024-07-30T13:10:26.690+0000] {processor.py:842} WARNING - No viable dags retrieved from /home/ubuntu/zillowdata_de_youtube_venv/lib/python3.12/site-packages/airflow/example_dags/example_branch_operator.py
[2024-07-30T13:10:26.701+0000] {processor.py:183} INFO - Processing /home/ubuntu/zillowdata_de_youtube_venv/lib/python3.12/site-packages/airflow/example_dags/example_branch_operator.py took 0.024 seconds
