[2024-07-30T11:55:36.429+0000] {processor.py:161} INFO - Started process (PID=4755) to work on /home/ubuntu/zillowdata_de_youtube_venv/lib/python3.12/site-packages/airflow/example_dags/example_branch_operator_decorator.py
[2024-07-30T11:55:36.430+0000] {processor.py:830} INFO - Processing file /home/ubuntu/zillowdata_de_youtube_venv/lib/python3.12/site-packages/airflow/example_dags/example_branch_operator_decorator.py for tasks to queue
[2024-07-30T11:55:36.432+0000] {logging_mixin.py:188} INFO - [2024-07-30T11:55:36.432+0000] {dagbag.py:545} INFO - Filling up the DagBag from /home/ubuntu/zillowdata_de_youtube_venv/lib/python3.12/site-packages/airflow/example_dags/example_branch_operator_decorator.py
[2024-07-30T11:55:36.435+0000] {processor.py:842} WARNING - No viable dags retrieved from /home/ubuntu/zillowdata_de_youtube_venv/lib/python3.12/site-packages/airflow/example_dags/example_branch_operator_decorator.py
[2024-07-30T11:55:36.446+0000] {processor.py:183} INFO - Processing /home/ubuntu/zillowdata_de_youtube_venv/lib/python3.12/site-packages/airflow/example_dags/example_branch_operator_decorator.py took 0.022 seconds
[2024-07-30T11:56:26.674+0000] {processor.py:161} INFO - Started process (PID=4806) to work on /home/ubuntu/zillowdata_de_youtube_venv/lib/python3.12/site-packages/airflow/example_dags/example_branch_operator_decorator.py
[2024-07-30T11:56:26.676+0000] {processor.py:830} INFO - Processing file /home/ubuntu/zillowdata_de_youtube_venv/lib/python3.12/site-packages/airflow/example_dags/example_branch_operator_decorator.py for tasks to queue
[2024-07-30T11:56:26.678+0000] {logging_mixin.py:188} INFO - [2024-07-30T11:56:26.677+0000] {dagbag.py:545} INFO - Filling up the DagBag from /home/ubuntu/zillowdata_de_youtube_venv/lib/python3.12/site-packages/airflow/example_dags/example_branch_operator_decorator.py
[2024-07-30T11:56:26.680+0000] {processor.py:842} WARNING - No viable dags retrieved from /home/ubuntu/zillowdata_de_youtube_venv/lib/python3.12/site-packages/airflow/example_dags/example_branch_operator_decorator.py
[2024-07-30T11:56:26.691+0000] {processor.py:183} INFO - Processing /home/ubuntu/zillowdata_de_youtube_venv/lib/python3.12/site-packages/airflow/example_dags/example_branch_operator_decorator.py took 0.022 seconds
[2024-07-30T11:57:21.476+0000] {processor.py:161} INFO - Started process (PID=4865) to work on /home/ubuntu/zillowdata_de_youtube_venv/lib/python3.12/site-packages/airflow/example_dags/example_branch_operator_decorator.py
[2024-07-30T11:57:21.477+0000] {processor.py:830} INFO - Processing file /home/ubuntu/zillowdata_de_youtube_venv/lib/python3.12/site-packages/airflow/example_dags/example_branch_operator_decorator.py for tasks to queue
[2024-07-30T11:57:21.479+0000] {logging_mixin.py:188} INFO - [2024-07-30T11:57:21.478+0000] {dagbag.py:545} INFO - Filling up the DagBag from /home/ubuntu/zillowdata_de_youtube_venv/lib/python3.12/site-packages/airflow/example_dags/example_branch_operator_decorator.py
[2024-07-30T11:57:21.482+0000] {processor.py:842} WARNING - No viable dags retrieved from /home/ubuntu/zillowdata_de_youtube_venv/lib/python3.12/site-packages/airflow/example_dags/example_branch_operator_decorator.py
[2024-07-30T11:57:21.492+0000] {processor.py:183} INFO - Processing /home/ubuntu/zillowdata_de_youtube_venv/lib/python3.12/site-packages/airflow/example_dags/example_branch_operator_decorator.py took 0.023 seconds
[2024-07-30T11:58:21.373+0000] {processor.py:161} INFO - Started process (PID=4926) to work on /home/ubuntu/zillowdata_de_youtube_venv/lib/python3.12/site-packages/airflow/example_dags/example_branch_operator_decorator.py
[2024-07-30T11:58:21.375+0000] {processor.py:830} INFO - Processing file /home/ubuntu/zillowdata_de_youtube_venv/lib/python3.12/site-packages/airflow/example_dags/example_branch_operator_decorator.py for tasks to queue
[2024-07-30T11:58:21.376+0000] {logging_mixin.py:188} INFO - [2024-07-30T11:58:21.376+0000] {dagbag.py:545} INFO - Filling up the DagBag from /home/ubuntu/zillowdata_de_youtube_venv/lib/python3.12/site-packages/airflow/example_dags/example_branch_operator_decorator.py
[2024-07-30T11:58:21.379+0000] {processor.py:842} WARNING - No viable dags retrieved from /home/ubuntu/zillowdata_de_youtube_venv/lib/python3.12/site-packages/airflow/example_dags/example_branch_operator_decorator.py
[2024-07-30T11:58:21.390+0000] {processor.py:183} INFO - Processing /home/ubuntu/zillowdata_de_youtube_venv/lib/python3.12/site-packages/airflow/example_dags/example_branch_operator_decorator.py took 0.023 seconds
[2024-07-30T11:59:19.297+0000] {processor.py:161} INFO - Started process (PID=4987) to work on /home/ubuntu/zillowdata_de_youtube_venv/lib/python3.12/site-packages/airflow/example_dags/example_branch_operator_decorator.py
[2024-07-30T11:59:19.298+0000] {processor.py:830} INFO - Processing file /home/ubuntu/zillowdata_de_youtube_venv/lib/python3.12/site-packages/airflow/example_dags/example_branch_operator_decorator.py for tasks to queue
[2024-07-30T11:59:19.300+0000] {logging_mixin.py:188} INFO - [2024-07-30T11:59:19.300+0000] {dagbag.py:545} INFO - Filling up the DagBag from /home/ubuntu/zillowdata_de_youtube_venv/lib/python3.12/site-packages/airflow/example_dags/example_branch_operator_decorator.py
[2024-07-30T11:59:19.303+0000] {processor.py:842} WARNING - No viable dags retrieved from /home/ubuntu/zillowdata_de_youtube_venv/lib/python3.12/site-packages/airflow/example_dags/example_branch_operator_decorator.py
[2024-07-30T11:59:19.313+0000] {processor.py:183} INFO - Processing /home/ubuntu/zillowdata_de_youtube_venv/lib/python3.12/site-packages/airflow/example_dags/example_branch_operator_decorator.py took 0.023 seconds
[2024-07-30T12:00:20.021+0000] {processor.py:161} INFO - Started process (PID=5055) to work on /home/ubuntu/zillowdata_de_youtube_venv/lib/python3.12/site-packages/airflow/example_dags/example_branch_operator_decorator.py
[2024-07-30T12:00:20.023+0000] {processor.py:830} INFO - Processing file /home/ubuntu/zillowdata_de_youtube_venv/lib/python3.12/site-packages/airflow/example_dags/example_branch_operator_decorator.py for tasks to queue
[2024-07-30T12:00:20.024+0000] {logging_mixin.py:188} INFO - [2024-07-30T12:00:20.024+0000] {dagbag.py:545} INFO - Filling up the DagBag from /home/ubuntu/zillowdata_de_youtube_venv/lib/python3.12/site-packages/airflow/example_dags/example_branch_operator_decorator.py
[2024-07-30T12:00:20.027+0000] {processor.py:842} WARNING - No viable dags retrieved from /home/ubuntu/zillowdata_de_youtube_venv/lib/python3.12/site-packages/airflow/example_dags/example_branch_operator_decorator.py
[2024-07-30T12:00:20.038+0000] {processor.py:183} INFO - Processing /home/ubuntu/zillowdata_de_youtube_venv/lib/python3.12/site-packages/airflow/example_dags/example_branch_operator_decorator.py took 0.023 seconds
[2024-07-30T12:01:23.982+0000] {processor.py:161} INFO - Started process (PID=5120) to work on /home/ubuntu/zillowdata_de_youtube_venv/lib/python3.12/site-packages/airflow/example_dags/example_branch_operator_decorator.py
[2024-07-30T12:01:23.984+0000] {processor.py:830} INFO - Processing file /home/ubuntu/zillowdata_de_youtube_venv/lib/python3.12/site-packages/airflow/example_dags/example_branch_operator_decorator.py for tasks to queue
[2024-07-30T12:01:23.986+0000] {logging_mixin.py:188} INFO - [2024-07-30T12:01:23.986+0000] {dagbag.py:545} INFO - Filling up the DagBag from /home/ubuntu/zillowdata_de_youtube_venv/lib/python3.12/site-packages/airflow/example_dags/example_branch_operator_decorator.py
[2024-07-30T12:01:23.989+0000] {processor.py:842} WARNING - No viable dags retrieved from /home/ubuntu/zillowdata_de_youtube_venv/lib/python3.12/site-packages/airflow/example_dags/example_branch_operator_decorator.py
[2024-07-30T12:01:24.000+0000] {processor.py:183} INFO - Processing /home/ubuntu/zillowdata_de_youtube_venv/lib/python3.12/site-packages/airflow/example_dags/example_branch_operator_decorator.py took 0.024 seconds
[2024-07-30T12:02:23.396+0000] {processor.py:161} INFO - Started process (PID=5181) to work on /home/ubuntu/zillowdata_de_youtube_venv/lib/python3.12/site-packages/airflow/example_dags/example_branch_operator_decorator.py
[2024-07-30T12:02:23.398+0000] {processor.py:830} INFO - Processing file /home/ubuntu/zillowdata_de_youtube_venv/lib/python3.12/site-packages/airflow/example_dags/example_branch_operator_decorator.py for tasks to queue
[2024-07-30T12:02:23.400+0000] {logging_mixin.py:188} INFO - [2024-07-30T12:02:23.399+0000] {dagbag.py:545} INFO - Filling up the DagBag from /home/ubuntu/zillowdata_de_youtube_venv/lib/python3.12/site-packages/airflow/example_dags/example_branch_operator_decorator.py
[2024-07-30T12:02:23.403+0000] {processor.py:842} WARNING - No viable dags retrieved from /home/ubuntu/zillowdata_de_youtube_venv/lib/python3.12/site-packages/airflow/example_dags/example_branch_operator_decorator.py
[2024-07-30T12:02:23.413+0000] {processor.py:183} INFO - Processing /home/ubuntu/zillowdata_de_youtube_venv/lib/python3.12/site-packages/airflow/example_dags/example_branch_operator_decorator.py took 0.023 seconds
[2024-07-30T12:03:26.245+0000] {processor.py:161} INFO - Started process (PID=5260) to work on /home/ubuntu/zillowdata_de_youtube_venv/lib/python3.12/site-packages/airflow/example_dags/example_branch_operator_decorator.py
[2024-07-30T12:03:26.247+0000] {processor.py:830} INFO - Processing file /home/ubuntu/zillowdata_de_youtube_venv/lib/python3.12/site-packages/airflow/example_dags/example_branch_operator_decorator.py for tasks to queue
[2024-07-30T12:03:26.249+0000] {logging_mixin.py:188} INFO - [2024-07-30T12:03:26.248+0000] {dagbag.py:545} INFO - Filling up the DagBag from /home/ubuntu/zillowdata_de_youtube_venv/lib/python3.12/site-packages/airflow/example_dags/example_branch_operator_decorator.py
[2024-07-30T12:03:26.251+0000] {processor.py:842} WARNING - No viable dags retrieved from /home/ubuntu/zillowdata_de_youtube_venv/lib/python3.12/site-packages/airflow/example_dags/example_branch_operator_decorator.py
[2024-07-30T12:03:26.262+0000] {processor.py:183} INFO - Processing /home/ubuntu/zillowdata_de_youtube_venv/lib/python3.12/site-packages/airflow/example_dags/example_branch_operator_decorator.py took 0.023 seconds
[2024-07-30T12:04:29.149+0000] {processor.py:161} INFO - Started process (PID=5325) to work on /home/ubuntu/zillowdata_de_youtube_venv/lib/python3.12/site-packages/airflow/example_dags/example_branch_operator_decorator.py
[2024-07-30T12:04:29.151+0000] {processor.py:830} INFO - Processing file /home/ubuntu/zillowdata_de_youtube_venv/lib/python3.12/site-packages/airflow/example_dags/example_branch_operator_decorator.py for tasks to queue
[2024-07-30T12:04:29.152+0000] {logging_mixin.py:188} INFO - [2024-07-30T12:04:29.152+0000] {dagbag.py:545} INFO - Filling up the DagBag from /home/ubuntu/zillowdata_de_youtube_venv/lib/python3.12/site-packages/airflow/example_dags/example_branch_operator_decorator.py
[2024-07-30T12:04:29.155+0000] {processor.py:842} WARNING - No viable dags retrieved from /home/ubuntu/zillowdata_de_youtube_venv/lib/python3.12/site-packages/airflow/example_dags/example_branch_operator_decorator.py
[2024-07-30T12:04:29.166+0000] {processor.py:183} INFO - Processing /home/ubuntu/zillowdata_de_youtube_venv/lib/python3.12/site-packages/airflow/example_dags/example_branch_operator_decorator.py took 0.023 seconds
[2024-07-30T12:05:29.636+0000] {processor.py:161} INFO - Started process (PID=5394) to work on /home/ubuntu/zillowdata_de_youtube_venv/lib/python3.12/site-packages/airflow/example_dags/example_branch_operator_decorator.py
[2024-07-30T12:05:29.637+0000] {processor.py:830} INFO - Processing file /home/ubuntu/zillowdata_de_youtube_venv/lib/python3.12/site-packages/airflow/example_dags/example_branch_operator_decorator.py for tasks to queue
[2024-07-30T12:05:29.639+0000] {logging_mixin.py:188} INFO - [2024-07-30T12:05:29.638+0000] {dagbag.py:545} INFO - Filling up the DagBag from /home/ubuntu/zillowdata_de_youtube_venv/lib/python3.12/site-packages/airflow/example_dags/example_branch_operator_decorator.py
[2024-07-30T12:05:29.641+0000] {processor.py:842} WARNING - No viable dags retrieved from /home/ubuntu/zillowdata_de_youtube_venv/lib/python3.12/site-packages/airflow/example_dags/example_branch_operator_decorator.py
[2024-07-30T12:05:29.653+0000] {processor.py:183} INFO - Processing /home/ubuntu/zillowdata_de_youtube_venv/lib/python3.12/site-packages/airflow/example_dags/example_branch_operator_decorator.py took 0.023 seconds
[2024-07-30T12:06:28.989+0000] {processor.py:161} INFO - Started process (PID=5455) to work on /home/ubuntu/zillowdata_de_youtube_venv/lib/python3.12/site-packages/airflow/example_dags/example_branch_operator_decorator.py
[2024-07-30T12:06:28.990+0000] {processor.py:830} INFO - Processing file /home/ubuntu/zillowdata_de_youtube_venv/lib/python3.12/site-packages/airflow/example_dags/example_branch_operator_decorator.py for tasks to queue
[2024-07-30T12:06:28.992+0000] {logging_mixin.py:188} INFO - [2024-07-30T12:06:28.992+0000] {dagbag.py:545} INFO - Filling up the DagBag from /home/ubuntu/zillowdata_de_youtube_venv/lib/python3.12/site-packages/airflow/example_dags/example_branch_operator_decorator.py
[2024-07-30T12:06:28.995+0000] {processor.py:842} WARNING - No viable dags retrieved from /home/ubuntu/zillowdata_de_youtube_venv/lib/python3.12/site-packages/airflow/example_dags/example_branch_operator_decorator.py
[2024-07-30T12:06:29.006+0000] {processor.py:183} INFO - Processing /home/ubuntu/zillowdata_de_youtube_venv/lib/python3.12/site-packages/airflow/example_dags/example_branch_operator_decorator.py took 0.023 seconds
[2024-07-30T12:07:30.782+0000] {processor.py:161} INFO - Started process (PID=5520) to work on /home/ubuntu/zillowdata_de_youtube_venv/lib/python3.12/site-packages/airflow/example_dags/example_branch_operator_decorator.py
[2024-07-30T12:07:30.784+0000] {processor.py:830} INFO - Processing file /home/ubuntu/zillowdata_de_youtube_venv/lib/python3.12/site-packages/airflow/example_dags/example_branch_operator_decorator.py for tasks to queue
[2024-07-30T12:07:30.785+0000] {logging_mixin.py:188} INFO - [2024-07-30T12:07:30.785+0000] {dagbag.py:545} INFO - Filling up the DagBag from /home/ubuntu/zillowdata_de_youtube_venv/lib/python3.12/site-packages/airflow/example_dags/example_branch_operator_decorator.py
[2024-07-30T12:07:30.788+0000] {processor.py:842} WARNING - No viable dags retrieved from /home/ubuntu/zillowdata_de_youtube_venv/lib/python3.12/site-packages/airflow/example_dags/example_branch_operator_decorator.py
[2024-07-30T12:07:30.799+0000] {processor.py:183} INFO - Processing /home/ubuntu/zillowdata_de_youtube_venv/lib/python3.12/site-packages/airflow/example_dags/example_branch_operator_decorator.py took 0.023 seconds
[2024-07-30T12:08:30.806+0000] {processor.py:161} INFO - Started process (PID=5585) to work on /home/ubuntu/zillowdata_de_youtube_venv/lib/python3.12/site-packages/airflow/example_dags/example_branch_operator_decorator.py
[2024-07-30T12:08:30.807+0000] {processor.py:830} INFO - Processing file /home/ubuntu/zillowdata_de_youtube_venv/lib/python3.12/site-packages/airflow/example_dags/example_branch_operator_decorator.py for tasks to queue
[2024-07-30T12:08:30.809+0000] {logging_mixin.py:188} INFO - [2024-07-30T12:08:30.808+0000] {dagbag.py:545} INFO - Filling up the DagBag from /home/ubuntu/zillowdata_de_youtube_venv/lib/python3.12/site-packages/airflow/example_dags/example_branch_operator_decorator.py
[2024-07-30T12:08:30.811+0000] {processor.py:842} WARNING - No viable dags retrieved from /home/ubuntu/zillowdata_de_youtube_venv/lib/python3.12/site-packages/airflow/example_dags/example_branch_operator_decorator.py
[2024-07-30T12:08:30.822+0000] {processor.py:183} INFO - Processing /home/ubuntu/zillowdata_de_youtube_venv/lib/python3.12/site-packages/airflow/example_dags/example_branch_operator_decorator.py took 0.022 seconds
[2024-07-30T12:09:31.375+0000] {processor.py:161} INFO - Started process (PID=5647) to work on /home/ubuntu/zillowdata_de_youtube_venv/lib/python3.12/site-packages/airflow/example_dags/example_branch_operator_decorator.py
[2024-07-30T12:09:31.376+0000] {processor.py:830} INFO - Processing file /home/ubuntu/zillowdata_de_youtube_venv/lib/python3.12/site-packages/airflow/example_dags/example_branch_operator_decorator.py for tasks to queue
[2024-07-30T12:09:31.378+0000] {logging_mixin.py:188} INFO - [2024-07-30T12:09:31.378+0000] {dagbag.py:545} INFO - Filling up the DagBag from /home/ubuntu/zillowdata_de_youtube_venv/lib/python3.12/site-packages/airflow/example_dags/example_branch_operator_decorator.py
[2024-07-30T12:09:31.381+0000] {processor.py:842} WARNING - No viable dags retrieved from /home/ubuntu/zillowdata_de_youtube_venv/lib/python3.12/site-packages/airflow/example_dags/example_branch_operator_decorator.py
[2024-07-30T12:09:31.392+0000] {processor.py:183} INFO - Processing /home/ubuntu/zillowdata_de_youtube_venv/lib/python3.12/site-packages/airflow/example_dags/example_branch_operator_decorator.py took 0.023 seconds
[2024-07-30T12:10:31.931+0000] {processor.py:161} INFO - Started process (PID=5717) to work on /home/ubuntu/zillowdata_de_youtube_venv/lib/python3.12/site-packages/airflow/example_dags/example_branch_operator_decorator.py
[2024-07-30T12:10:31.933+0000] {processor.py:830} INFO - Processing file /home/ubuntu/zillowdata_de_youtube_venv/lib/python3.12/site-packages/airflow/example_dags/example_branch_operator_decorator.py for tasks to queue
[2024-07-30T12:10:31.934+0000] {logging_mixin.py:188} INFO - [2024-07-30T12:10:31.934+0000] {dagbag.py:545} INFO - Filling up the DagBag from /home/ubuntu/zillowdata_de_youtube_venv/lib/python3.12/site-packages/airflow/example_dags/example_branch_operator_decorator.py
[2024-07-30T12:10:31.937+0000] {processor.py:842} WARNING - No viable dags retrieved from /home/ubuntu/zillowdata_de_youtube_venv/lib/python3.12/site-packages/airflow/example_dags/example_branch_operator_decorator.py
[2024-07-30T12:10:31.948+0000] {processor.py:183} INFO - Processing /home/ubuntu/zillowdata_de_youtube_venv/lib/python3.12/site-packages/airflow/example_dags/example_branch_operator_decorator.py took 0.023 seconds
[2024-07-30T12:11:31.515+0000] {processor.py:161} INFO - Started process (PID=5778) to work on /home/ubuntu/zillowdata_de_youtube_venv/lib/python3.12/site-packages/airflow/example_dags/example_branch_operator_decorator.py
[2024-07-30T12:11:31.516+0000] {processor.py:830} INFO - Processing file /home/ubuntu/zillowdata_de_youtube_venv/lib/python3.12/site-packages/airflow/example_dags/example_branch_operator_decorator.py for tasks to queue
[2024-07-30T12:11:31.518+0000] {logging_mixin.py:188} INFO - [2024-07-30T12:11:31.517+0000] {dagbag.py:545} INFO - Filling up the DagBag from /home/ubuntu/zillowdata_de_youtube_venv/lib/python3.12/site-packages/airflow/example_dags/example_branch_operator_decorator.py
[2024-07-30T12:11:31.521+0000] {processor.py:842} WARNING - No viable dags retrieved from /home/ubuntu/zillowdata_de_youtube_venv/lib/python3.12/site-packages/airflow/example_dags/example_branch_operator_decorator.py
[2024-07-30T12:11:31.531+0000] {processor.py:183} INFO - Processing /home/ubuntu/zillowdata_de_youtube_venv/lib/python3.12/site-packages/airflow/example_dags/example_branch_operator_decorator.py took 0.023 seconds
[2024-07-30T12:12:31.712+0000] {processor.py:161} INFO - Started process (PID=5841) to work on /home/ubuntu/zillowdata_de_youtube_venv/lib/python3.12/site-packages/airflow/example_dags/example_branch_operator_decorator.py
[2024-07-30T12:12:31.714+0000] {processor.py:830} INFO - Processing file /home/ubuntu/zillowdata_de_youtube_venv/lib/python3.12/site-packages/airflow/example_dags/example_branch_operator_decorator.py for tasks to queue
[2024-07-30T12:12:31.716+0000] {logging_mixin.py:188} INFO - [2024-07-30T12:12:31.715+0000] {dagbag.py:545} INFO - Filling up the DagBag from /home/ubuntu/zillowdata_de_youtube_venv/lib/python3.12/site-packages/airflow/example_dags/example_branch_operator_decorator.py
[2024-07-30T12:12:31.719+0000] {processor.py:842} WARNING - No viable dags retrieved from /home/ubuntu/zillowdata_de_youtube_venv/lib/python3.12/site-packages/airflow/example_dags/example_branch_operator_decorator.py
[2024-07-30T12:12:31.730+0000] {processor.py:183} INFO - Processing /home/ubuntu/zillowdata_de_youtube_venv/lib/python3.12/site-packages/airflow/example_dags/example_branch_operator_decorator.py took 0.023 seconds
[2024-07-30T12:13:33.664+0000] {processor.py:161} INFO - Started process (PID=5904) to work on /home/ubuntu/zillowdata_de_youtube_venv/lib/python3.12/site-packages/airflow/example_dags/example_branch_operator_decorator.py
[2024-07-30T12:13:33.666+0000] {processor.py:830} INFO - Processing file /home/ubuntu/zillowdata_de_youtube_venv/lib/python3.12/site-packages/airflow/example_dags/example_branch_operator_decorator.py for tasks to queue
[2024-07-30T12:13:33.667+0000] {logging_mixin.py:188} INFO - [2024-07-30T12:13:33.667+0000] {dagbag.py:545} INFO - Filling up the DagBag from /home/ubuntu/zillowdata_de_youtube_venv/lib/python3.12/site-packages/airflow/example_dags/example_branch_operator_decorator.py
[2024-07-30T12:13:33.670+0000] {processor.py:842} WARNING - No viable dags retrieved from /home/ubuntu/zillowdata_de_youtube_venv/lib/python3.12/site-packages/airflow/example_dags/example_branch_operator_decorator.py
[2024-07-30T12:13:33.681+0000] {processor.py:183} INFO - Processing /home/ubuntu/zillowdata_de_youtube_venv/lib/python3.12/site-packages/airflow/example_dags/example_branch_operator_decorator.py took 0.022 seconds
[2024-07-30T12:14:36.652+0000] {processor.py:161} INFO - Started process (PID=5967) to work on /home/ubuntu/zillowdata_de_youtube_venv/lib/python3.12/site-packages/airflow/example_dags/example_branch_operator_decorator.py
[2024-07-30T12:14:36.654+0000] {processor.py:830} INFO - Processing file /home/ubuntu/zillowdata_de_youtube_venv/lib/python3.12/site-packages/airflow/example_dags/example_branch_operator_decorator.py for tasks to queue
[2024-07-30T12:14:36.655+0000] {logging_mixin.py:188} INFO - [2024-07-30T12:14:36.655+0000] {dagbag.py:545} INFO - Filling up the DagBag from /home/ubuntu/zillowdata_de_youtube_venv/lib/python3.12/site-packages/airflow/example_dags/example_branch_operator_decorator.py
[2024-07-30T12:14:36.658+0000] {processor.py:842} WARNING - No viable dags retrieved from /home/ubuntu/zillowdata_de_youtube_venv/lib/python3.12/site-packages/airflow/example_dags/example_branch_operator_decorator.py
[2024-07-30T12:14:36.669+0000] {processor.py:183} INFO - Processing /home/ubuntu/zillowdata_de_youtube_venv/lib/python3.12/site-packages/airflow/example_dags/example_branch_operator_decorator.py took 0.023 seconds
[2024-07-30T12:15:35.997+0000] {processor.py:161} INFO - Started process (PID=6035) to work on /home/ubuntu/zillowdata_de_youtube_venv/lib/python3.12/site-packages/airflow/example_dags/example_branch_operator_decorator.py
[2024-07-30T12:15:35.998+0000] {processor.py:830} INFO - Processing file /home/ubuntu/zillowdata_de_youtube_venv/lib/python3.12/site-packages/airflow/example_dags/example_branch_operator_decorator.py for tasks to queue
[2024-07-30T12:15:36.000+0000] {logging_mixin.py:188} INFO - [2024-07-30T12:15:36.000+0000] {dagbag.py:545} INFO - Filling up the DagBag from /home/ubuntu/zillowdata_de_youtube_venv/lib/python3.12/site-packages/airflow/example_dags/example_branch_operator_decorator.py
[2024-07-30T12:15:36.003+0000] {processor.py:842} WARNING - No viable dags retrieved from /home/ubuntu/zillowdata_de_youtube_venv/lib/python3.12/site-packages/airflow/example_dags/example_branch_operator_decorator.py
[2024-07-30T12:15:36.013+0000] {processor.py:183} INFO - Processing /home/ubuntu/zillowdata_de_youtube_venv/lib/python3.12/site-packages/airflow/example_dags/example_branch_operator_decorator.py took 0.023 seconds
[2024-07-30T12:16:38.288+0000] {processor.py:161} INFO - Started process (PID=6097) to work on /home/ubuntu/zillowdata_de_youtube_venv/lib/python3.12/site-packages/airflow/example_dags/example_branch_operator_decorator.py
[2024-07-30T12:16:38.289+0000] {processor.py:830} INFO - Processing file /home/ubuntu/zillowdata_de_youtube_venv/lib/python3.12/site-packages/airflow/example_dags/example_branch_operator_decorator.py for tasks to queue
[2024-07-30T12:16:38.291+0000] {logging_mixin.py:188} INFO - [2024-07-30T12:16:38.291+0000] {dagbag.py:545} INFO - Filling up the DagBag from /home/ubuntu/zillowdata_de_youtube_venv/lib/python3.12/site-packages/airflow/example_dags/example_branch_operator_decorator.py
[2024-07-30T12:16:38.294+0000] {processor.py:842} WARNING - No viable dags retrieved from /home/ubuntu/zillowdata_de_youtube_venv/lib/python3.12/site-packages/airflow/example_dags/example_branch_operator_decorator.py
[2024-07-30T12:16:38.305+0000] {processor.py:183} INFO - Processing /home/ubuntu/zillowdata_de_youtube_venv/lib/python3.12/site-packages/airflow/example_dags/example_branch_operator_decorator.py took 0.023 seconds
[2024-07-30T12:17:37.867+0000] {processor.py:161} INFO - Started process (PID=6162) to work on /home/ubuntu/zillowdata_de_youtube_venv/lib/python3.12/site-packages/airflow/example_dags/example_branch_operator_decorator.py
[2024-07-30T12:17:37.868+0000] {processor.py:830} INFO - Processing file /home/ubuntu/zillowdata_de_youtube_venv/lib/python3.12/site-packages/airflow/example_dags/example_branch_operator_decorator.py for tasks to queue
[2024-07-30T12:17:37.870+0000] {logging_mixin.py:188} INFO - [2024-07-30T12:17:37.869+0000] {dagbag.py:545} INFO - Filling up the DagBag from /home/ubuntu/zillowdata_de_youtube_venv/lib/python3.12/site-packages/airflow/example_dags/example_branch_operator_decorator.py
[2024-07-30T12:17:37.873+0000] {processor.py:842} WARNING - No viable dags retrieved from /home/ubuntu/zillowdata_de_youtube_venv/lib/python3.12/site-packages/airflow/example_dags/example_branch_operator_decorator.py
[2024-07-30T12:17:37.883+0000] {processor.py:183} INFO - Processing /home/ubuntu/zillowdata_de_youtube_venv/lib/python3.12/site-packages/airflow/example_dags/example_branch_operator_decorator.py took 0.023 seconds
[2024-07-30T12:18:44.013+0000] {processor.py:161} INFO - Started process (PID=6234) to work on /home/ubuntu/zillowdata_de_youtube_venv/lib/python3.12/site-packages/airflow/example_dags/example_branch_operator_decorator.py
[2024-07-30T12:18:44.014+0000] {processor.py:830} INFO - Processing file /home/ubuntu/zillowdata_de_youtube_venv/lib/python3.12/site-packages/airflow/example_dags/example_branch_operator_decorator.py for tasks to queue
[2024-07-30T12:18:44.016+0000] {logging_mixin.py:188} INFO - [2024-07-30T12:18:44.016+0000] {dagbag.py:545} INFO - Filling up the DagBag from /home/ubuntu/zillowdata_de_youtube_venv/lib/python3.12/site-packages/airflow/example_dags/example_branch_operator_decorator.py
[2024-07-30T12:18:44.019+0000] {processor.py:842} WARNING - No viable dags retrieved from /home/ubuntu/zillowdata_de_youtube_venv/lib/python3.12/site-packages/airflow/example_dags/example_branch_operator_decorator.py
[2024-07-30T12:18:44.030+0000] {processor.py:183} INFO - Processing /home/ubuntu/zillowdata_de_youtube_venv/lib/python3.12/site-packages/airflow/example_dags/example_branch_operator_decorator.py took 0.023 seconds
[2024-07-30T12:19:52.619+0000] {processor.py:161} INFO - Started process (PID=6308) to work on /home/ubuntu/zillowdata_de_youtube_venv/lib/python3.12/site-packages/airflow/example_dags/example_branch_operator_decorator.py
[2024-07-30T12:19:52.621+0000] {processor.py:830} INFO - Processing file /home/ubuntu/zillowdata_de_youtube_venv/lib/python3.12/site-packages/airflow/example_dags/example_branch_operator_decorator.py for tasks to queue
[2024-07-30T12:19:52.622+0000] {logging_mixin.py:188} INFO - [2024-07-30T12:19:52.622+0000] {dagbag.py:545} INFO - Filling up the DagBag from /home/ubuntu/zillowdata_de_youtube_venv/lib/python3.12/site-packages/airflow/example_dags/example_branch_operator_decorator.py
[2024-07-30T12:19:52.625+0000] {processor.py:842} WARNING - No viable dags retrieved from /home/ubuntu/zillowdata_de_youtube_venv/lib/python3.12/site-packages/airflow/example_dags/example_branch_operator_decorator.py
[2024-07-30T12:19:52.636+0000] {processor.py:183} INFO - Processing /home/ubuntu/zillowdata_de_youtube_venv/lib/python3.12/site-packages/airflow/example_dags/example_branch_operator_decorator.py took 0.023 seconds
[2024-07-30T12:20:47.742+0000] {processor.py:161} INFO - Started process (PID=6372) to work on /home/ubuntu/zillowdata_de_youtube_venv/lib/python3.12/site-packages/airflow/example_dags/example_branch_operator_decorator.py
[2024-07-30T12:20:47.744+0000] {processor.py:830} INFO - Processing file /home/ubuntu/zillowdata_de_youtube_venv/lib/python3.12/site-packages/airflow/example_dags/example_branch_operator_decorator.py for tasks to queue
[2024-07-30T12:20:47.746+0000] {logging_mixin.py:188} INFO - [2024-07-30T12:20:47.745+0000] {dagbag.py:545} INFO - Filling up the DagBag from /home/ubuntu/zillowdata_de_youtube_venv/lib/python3.12/site-packages/airflow/example_dags/example_branch_operator_decorator.py
[2024-07-30T12:20:47.748+0000] {processor.py:842} WARNING - No viable dags retrieved from /home/ubuntu/zillowdata_de_youtube_venv/lib/python3.12/site-packages/airflow/example_dags/example_branch_operator_decorator.py
[2024-07-30T12:20:47.759+0000] {processor.py:183} INFO - Processing /home/ubuntu/zillowdata_de_youtube_venv/lib/python3.12/site-packages/airflow/example_dags/example_branch_operator_decorator.py took 0.023 seconds
[2024-07-30T12:21:45.602+0000] {processor.py:161} INFO - Started process (PID=6431) to work on /home/ubuntu/zillowdata_de_youtube_venv/lib/python3.12/site-packages/airflow/example_dags/example_branch_operator_decorator.py
[2024-07-30T12:21:45.604+0000] {processor.py:830} INFO - Processing file /home/ubuntu/zillowdata_de_youtube_venv/lib/python3.12/site-packages/airflow/example_dags/example_branch_operator_decorator.py for tasks to queue
[2024-07-30T12:21:45.605+0000] {logging_mixin.py:188} INFO - [2024-07-30T12:21:45.605+0000] {dagbag.py:545} INFO - Filling up the DagBag from /home/ubuntu/zillowdata_de_youtube_venv/lib/python3.12/site-packages/airflow/example_dags/example_branch_operator_decorator.py
[2024-07-30T12:21:45.608+0000] {processor.py:842} WARNING - No viable dags retrieved from /home/ubuntu/zillowdata_de_youtube_venv/lib/python3.12/site-packages/airflow/example_dags/example_branch_operator_decorator.py
[2024-07-30T12:21:45.619+0000] {processor.py:183} INFO - Processing /home/ubuntu/zillowdata_de_youtube_venv/lib/python3.12/site-packages/airflow/example_dags/example_branch_operator_decorator.py took 0.023 seconds
[2024-07-30T12:22:43.253+0000] {processor.py:161} INFO - Started process (PID=6491) to work on /home/ubuntu/zillowdata_de_youtube_venv/lib/python3.12/site-packages/airflow/example_dags/example_branch_operator_decorator.py
[2024-07-30T12:22:43.255+0000] {processor.py:830} INFO - Processing file /home/ubuntu/zillowdata_de_youtube_venv/lib/python3.12/site-packages/airflow/example_dags/example_branch_operator_decorator.py for tasks to queue
[2024-07-30T12:22:43.256+0000] {logging_mixin.py:188} INFO - [2024-07-30T12:22:43.256+0000] {dagbag.py:545} INFO - Filling up the DagBag from /home/ubuntu/zillowdata_de_youtube_venv/lib/python3.12/site-packages/airflow/example_dags/example_branch_operator_decorator.py
[2024-07-30T12:22:43.259+0000] {processor.py:842} WARNING - No viable dags retrieved from /home/ubuntu/zillowdata_de_youtube_venv/lib/python3.12/site-packages/airflow/example_dags/example_branch_operator_decorator.py
[2024-07-30T12:22:43.270+0000] {processor.py:183} INFO - Processing /home/ubuntu/zillowdata_de_youtube_venv/lib/python3.12/site-packages/airflow/example_dags/example_branch_operator_decorator.py took 0.024 seconds
[2024-07-30T12:23:47.316+0000] {processor.py:161} INFO - Started process (PID=6557) to work on /home/ubuntu/zillowdata_de_youtube_venv/lib/python3.12/site-packages/airflow/example_dags/example_branch_operator_decorator.py
[2024-07-30T12:23:47.318+0000] {processor.py:830} INFO - Processing file /home/ubuntu/zillowdata_de_youtube_venv/lib/python3.12/site-packages/airflow/example_dags/example_branch_operator_decorator.py for tasks to queue
[2024-07-30T12:23:47.320+0000] {logging_mixin.py:188} INFO - [2024-07-30T12:23:47.319+0000] {dagbag.py:545} INFO - Filling up the DagBag from /home/ubuntu/zillowdata_de_youtube_venv/lib/python3.12/site-packages/airflow/example_dags/example_branch_operator_decorator.py
[2024-07-30T12:23:47.322+0000] {processor.py:842} WARNING - No viable dags retrieved from /home/ubuntu/zillowdata_de_youtube_venv/lib/python3.12/site-packages/airflow/example_dags/example_branch_operator_decorator.py
[2024-07-30T12:23:47.333+0000] {processor.py:183} INFO - Processing /home/ubuntu/zillowdata_de_youtube_venv/lib/python3.12/site-packages/airflow/example_dags/example_branch_operator_decorator.py took 0.024 seconds
[2024-07-30T12:24:43.391+0000] {processor.py:161} INFO - Started process (PID=6617) to work on /home/ubuntu/zillowdata_de_youtube_venv/lib/python3.12/site-packages/airflow/example_dags/example_branch_operator_decorator.py
[2024-07-30T12:24:43.393+0000] {processor.py:830} INFO - Processing file /home/ubuntu/zillowdata_de_youtube_venv/lib/python3.12/site-packages/airflow/example_dags/example_branch_operator_decorator.py for tasks to queue
[2024-07-30T12:24:43.395+0000] {logging_mixin.py:188} INFO - [2024-07-30T12:24:43.394+0000] {dagbag.py:545} INFO - Filling up the DagBag from /home/ubuntu/zillowdata_de_youtube_venv/lib/python3.12/site-packages/airflow/example_dags/example_branch_operator_decorator.py
[2024-07-30T12:24:43.397+0000] {processor.py:842} WARNING - No viable dags retrieved from /home/ubuntu/zillowdata_de_youtube_venv/lib/python3.12/site-packages/airflow/example_dags/example_branch_operator_decorator.py
[2024-07-30T12:24:43.408+0000] {processor.py:183} INFO - Processing /home/ubuntu/zillowdata_de_youtube_venv/lib/python3.12/site-packages/airflow/example_dags/example_branch_operator_decorator.py took 0.023 seconds
[2024-07-30T12:25:42.294+0000] {processor.py:161} INFO - Started process (PID=6682) to work on /home/ubuntu/zillowdata_de_youtube_venv/lib/python3.12/site-packages/airflow/example_dags/example_branch_operator_decorator.py
[2024-07-30T12:25:42.295+0000] {processor.py:830} INFO - Processing file /home/ubuntu/zillowdata_de_youtube_venv/lib/python3.12/site-packages/airflow/example_dags/example_branch_operator_decorator.py for tasks to queue
[2024-07-30T12:25:42.297+0000] {logging_mixin.py:188} INFO - [2024-07-30T12:25:42.297+0000] {dagbag.py:545} INFO - Filling up the DagBag from /home/ubuntu/zillowdata_de_youtube_venv/lib/python3.12/site-packages/airflow/example_dags/example_branch_operator_decorator.py
[2024-07-30T12:25:42.300+0000] {processor.py:842} WARNING - No viable dags retrieved from /home/ubuntu/zillowdata_de_youtube_venv/lib/python3.12/site-packages/airflow/example_dags/example_branch_operator_decorator.py
[2024-07-30T12:25:42.311+0000] {processor.py:183} INFO - Processing /home/ubuntu/zillowdata_de_youtube_venv/lib/python3.12/site-packages/airflow/example_dags/example_branch_operator_decorator.py took 0.024 seconds
[2024-07-30T12:26:37.669+0000] {processor.py:161} INFO - Started process (PID=6747) to work on /home/ubuntu/zillowdata_de_youtube_venv/lib/python3.12/site-packages/airflow/example_dags/example_branch_operator_decorator.py
[2024-07-30T12:26:37.670+0000] {processor.py:830} INFO - Processing file /home/ubuntu/zillowdata_de_youtube_venv/lib/python3.12/site-packages/airflow/example_dags/example_branch_operator_decorator.py for tasks to queue
[2024-07-30T12:26:37.672+0000] {logging_mixin.py:188} INFO - [2024-07-30T12:26:37.672+0000] {dagbag.py:545} INFO - Filling up the DagBag from /home/ubuntu/zillowdata_de_youtube_venv/lib/python3.12/site-packages/airflow/example_dags/example_branch_operator_decorator.py
[2024-07-30T12:26:37.675+0000] {processor.py:842} WARNING - No viable dags retrieved from /home/ubuntu/zillowdata_de_youtube_venv/lib/python3.12/site-packages/airflow/example_dags/example_branch_operator_decorator.py
[2024-07-30T12:26:37.686+0000] {processor.py:183} INFO - Processing /home/ubuntu/zillowdata_de_youtube_venv/lib/python3.12/site-packages/airflow/example_dags/example_branch_operator_decorator.py took 0.024 seconds
[2024-07-30T12:27:39.388+0000] {processor.py:161} INFO - Started process (PID=6810) to work on /home/ubuntu/zillowdata_de_youtube_venv/lib/python3.12/site-packages/airflow/example_dags/example_branch_operator_decorator.py
[2024-07-30T12:27:39.389+0000] {processor.py:830} INFO - Processing file /home/ubuntu/zillowdata_de_youtube_venv/lib/python3.12/site-packages/airflow/example_dags/example_branch_operator_decorator.py for tasks to queue
[2024-07-30T12:27:39.391+0000] {logging_mixin.py:188} INFO - [2024-07-30T12:27:39.391+0000] {dagbag.py:545} INFO - Filling up the DagBag from /home/ubuntu/zillowdata_de_youtube_venv/lib/python3.12/site-packages/airflow/example_dags/example_branch_operator_decorator.py
[2024-07-30T12:27:39.394+0000] {processor.py:842} WARNING - No viable dags retrieved from /home/ubuntu/zillowdata_de_youtube_venv/lib/python3.12/site-packages/airflow/example_dags/example_branch_operator_decorator.py
[2024-07-30T12:27:39.405+0000] {processor.py:183} INFO - Processing /home/ubuntu/zillowdata_de_youtube_venv/lib/python3.12/site-packages/airflow/example_dags/example_branch_operator_decorator.py took 0.024 seconds
[2024-07-30T12:28:45.944+0000] {processor.py:161} INFO - Started process (PID=6875) to work on /home/ubuntu/zillowdata_de_youtube_venv/lib/python3.12/site-packages/airflow/example_dags/example_branch_operator_decorator.py
[2024-07-30T12:28:45.946+0000] {processor.py:830} INFO - Processing file /home/ubuntu/zillowdata_de_youtube_venv/lib/python3.12/site-packages/airflow/example_dags/example_branch_operator_decorator.py for tasks to queue
[2024-07-30T12:28:45.948+0000] {logging_mixin.py:188} INFO - [2024-07-30T12:28:45.947+0000] {dagbag.py:545} INFO - Filling up the DagBag from /home/ubuntu/zillowdata_de_youtube_venv/lib/python3.12/site-packages/airflow/example_dags/example_branch_operator_decorator.py
[2024-07-30T12:28:45.951+0000] {processor.py:842} WARNING - No viable dags retrieved from /home/ubuntu/zillowdata_de_youtube_venv/lib/python3.12/site-packages/airflow/example_dags/example_branch_operator_decorator.py
[2024-07-30T12:28:45.962+0000] {processor.py:183} INFO - Processing /home/ubuntu/zillowdata_de_youtube_venv/lib/python3.12/site-packages/airflow/example_dags/example_branch_operator_decorator.py took 0.024 seconds
[2024-07-30T12:29:47.755+0000] {processor.py:161} INFO - Started process (PID=6939) to work on /home/ubuntu/zillowdata_de_youtube_venv/lib/python3.12/site-packages/airflow/example_dags/example_branch_operator_decorator.py
[2024-07-30T12:29:47.756+0000] {processor.py:830} INFO - Processing file /home/ubuntu/zillowdata_de_youtube_venv/lib/python3.12/site-packages/airflow/example_dags/example_branch_operator_decorator.py for tasks to queue
[2024-07-30T12:29:47.758+0000] {logging_mixin.py:188} INFO - [2024-07-30T12:29:47.758+0000] {dagbag.py:545} INFO - Filling up the DagBag from /home/ubuntu/zillowdata_de_youtube_venv/lib/python3.12/site-packages/airflow/example_dags/example_branch_operator_decorator.py
[2024-07-30T12:29:47.761+0000] {processor.py:842} WARNING - No viable dags retrieved from /home/ubuntu/zillowdata_de_youtube_venv/lib/python3.12/site-packages/airflow/example_dags/example_branch_operator_decorator.py
[2024-07-30T12:29:47.771+0000] {processor.py:183} INFO - Processing /home/ubuntu/zillowdata_de_youtube_venv/lib/python3.12/site-packages/airflow/example_dags/example_branch_operator_decorator.py took 0.023 seconds
[2024-07-30T12:30:46.753+0000] {processor.py:161} INFO - Started process (PID=7004) to work on /home/ubuntu/zillowdata_de_youtube_venv/lib/python3.12/site-packages/airflow/example_dags/example_branch_operator_decorator.py
[2024-07-30T12:30:46.755+0000] {processor.py:830} INFO - Processing file /home/ubuntu/zillowdata_de_youtube_venv/lib/python3.12/site-packages/airflow/example_dags/example_branch_operator_decorator.py for tasks to queue
[2024-07-30T12:30:46.756+0000] {logging_mixin.py:188} INFO - [2024-07-30T12:30:46.756+0000] {dagbag.py:545} INFO - Filling up the DagBag from /home/ubuntu/zillowdata_de_youtube_venv/lib/python3.12/site-packages/airflow/example_dags/example_branch_operator_decorator.py
[2024-07-30T12:30:46.759+0000] {processor.py:842} WARNING - No viable dags retrieved from /home/ubuntu/zillowdata_de_youtube_venv/lib/python3.12/site-packages/airflow/example_dags/example_branch_operator_decorator.py
[2024-07-30T12:30:46.770+0000] {processor.py:183} INFO - Processing /home/ubuntu/zillowdata_de_youtube_venv/lib/python3.12/site-packages/airflow/example_dags/example_branch_operator_decorator.py took 0.024 seconds
[2024-07-30T12:31:45.128+0000] {processor.py:161} INFO - Started process (PID=7066) to work on /home/ubuntu/zillowdata_de_youtube_venv/lib/python3.12/site-packages/airflow/example_dags/example_branch_operator_decorator.py
[2024-07-30T12:31:45.129+0000] {processor.py:830} INFO - Processing file /home/ubuntu/zillowdata_de_youtube_venv/lib/python3.12/site-packages/airflow/example_dags/example_branch_operator_decorator.py for tasks to queue
[2024-07-30T12:31:45.131+0000] {logging_mixin.py:188} INFO - [2024-07-30T12:31:45.131+0000] {dagbag.py:545} INFO - Filling up the DagBag from /home/ubuntu/zillowdata_de_youtube_venv/lib/python3.12/site-packages/airflow/example_dags/example_branch_operator_decorator.py
[2024-07-30T12:31:45.134+0000] {processor.py:842} WARNING - No viable dags retrieved from /home/ubuntu/zillowdata_de_youtube_venv/lib/python3.12/site-packages/airflow/example_dags/example_branch_operator_decorator.py
[2024-07-30T12:31:45.145+0000] {processor.py:183} INFO - Processing /home/ubuntu/zillowdata_de_youtube_venv/lib/python3.12/site-packages/airflow/example_dags/example_branch_operator_decorator.py took 0.023 seconds
[2024-07-30T12:32:49.204+0000] {processor.py:161} INFO - Started process (PID=7130) to work on /home/ubuntu/zillowdata_de_youtube_venv/lib/python3.12/site-packages/airflow/example_dags/example_branch_operator_decorator.py
[2024-07-30T12:32:49.206+0000] {processor.py:830} INFO - Processing file /home/ubuntu/zillowdata_de_youtube_venv/lib/python3.12/site-packages/airflow/example_dags/example_branch_operator_decorator.py for tasks to queue
[2024-07-30T12:32:49.208+0000] {logging_mixin.py:188} INFO - [2024-07-30T12:32:49.207+0000] {dagbag.py:545} INFO - Filling up the DagBag from /home/ubuntu/zillowdata_de_youtube_venv/lib/python3.12/site-packages/airflow/example_dags/example_branch_operator_decorator.py
[2024-07-30T12:32:49.211+0000] {processor.py:842} WARNING - No viable dags retrieved from /home/ubuntu/zillowdata_de_youtube_venv/lib/python3.12/site-packages/airflow/example_dags/example_branch_operator_decorator.py
[2024-07-30T12:32:49.222+0000] {processor.py:183} INFO - Processing /home/ubuntu/zillowdata_de_youtube_venv/lib/python3.12/site-packages/airflow/example_dags/example_branch_operator_decorator.py took 0.024 seconds
[2024-07-30T12:33:44.424+0000] {processor.py:161} INFO - Started process (PID=7189) to work on /home/ubuntu/zillowdata_de_youtube_venv/lib/python3.12/site-packages/airflow/example_dags/example_branch_operator_decorator.py
[2024-07-30T12:33:44.425+0000] {processor.py:830} INFO - Processing file /home/ubuntu/zillowdata_de_youtube_venv/lib/python3.12/site-packages/airflow/example_dags/example_branch_operator_decorator.py for tasks to queue
[2024-07-30T12:33:44.427+0000] {logging_mixin.py:188} INFO - [2024-07-30T12:33:44.427+0000] {dagbag.py:545} INFO - Filling up the DagBag from /home/ubuntu/zillowdata_de_youtube_venv/lib/python3.12/site-packages/airflow/example_dags/example_branch_operator_decorator.py
[2024-07-30T12:33:44.430+0000] {processor.py:842} WARNING - No viable dags retrieved from /home/ubuntu/zillowdata_de_youtube_venv/lib/python3.12/site-packages/airflow/example_dags/example_branch_operator_decorator.py
[2024-07-30T12:33:44.440+0000] {processor.py:183} INFO - Processing /home/ubuntu/zillowdata_de_youtube_venv/lib/python3.12/site-packages/airflow/example_dags/example_branch_operator_decorator.py took 0.023 seconds
[2024-07-30T12:34:46.631+0000] {processor.py:161} INFO - Started process (PID=7255) to work on /home/ubuntu/zillowdata_de_youtube_venv/lib/python3.12/site-packages/airflow/example_dags/example_branch_operator_decorator.py
[2024-07-30T12:34:46.632+0000] {processor.py:830} INFO - Processing file /home/ubuntu/zillowdata_de_youtube_venv/lib/python3.12/site-packages/airflow/example_dags/example_branch_operator_decorator.py for tasks to queue
[2024-07-30T12:34:46.634+0000] {logging_mixin.py:188} INFO - [2024-07-30T12:34:46.634+0000] {dagbag.py:545} INFO - Filling up the DagBag from /home/ubuntu/zillowdata_de_youtube_venv/lib/python3.12/site-packages/airflow/example_dags/example_branch_operator_decorator.py
[2024-07-30T12:34:46.637+0000] {processor.py:842} WARNING - No viable dags retrieved from /home/ubuntu/zillowdata_de_youtube_venv/lib/python3.12/site-packages/airflow/example_dags/example_branch_operator_decorator.py
[2024-07-30T12:34:46.648+0000] {processor.py:183} INFO - Processing /home/ubuntu/zillowdata_de_youtube_venv/lib/python3.12/site-packages/airflow/example_dags/example_branch_operator_decorator.py took 0.024 seconds
[2024-07-30T12:35:41.701+0000] {processor.py:161} INFO - Started process (PID=7316) to work on /home/ubuntu/zillowdata_de_youtube_venv/lib/python3.12/site-packages/airflow/example_dags/example_branch_operator_decorator.py
[2024-07-30T12:35:41.703+0000] {processor.py:830} INFO - Processing file /home/ubuntu/zillowdata_de_youtube_venv/lib/python3.12/site-packages/airflow/example_dags/example_branch_operator_decorator.py for tasks to queue
[2024-07-30T12:35:41.704+0000] {logging_mixin.py:188} INFO - [2024-07-30T12:35:41.704+0000] {dagbag.py:545} INFO - Filling up the DagBag from /home/ubuntu/zillowdata_de_youtube_venv/lib/python3.12/site-packages/airflow/example_dags/example_branch_operator_decorator.py
[2024-07-30T12:35:41.707+0000] {processor.py:842} WARNING - No viable dags retrieved from /home/ubuntu/zillowdata_de_youtube_venv/lib/python3.12/site-packages/airflow/example_dags/example_branch_operator_decorator.py
[2024-07-30T12:35:41.718+0000] {processor.py:183} INFO - Processing /home/ubuntu/zillowdata_de_youtube_venv/lib/python3.12/site-packages/airflow/example_dags/example_branch_operator_decorator.py took 0.023 seconds
[2024-07-30T12:36:47.210+0000] {processor.py:161} INFO - Started process (PID=7382) to work on /home/ubuntu/zillowdata_de_youtube_venv/lib/python3.12/site-packages/airflow/example_dags/example_branch_operator_decorator.py
[2024-07-30T12:36:47.211+0000] {processor.py:830} INFO - Processing file /home/ubuntu/zillowdata_de_youtube_venv/lib/python3.12/site-packages/airflow/example_dags/example_branch_operator_decorator.py for tasks to queue
[2024-07-30T12:36:47.213+0000] {logging_mixin.py:188} INFO - [2024-07-30T12:36:47.213+0000] {dagbag.py:545} INFO - Filling up the DagBag from /home/ubuntu/zillowdata_de_youtube_venv/lib/python3.12/site-packages/airflow/example_dags/example_branch_operator_decorator.py
[2024-07-30T12:36:47.216+0000] {processor.py:842} WARNING - No viable dags retrieved from /home/ubuntu/zillowdata_de_youtube_venv/lib/python3.12/site-packages/airflow/example_dags/example_branch_operator_decorator.py
[2024-07-30T12:36:47.227+0000] {processor.py:183} INFO - Processing /home/ubuntu/zillowdata_de_youtube_venv/lib/python3.12/site-packages/airflow/example_dags/example_branch_operator_decorator.py took 0.023 seconds
[2024-07-30T12:37:47.626+0000] {processor.py:161} INFO - Started process (PID=7445) to work on /home/ubuntu/zillowdata_de_youtube_venv/lib/python3.12/site-packages/airflow/example_dags/example_branch_operator_decorator.py
[2024-07-30T12:37:47.627+0000] {processor.py:830} INFO - Processing file /home/ubuntu/zillowdata_de_youtube_venv/lib/python3.12/site-packages/airflow/example_dags/example_branch_operator_decorator.py for tasks to queue
[2024-07-30T12:37:47.629+0000] {logging_mixin.py:188} INFO - [2024-07-30T12:37:47.629+0000] {dagbag.py:545} INFO - Filling up the DagBag from /home/ubuntu/zillowdata_de_youtube_venv/lib/python3.12/site-packages/airflow/example_dags/example_branch_operator_decorator.py
[2024-07-30T12:37:47.632+0000] {processor.py:842} WARNING - No viable dags retrieved from /home/ubuntu/zillowdata_de_youtube_venv/lib/python3.12/site-packages/airflow/example_dags/example_branch_operator_decorator.py
[2024-07-30T12:37:47.643+0000] {processor.py:183} INFO - Processing /home/ubuntu/zillowdata_de_youtube_venv/lib/python3.12/site-packages/airflow/example_dags/example_branch_operator_decorator.py took 0.023 seconds
[2024-07-30T12:38:44.361+0000] {processor.py:161} INFO - Started process (PID=7505) to work on /home/ubuntu/zillowdata_de_youtube_venv/lib/python3.12/site-packages/airflow/example_dags/example_branch_operator_decorator.py
[2024-07-30T12:38:44.363+0000] {processor.py:830} INFO - Processing file /home/ubuntu/zillowdata_de_youtube_venv/lib/python3.12/site-packages/airflow/example_dags/example_branch_operator_decorator.py for tasks to queue
[2024-07-30T12:38:44.365+0000] {logging_mixin.py:188} INFO - [2024-07-30T12:38:44.364+0000] {dagbag.py:545} INFO - Filling up the DagBag from /home/ubuntu/zillowdata_de_youtube_venv/lib/python3.12/site-packages/airflow/example_dags/example_branch_operator_decorator.py
[2024-07-30T12:38:44.368+0000] {processor.py:842} WARNING - No viable dags retrieved from /home/ubuntu/zillowdata_de_youtube_venv/lib/python3.12/site-packages/airflow/example_dags/example_branch_operator_decorator.py
[2024-07-30T12:38:44.379+0000] {processor.py:183} INFO - Processing /home/ubuntu/zillowdata_de_youtube_venv/lib/python3.12/site-packages/airflow/example_dags/example_branch_operator_decorator.py took 0.024 seconds
[2024-07-30T12:39:41.393+0000] {processor.py:161} INFO - Started process (PID=7566) to work on /home/ubuntu/zillowdata_de_youtube_venv/lib/python3.12/site-packages/airflow/example_dags/example_branch_operator_decorator.py
[2024-07-30T12:39:41.395+0000] {processor.py:830} INFO - Processing file /home/ubuntu/zillowdata_de_youtube_venv/lib/python3.12/site-packages/airflow/example_dags/example_branch_operator_decorator.py for tasks to queue
[2024-07-30T12:39:41.396+0000] {logging_mixin.py:188} INFO - [2024-07-30T12:39:41.396+0000] {dagbag.py:545} INFO - Filling up the DagBag from /home/ubuntu/zillowdata_de_youtube_venv/lib/python3.12/site-packages/airflow/example_dags/example_branch_operator_decorator.py
[2024-07-30T12:39:41.399+0000] {processor.py:842} WARNING - No viable dags retrieved from /home/ubuntu/zillowdata_de_youtube_venv/lib/python3.12/site-packages/airflow/example_dags/example_branch_operator_decorator.py
[2024-07-30T12:39:41.410+0000] {processor.py:183} INFO - Processing /home/ubuntu/zillowdata_de_youtube_venv/lib/python3.12/site-packages/airflow/example_dags/example_branch_operator_decorator.py took 0.023 seconds
[2024-07-30T12:40:41.817+0000] {processor.py:161} INFO - Started process (PID=7632) to work on /home/ubuntu/zillowdata_de_youtube_venv/lib/python3.12/site-packages/airflow/example_dags/example_branch_operator_decorator.py
[2024-07-30T12:40:41.818+0000] {processor.py:830} INFO - Processing file /home/ubuntu/zillowdata_de_youtube_venv/lib/python3.12/site-packages/airflow/example_dags/example_branch_operator_decorator.py for tasks to queue
[2024-07-30T12:40:41.820+0000] {logging_mixin.py:188} INFO - [2024-07-30T12:40:41.820+0000] {dagbag.py:545} INFO - Filling up the DagBag from /home/ubuntu/zillowdata_de_youtube_venv/lib/python3.12/site-packages/airflow/example_dags/example_branch_operator_decorator.py
[2024-07-30T12:40:41.823+0000] {processor.py:842} WARNING - No viable dags retrieved from /home/ubuntu/zillowdata_de_youtube_venv/lib/python3.12/site-packages/airflow/example_dags/example_branch_operator_decorator.py
[2024-07-30T12:40:41.834+0000] {processor.py:183} INFO - Processing /home/ubuntu/zillowdata_de_youtube_venv/lib/python3.12/site-packages/airflow/example_dags/example_branch_operator_decorator.py took 0.023 seconds
[2024-07-30T12:41:39.825+0000] {processor.py:161} INFO - Started process (PID=7694) to work on /home/ubuntu/zillowdata_de_youtube_venv/lib/python3.12/site-packages/airflow/example_dags/example_branch_operator_decorator.py
[2024-07-30T12:41:39.827+0000] {processor.py:830} INFO - Processing file /home/ubuntu/zillowdata_de_youtube_venv/lib/python3.12/site-packages/airflow/example_dags/example_branch_operator_decorator.py for tasks to queue
[2024-07-30T12:41:39.828+0000] {logging_mixin.py:188} INFO - [2024-07-30T12:41:39.828+0000] {dagbag.py:545} INFO - Filling up the DagBag from /home/ubuntu/zillowdata_de_youtube_venv/lib/python3.12/site-packages/airflow/example_dags/example_branch_operator_decorator.py
[2024-07-30T12:41:39.831+0000] {processor.py:842} WARNING - No viable dags retrieved from /home/ubuntu/zillowdata_de_youtube_venv/lib/python3.12/site-packages/airflow/example_dags/example_branch_operator_decorator.py
[2024-07-30T12:41:39.842+0000] {processor.py:183} INFO - Processing /home/ubuntu/zillowdata_de_youtube_venv/lib/python3.12/site-packages/airflow/example_dags/example_branch_operator_decorator.py took 0.023 seconds
[2024-07-30T12:42:42.126+0000] {processor.py:161} INFO - Started process (PID=7759) to work on /home/ubuntu/zillowdata_de_youtube_venv/lib/python3.12/site-packages/airflow/example_dags/example_branch_operator_decorator.py
[2024-07-30T12:42:42.128+0000] {processor.py:830} INFO - Processing file /home/ubuntu/zillowdata_de_youtube_venv/lib/python3.12/site-packages/airflow/example_dags/example_branch_operator_decorator.py for tasks to queue
[2024-07-30T12:42:42.130+0000] {logging_mixin.py:188} INFO - [2024-07-30T12:42:42.129+0000] {dagbag.py:545} INFO - Filling up the DagBag from /home/ubuntu/zillowdata_de_youtube_venv/lib/python3.12/site-packages/airflow/example_dags/example_branch_operator_decorator.py
[2024-07-30T12:42:42.132+0000] {processor.py:842} WARNING - No viable dags retrieved from /home/ubuntu/zillowdata_de_youtube_venv/lib/python3.12/site-packages/airflow/example_dags/example_branch_operator_decorator.py
[2024-07-30T12:42:42.143+0000] {processor.py:183} INFO - Processing /home/ubuntu/zillowdata_de_youtube_venv/lib/python3.12/site-packages/airflow/example_dags/example_branch_operator_decorator.py took 0.023 seconds
[2024-07-30T12:43:42.211+0000] {processor.py:161} INFO - Started process (PID=7821) to work on /home/ubuntu/zillowdata_de_youtube_venv/lib/python3.12/site-packages/airflow/example_dags/example_branch_operator_decorator.py
[2024-07-30T12:43:42.212+0000] {processor.py:830} INFO - Processing file /home/ubuntu/zillowdata_de_youtube_venv/lib/python3.12/site-packages/airflow/example_dags/example_branch_operator_decorator.py for tasks to queue
[2024-07-30T12:43:42.214+0000] {logging_mixin.py:188} INFO - [2024-07-30T12:43:42.214+0000] {dagbag.py:545} INFO - Filling up the DagBag from /home/ubuntu/zillowdata_de_youtube_venv/lib/python3.12/site-packages/airflow/example_dags/example_branch_operator_decorator.py
[2024-07-30T12:43:42.217+0000] {processor.py:842} WARNING - No viable dags retrieved from /home/ubuntu/zillowdata_de_youtube_venv/lib/python3.12/site-packages/airflow/example_dags/example_branch_operator_decorator.py
[2024-07-30T12:43:42.227+0000] {processor.py:183} INFO - Processing /home/ubuntu/zillowdata_de_youtube_venv/lib/python3.12/site-packages/airflow/example_dags/example_branch_operator_decorator.py took 0.023 seconds
[2024-07-30T12:44:43.543+0000] {processor.py:161} INFO - Started process (PID=7884) to work on /home/ubuntu/zillowdata_de_youtube_venv/lib/python3.12/site-packages/airflow/example_dags/example_branch_operator_decorator.py
[2024-07-30T12:44:43.545+0000] {processor.py:830} INFO - Processing file /home/ubuntu/zillowdata_de_youtube_venv/lib/python3.12/site-packages/airflow/example_dags/example_branch_operator_decorator.py for tasks to queue
[2024-07-30T12:44:43.547+0000] {logging_mixin.py:188} INFO - [2024-07-30T12:44:43.546+0000] {dagbag.py:545} INFO - Filling up the DagBag from /home/ubuntu/zillowdata_de_youtube_venv/lib/python3.12/site-packages/airflow/example_dags/example_branch_operator_decorator.py
[2024-07-30T12:44:43.549+0000] {processor.py:842} WARNING - No viable dags retrieved from /home/ubuntu/zillowdata_de_youtube_venv/lib/python3.12/site-packages/airflow/example_dags/example_branch_operator_decorator.py
[2024-07-30T12:44:43.561+0000] {processor.py:183} INFO - Processing /home/ubuntu/zillowdata_de_youtube_venv/lib/python3.12/site-packages/airflow/example_dags/example_branch_operator_decorator.py took 0.024 seconds
[2024-07-30T12:45:42.391+0000] {processor.py:161} INFO - Started process (PID=7950) to work on /home/ubuntu/zillowdata_de_youtube_venv/lib/python3.12/site-packages/airflow/example_dags/example_branch_operator_decorator.py
[2024-07-30T12:45:42.393+0000] {processor.py:830} INFO - Processing file /home/ubuntu/zillowdata_de_youtube_venv/lib/python3.12/site-packages/airflow/example_dags/example_branch_operator_decorator.py for tasks to queue
[2024-07-30T12:45:42.394+0000] {logging_mixin.py:188} INFO - [2024-07-30T12:45:42.394+0000] {dagbag.py:545} INFO - Filling up the DagBag from /home/ubuntu/zillowdata_de_youtube_venv/lib/python3.12/site-packages/airflow/example_dags/example_branch_operator_decorator.py
[2024-07-30T12:45:42.397+0000] {processor.py:842} WARNING - No viable dags retrieved from /home/ubuntu/zillowdata_de_youtube_venv/lib/python3.12/site-packages/airflow/example_dags/example_branch_operator_decorator.py
[2024-07-30T12:45:42.408+0000] {processor.py:183} INFO - Processing /home/ubuntu/zillowdata_de_youtube_venv/lib/python3.12/site-packages/airflow/example_dags/example_branch_operator_decorator.py took 0.024 seconds
[2024-07-30T12:46:41.200+0000] {processor.py:161} INFO - Started process (PID=8013) to work on /home/ubuntu/zillowdata_de_youtube_venv/lib/python3.12/site-packages/airflow/example_dags/example_branch_operator_decorator.py
[2024-07-30T12:46:41.201+0000] {processor.py:830} INFO - Processing file /home/ubuntu/zillowdata_de_youtube_venv/lib/python3.12/site-packages/airflow/example_dags/example_branch_operator_decorator.py for tasks to queue
[2024-07-30T12:46:41.203+0000] {logging_mixin.py:188} INFO - [2024-07-30T12:46:41.203+0000] {dagbag.py:545} INFO - Filling up the DagBag from /home/ubuntu/zillowdata_de_youtube_venv/lib/python3.12/site-packages/airflow/example_dags/example_branch_operator_decorator.py
[2024-07-30T12:46:41.206+0000] {processor.py:842} WARNING - No viable dags retrieved from /home/ubuntu/zillowdata_de_youtube_venv/lib/python3.12/site-packages/airflow/example_dags/example_branch_operator_decorator.py
[2024-07-30T12:46:41.216+0000] {processor.py:183} INFO - Processing /home/ubuntu/zillowdata_de_youtube_venv/lib/python3.12/site-packages/airflow/example_dags/example_branch_operator_decorator.py took 0.023 seconds
[2024-07-30T12:47:38.390+0000] {processor.py:161} INFO - Started process (PID=8072) to work on /home/ubuntu/zillowdata_de_youtube_venv/lib/python3.12/site-packages/airflow/example_dags/example_branch_operator_decorator.py
[2024-07-30T12:47:38.391+0000] {processor.py:830} INFO - Processing file /home/ubuntu/zillowdata_de_youtube_venv/lib/python3.12/site-packages/airflow/example_dags/example_branch_operator_decorator.py for tasks to queue
[2024-07-30T12:47:38.393+0000] {logging_mixin.py:188} INFO - [2024-07-30T12:47:38.392+0000] {dagbag.py:545} INFO - Filling up the DagBag from /home/ubuntu/zillowdata_de_youtube_venv/lib/python3.12/site-packages/airflow/example_dags/example_branch_operator_decorator.py
[2024-07-30T12:47:38.396+0000] {processor.py:842} WARNING - No viable dags retrieved from /home/ubuntu/zillowdata_de_youtube_venv/lib/python3.12/site-packages/airflow/example_dags/example_branch_operator_decorator.py
[2024-07-30T12:47:38.407+0000] {processor.py:183} INFO - Processing /home/ubuntu/zillowdata_de_youtube_venv/lib/python3.12/site-packages/airflow/example_dags/example_branch_operator_decorator.py took 0.024 seconds
[2024-07-30T12:48:36.885+0000] {processor.py:161} INFO - Started process (PID=8134) to work on /home/ubuntu/zillowdata_de_youtube_venv/lib/python3.12/site-packages/airflow/example_dags/example_branch_operator_decorator.py
[2024-07-30T12:48:36.886+0000] {processor.py:830} INFO - Processing file /home/ubuntu/zillowdata_de_youtube_venv/lib/python3.12/site-packages/airflow/example_dags/example_branch_operator_decorator.py for tasks to queue
[2024-07-30T12:48:36.888+0000] {logging_mixin.py:188} INFO - [2024-07-30T12:48:36.887+0000] {dagbag.py:545} INFO - Filling up the DagBag from /home/ubuntu/zillowdata_de_youtube_venv/lib/python3.12/site-packages/airflow/example_dags/example_branch_operator_decorator.py
[2024-07-30T12:48:36.890+0000] {processor.py:842} WARNING - No viable dags retrieved from /home/ubuntu/zillowdata_de_youtube_venv/lib/python3.12/site-packages/airflow/example_dags/example_branch_operator_decorator.py
[2024-07-30T12:48:36.901+0000] {processor.py:183} INFO - Processing /home/ubuntu/zillowdata_de_youtube_venv/lib/python3.12/site-packages/airflow/example_dags/example_branch_operator_decorator.py took 0.023 seconds
[2024-07-30T12:49:35.449+0000] {processor.py:161} INFO - Started process (PID=8195) to work on /home/ubuntu/zillowdata_de_youtube_venv/lib/python3.12/site-packages/airflow/example_dags/example_branch_operator_decorator.py
[2024-07-30T12:49:35.451+0000] {processor.py:830} INFO - Processing file /home/ubuntu/zillowdata_de_youtube_venv/lib/python3.12/site-packages/airflow/example_dags/example_branch_operator_decorator.py for tasks to queue
[2024-07-30T12:49:35.453+0000] {logging_mixin.py:188} INFO - [2024-07-30T12:49:35.452+0000] {dagbag.py:545} INFO - Filling up the DagBag from /home/ubuntu/zillowdata_de_youtube_venv/lib/python3.12/site-packages/airflow/example_dags/example_branch_operator_decorator.py
[2024-07-30T12:49:35.455+0000] {processor.py:842} WARNING - No viable dags retrieved from /home/ubuntu/zillowdata_de_youtube_venv/lib/python3.12/site-packages/airflow/example_dags/example_branch_operator_decorator.py
[2024-07-30T12:49:35.466+0000] {processor.py:183} INFO - Processing /home/ubuntu/zillowdata_de_youtube_venv/lib/python3.12/site-packages/airflow/example_dags/example_branch_operator_decorator.py took 0.023 seconds
[2024-07-30T12:50:34.374+0000] {processor.py:161} INFO - Started process (PID=8260) to work on /home/ubuntu/zillowdata_de_youtube_venv/lib/python3.12/site-packages/airflow/example_dags/example_branch_operator_decorator.py
[2024-07-30T12:50:34.376+0000] {processor.py:830} INFO - Processing file /home/ubuntu/zillowdata_de_youtube_venv/lib/python3.12/site-packages/airflow/example_dags/example_branch_operator_decorator.py for tasks to queue
[2024-07-30T12:50:34.377+0000] {logging_mixin.py:188} INFO - [2024-07-30T12:50:34.377+0000] {dagbag.py:545} INFO - Filling up the DagBag from /home/ubuntu/zillowdata_de_youtube_venv/lib/python3.12/site-packages/airflow/example_dags/example_branch_operator_decorator.py
[2024-07-30T12:50:34.380+0000] {processor.py:842} WARNING - No viable dags retrieved from /home/ubuntu/zillowdata_de_youtube_venv/lib/python3.12/site-packages/airflow/example_dags/example_branch_operator_decorator.py
[2024-07-30T12:50:34.391+0000] {processor.py:183} INFO - Processing /home/ubuntu/zillowdata_de_youtube_venv/lib/python3.12/site-packages/airflow/example_dags/example_branch_operator_decorator.py took 0.024 seconds
[2024-07-30T12:51:31.782+0000] {processor.py:161} INFO - Started process (PID=8320) to work on /home/ubuntu/zillowdata_de_youtube_venv/lib/python3.12/site-packages/airflow/example_dags/example_branch_operator_decorator.py
[2024-07-30T12:51:31.783+0000] {processor.py:830} INFO - Processing file /home/ubuntu/zillowdata_de_youtube_venv/lib/python3.12/site-packages/airflow/example_dags/example_branch_operator_decorator.py for tasks to queue
[2024-07-30T12:51:31.785+0000] {logging_mixin.py:188} INFO - [2024-07-30T12:51:31.785+0000] {dagbag.py:545} INFO - Filling up the DagBag from /home/ubuntu/zillowdata_de_youtube_venv/lib/python3.12/site-packages/airflow/example_dags/example_branch_operator_decorator.py
[2024-07-30T12:51:31.788+0000] {processor.py:842} WARNING - No viable dags retrieved from /home/ubuntu/zillowdata_de_youtube_venv/lib/python3.12/site-packages/airflow/example_dags/example_branch_operator_decorator.py
[2024-07-30T12:51:31.799+0000] {processor.py:183} INFO - Processing /home/ubuntu/zillowdata_de_youtube_venv/lib/python3.12/site-packages/airflow/example_dags/example_branch_operator_decorator.py took 0.024 seconds
[2024-07-30T12:52:35.744+0000] {processor.py:161} INFO - Started process (PID=8384) to work on /home/ubuntu/zillowdata_de_youtube_venv/lib/python3.12/site-packages/airflow/example_dags/example_branch_operator_decorator.py
[2024-07-30T12:52:35.746+0000] {processor.py:830} INFO - Processing file /home/ubuntu/zillowdata_de_youtube_venv/lib/python3.12/site-packages/airflow/example_dags/example_branch_operator_decorator.py for tasks to queue
[2024-07-30T12:52:35.747+0000] {logging_mixin.py:188} INFO - [2024-07-30T12:52:35.747+0000] {dagbag.py:545} INFO - Filling up the DagBag from /home/ubuntu/zillowdata_de_youtube_venv/lib/python3.12/site-packages/airflow/example_dags/example_branch_operator_decorator.py
[2024-07-30T12:52:35.750+0000] {processor.py:842} WARNING - No viable dags retrieved from /home/ubuntu/zillowdata_de_youtube_venv/lib/python3.12/site-packages/airflow/example_dags/example_branch_operator_decorator.py
[2024-07-30T12:52:35.761+0000] {processor.py:183} INFO - Processing /home/ubuntu/zillowdata_de_youtube_venv/lib/python3.12/site-packages/airflow/example_dags/example_branch_operator_decorator.py took 0.023 seconds
[2024-07-30T12:53:40.752+0000] {processor.py:161} INFO - Started process (PID=8712) to work on /home/ubuntu/zillowdata_de_youtube_venv/lib/python3.12/site-packages/airflow/example_dags/example_branch_operator_decorator.py
[2024-07-30T12:53:40.754+0000] {processor.py:830} INFO - Processing file /home/ubuntu/zillowdata_de_youtube_venv/lib/python3.12/site-packages/airflow/example_dags/example_branch_operator_decorator.py for tasks to queue
[2024-07-30T12:53:40.756+0000] {logging_mixin.py:188} INFO - [2024-07-30T12:53:40.755+0000] {dagbag.py:545} INFO - Filling up the DagBag from /home/ubuntu/zillowdata_de_youtube_venv/lib/python3.12/site-packages/airflow/example_dags/example_branch_operator_decorator.py
[2024-07-30T12:53:40.758+0000] {processor.py:842} WARNING - No viable dags retrieved from /home/ubuntu/zillowdata_de_youtube_venv/lib/python3.12/site-packages/airflow/example_dags/example_branch_operator_decorator.py
[2024-07-30T12:53:40.769+0000] {processor.py:183} INFO - Processing /home/ubuntu/zillowdata_de_youtube_venv/lib/python3.12/site-packages/airflow/example_dags/example_branch_operator_decorator.py took 0.023 seconds
[2024-07-30T12:54:37.435+0000] {processor.py:161} INFO - Started process (PID=8772) to work on /home/ubuntu/zillowdata_de_youtube_venv/lib/python3.12/site-packages/airflow/example_dags/example_branch_operator_decorator.py
[2024-07-30T12:54:37.436+0000] {processor.py:830} INFO - Processing file /home/ubuntu/zillowdata_de_youtube_venv/lib/python3.12/site-packages/airflow/example_dags/example_branch_operator_decorator.py for tasks to queue
[2024-07-30T12:54:37.438+0000] {logging_mixin.py:188} INFO - [2024-07-30T12:54:37.438+0000] {dagbag.py:545} INFO - Filling up the DagBag from /home/ubuntu/zillowdata_de_youtube_venv/lib/python3.12/site-packages/airflow/example_dags/example_branch_operator_decorator.py
[2024-07-30T12:54:37.441+0000] {processor.py:842} WARNING - No viable dags retrieved from /home/ubuntu/zillowdata_de_youtube_venv/lib/python3.12/site-packages/airflow/example_dags/example_branch_operator_decorator.py
[2024-07-30T12:54:37.452+0000] {processor.py:183} INFO - Processing /home/ubuntu/zillowdata_de_youtube_venv/lib/python3.12/site-packages/airflow/example_dags/example_branch_operator_decorator.py took 0.023 seconds
[2024-07-30T12:55:34.868+0000] {processor.py:161} INFO - Started process (PID=8937) to work on /home/ubuntu/zillowdata_de_youtube_venv/lib/python3.12/site-packages/airflow/example_dags/example_branch_operator_decorator.py
[2024-07-30T12:55:34.869+0000] {processor.py:830} INFO - Processing file /home/ubuntu/zillowdata_de_youtube_venv/lib/python3.12/site-packages/airflow/example_dags/example_branch_operator_decorator.py for tasks to queue
[2024-07-30T12:55:34.871+0000] {logging_mixin.py:188} INFO - [2024-07-30T12:55:34.871+0000] {dagbag.py:545} INFO - Filling up the DagBag from /home/ubuntu/zillowdata_de_youtube_venv/lib/python3.12/site-packages/airflow/example_dags/example_branch_operator_decorator.py
[2024-07-30T12:55:34.874+0000] {processor.py:842} WARNING - No viable dags retrieved from /home/ubuntu/zillowdata_de_youtube_venv/lib/python3.12/site-packages/airflow/example_dags/example_branch_operator_decorator.py
[2024-07-30T12:55:34.885+0000] {processor.py:183} INFO - Processing /home/ubuntu/zillowdata_de_youtube_venv/lib/python3.12/site-packages/airflow/example_dags/example_branch_operator_decorator.py took 0.023 seconds
[2024-07-30T12:56:34.783+0000] {processor.py:161} INFO - Started process (PID=9065) to work on /home/ubuntu/zillowdata_de_youtube_venv/lib/python3.12/site-packages/airflow/example_dags/example_branch_operator_decorator.py
[2024-07-30T12:56:34.785+0000] {processor.py:830} INFO - Processing file /home/ubuntu/zillowdata_de_youtube_venv/lib/python3.12/site-packages/airflow/example_dags/example_branch_operator_decorator.py for tasks to queue
[2024-07-30T12:56:34.787+0000] {logging_mixin.py:188} INFO - [2024-07-30T12:56:34.786+0000] {dagbag.py:545} INFO - Filling up the DagBag from /home/ubuntu/zillowdata_de_youtube_venv/lib/python3.12/site-packages/airflow/example_dags/example_branch_operator_decorator.py
[2024-07-30T12:56:34.789+0000] {processor.py:842} WARNING - No viable dags retrieved from /home/ubuntu/zillowdata_de_youtube_venv/lib/python3.12/site-packages/airflow/example_dags/example_branch_operator_decorator.py
[2024-07-30T12:56:34.800+0000] {processor.py:183} INFO - Processing /home/ubuntu/zillowdata_de_youtube_venv/lib/python3.12/site-packages/airflow/example_dags/example_branch_operator_decorator.py took 0.023 seconds
[2024-07-30T12:57:35.586+0000] {processor.py:161} INFO - Started process (PID=9127) to work on /home/ubuntu/zillowdata_de_youtube_venv/lib/python3.12/site-packages/airflow/example_dags/example_branch_operator_decorator.py
[2024-07-30T12:57:35.588+0000] {processor.py:830} INFO - Processing file /home/ubuntu/zillowdata_de_youtube_venv/lib/python3.12/site-packages/airflow/example_dags/example_branch_operator_decorator.py for tasks to queue
[2024-07-30T12:57:35.590+0000] {logging_mixin.py:188} INFO - [2024-07-30T12:57:35.589+0000] {dagbag.py:545} INFO - Filling up the DagBag from /home/ubuntu/zillowdata_de_youtube_venv/lib/python3.12/site-packages/airflow/example_dags/example_branch_operator_decorator.py
[2024-07-30T12:57:35.592+0000] {processor.py:842} WARNING - No viable dags retrieved from /home/ubuntu/zillowdata_de_youtube_venv/lib/python3.12/site-packages/airflow/example_dags/example_branch_operator_decorator.py
[2024-07-30T12:57:35.603+0000] {processor.py:183} INFO - Processing /home/ubuntu/zillowdata_de_youtube_venv/lib/python3.12/site-packages/airflow/example_dags/example_branch_operator_decorator.py took 0.023 seconds
[2024-07-30T12:58:34.653+0000] {processor.py:161} INFO - Started process (PID=9190) to work on /home/ubuntu/zillowdata_de_youtube_venv/lib/python3.12/site-packages/airflow/example_dags/example_branch_operator_decorator.py
[2024-07-30T12:58:34.655+0000] {processor.py:830} INFO - Processing file /home/ubuntu/zillowdata_de_youtube_venv/lib/python3.12/site-packages/airflow/example_dags/example_branch_operator_decorator.py for tasks to queue
[2024-07-30T12:58:34.656+0000] {logging_mixin.py:188} INFO - [2024-07-30T12:58:34.656+0000] {dagbag.py:545} INFO - Filling up the DagBag from /home/ubuntu/zillowdata_de_youtube_venv/lib/python3.12/site-packages/airflow/example_dags/example_branch_operator_decorator.py
[2024-07-30T12:58:34.659+0000] {processor.py:842} WARNING - No viable dags retrieved from /home/ubuntu/zillowdata_de_youtube_venv/lib/python3.12/site-packages/airflow/example_dags/example_branch_operator_decorator.py
[2024-07-30T12:58:34.670+0000] {processor.py:183} INFO - Processing /home/ubuntu/zillowdata_de_youtube_venv/lib/python3.12/site-packages/airflow/example_dags/example_branch_operator_decorator.py took 0.023 seconds
[2024-07-30T12:59:26.383+0000] {processor.py:161} INFO - Started process (PID=9247) to work on /home/ubuntu/zillowdata_de_youtube_venv/lib/python3.12/site-packages/airflow/example_dags/example_branch_operator_decorator.py
[2024-07-30T12:59:26.385+0000] {processor.py:830} INFO - Processing file /home/ubuntu/zillowdata_de_youtube_venv/lib/python3.12/site-packages/airflow/example_dags/example_branch_operator_decorator.py for tasks to queue
[2024-07-30T12:59:26.387+0000] {logging_mixin.py:188} INFO - [2024-07-30T12:59:26.386+0000] {dagbag.py:545} INFO - Filling up the DagBag from /home/ubuntu/zillowdata_de_youtube_venv/lib/python3.12/site-packages/airflow/example_dags/example_branch_operator_decorator.py
[2024-07-30T12:59:26.389+0000] {processor.py:842} WARNING - No viable dags retrieved from /home/ubuntu/zillowdata_de_youtube_venv/lib/python3.12/site-packages/airflow/example_dags/example_branch_operator_decorator.py
[2024-07-30T12:59:26.400+0000] {processor.py:183} INFO - Processing /home/ubuntu/zillowdata_de_youtube_venv/lib/python3.12/site-packages/airflow/example_dags/example_branch_operator_decorator.py took 0.023 seconds
[2024-07-30T13:00:29.278+0000] {processor.py:161} INFO - Started process (PID=9312) to work on /home/ubuntu/zillowdata_de_youtube_venv/lib/python3.12/site-packages/airflow/example_dags/example_branch_operator_decorator.py
[2024-07-30T13:00:29.280+0000] {processor.py:830} INFO - Processing file /home/ubuntu/zillowdata_de_youtube_venv/lib/python3.12/site-packages/airflow/example_dags/example_branch_operator_decorator.py for tasks to queue
[2024-07-30T13:00:29.282+0000] {logging_mixin.py:188} INFO - [2024-07-30T13:00:29.281+0000] {dagbag.py:545} INFO - Filling up the DagBag from /home/ubuntu/zillowdata_de_youtube_venv/lib/python3.12/site-packages/airflow/example_dags/example_branch_operator_decorator.py
[2024-07-30T13:00:29.284+0000] {processor.py:842} WARNING - No viable dags retrieved from /home/ubuntu/zillowdata_de_youtube_venv/lib/python3.12/site-packages/airflow/example_dags/example_branch_operator_decorator.py
[2024-07-30T13:00:29.295+0000] {processor.py:183} INFO - Processing /home/ubuntu/zillowdata_de_youtube_venv/lib/python3.12/site-packages/airflow/example_dags/example_branch_operator_decorator.py took 0.023 seconds
[2024-07-30T13:01:32.373+0000] {processor.py:161} INFO - Started process (PID=9377) to work on /home/ubuntu/zillowdata_de_youtube_venv/lib/python3.12/site-packages/airflow/example_dags/example_branch_operator_decorator.py
[2024-07-30T13:01:32.375+0000] {processor.py:830} INFO - Processing file /home/ubuntu/zillowdata_de_youtube_venv/lib/python3.12/site-packages/airflow/example_dags/example_branch_operator_decorator.py for tasks to queue
[2024-07-30T13:01:32.377+0000] {logging_mixin.py:188} INFO - [2024-07-30T13:01:32.376+0000] {dagbag.py:545} INFO - Filling up the DagBag from /home/ubuntu/zillowdata_de_youtube_venv/lib/python3.12/site-packages/airflow/example_dags/example_branch_operator_decorator.py
[2024-07-30T13:01:32.379+0000] {processor.py:842} WARNING - No viable dags retrieved from /home/ubuntu/zillowdata_de_youtube_venv/lib/python3.12/site-packages/airflow/example_dags/example_branch_operator_decorator.py
[2024-07-30T13:01:32.390+0000] {processor.py:183} INFO - Processing /home/ubuntu/zillowdata_de_youtube_venv/lib/python3.12/site-packages/airflow/example_dags/example_branch_operator_decorator.py took 0.023 seconds
[2024-07-30T13:02:30.749+0000] {processor.py:161} INFO - Started process (PID=9438) to work on /home/ubuntu/zillowdata_de_youtube_venv/lib/python3.12/site-packages/airflow/example_dags/example_branch_operator_decorator.py
[2024-07-30T13:02:30.750+0000] {processor.py:830} INFO - Processing file /home/ubuntu/zillowdata_de_youtube_venv/lib/python3.12/site-packages/airflow/example_dags/example_branch_operator_decorator.py for tasks to queue
[2024-07-30T13:02:30.752+0000] {logging_mixin.py:188} INFO - [2024-07-30T13:02:30.751+0000] {dagbag.py:545} INFO - Filling up the DagBag from /home/ubuntu/zillowdata_de_youtube_venv/lib/python3.12/site-packages/airflow/example_dags/example_branch_operator_decorator.py
[2024-07-30T13:02:30.755+0000] {processor.py:842} WARNING - No viable dags retrieved from /home/ubuntu/zillowdata_de_youtube_venv/lib/python3.12/site-packages/airflow/example_dags/example_branch_operator_decorator.py
[2024-07-30T13:02:30.766+0000] {processor.py:183} INFO - Processing /home/ubuntu/zillowdata_de_youtube_venv/lib/python3.12/site-packages/airflow/example_dags/example_branch_operator_decorator.py took 0.024 seconds
[2024-07-30T13:03:26.790+0000] {processor.py:161} INFO - Started process (PID=9497) to work on /home/ubuntu/zillowdata_de_youtube_venv/lib/python3.12/site-packages/airflow/example_dags/example_branch_operator_decorator.py
[2024-07-30T13:03:26.792+0000] {processor.py:830} INFO - Processing file /home/ubuntu/zillowdata_de_youtube_venv/lib/python3.12/site-packages/airflow/example_dags/example_branch_operator_decorator.py for tasks to queue
[2024-07-30T13:03:26.793+0000] {logging_mixin.py:188} INFO - [2024-07-30T13:03:26.793+0000] {dagbag.py:545} INFO - Filling up the DagBag from /home/ubuntu/zillowdata_de_youtube_venv/lib/python3.12/site-packages/airflow/example_dags/example_branch_operator_decorator.py
[2024-07-30T13:03:26.796+0000] {processor.py:842} WARNING - No viable dags retrieved from /home/ubuntu/zillowdata_de_youtube_venv/lib/python3.12/site-packages/airflow/example_dags/example_branch_operator_decorator.py
[2024-07-30T13:03:26.807+0000] {processor.py:183} INFO - Processing /home/ubuntu/zillowdata_de_youtube_venv/lib/python3.12/site-packages/airflow/example_dags/example_branch_operator_decorator.py took 0.023 seconds
[2024-07-30T13:04:29.617+0000] {processor.py:161} INFO - Started process (PID=9561) to work on /home/ubuntu/zillowdata_de_youtube_venv/lib/python3.12/site-packages/airflow/example_dags/example_branch_operator_decorator.py
[2024-07-30T13:04:29.618+0000] {processor.py:830} INFO - Processing file /home/ubuntu/zillowdata_de_youtube_venv/lib/python3.12/site-packages/airflow/example_dags/example_branch_operator_decorator.py for tasks to queue
[2024-07-30T13:04:29.620+0000] {logging_mixin.py:188} INFO - [2024-07-30T13:04:29.620+0000] {dagbag.py:545} INFO - Filling up the DagBag from /home/ubuntu/zillowdata_de_youtube_venv/lib/python3.12/site-packages/airflow/example_dags/example_branch_operator_decorator.py
[2024-07-30T13:04:29.623+0000] {processor.py:842} WARNING - No viable dags retrieved from /home/ubuntu/zillowdata_de_youtube_venv/lib/python3.12/site-packages/airflow/example_dags/example_branch_operator_decorator.py
[2024-07-30T13:04:29.634+0000] {processor.py:183} INFO - Processing /home/ubuntu/zillowdata_de_youtube_venv/lib/python3.12/site-packages/airflow/example_dags/example_branch_operator_decorator.py took 0.024 seconds
[2024-07-30T13:05:30.023+0000] {processor.py:161} INFO - Started process (PID=9629) to work on /home/ubuntu/zillowdata_de_youtube_venv/lib/python3.12/site-packages/airflow/example_dags/example_branch_operator_decorator.py
[2024-07-30T13:05:30.025+0000] {processor.py:830} INFO - Processing file /home/ubuntu/zillowdata_de_youtube_venv/lib/python3.12/site-packages/airflow/example_dags/example_branch_operator_decorator.py for tasks to queue
[2024-07-30T13:05:30.026+0000] {logging_mixin.py:188} INFO - [2024-07-30T13:05:30.026+0000] {dagbag.py:545} INFO - Filling up the DagBag from /home/ubuntu/zillowdata_de_youtube_venv/lib/python3.12/site-packages/airflow/example_dags/example_branch_operator_decorator.py
[2024-07-30T13:05:30.029+0000] {processor.py:842} WARNING - No viable dags retrieved from /home/ubuntu/zillowdata_de_youtube_venv/lib/python3.12/site-packages/airflow/example_dags/example_branch_operator_decorator.py
[2024-07-30T13:05:30.040+0000] {processor.py:183} INFO - Processing /home/ubuntu/zillowdata_de_youtube_venv/lib/python3.12/site-packages/airflow/example_dags/example_branch_operator_decorator.py took 0.023 seconds
[2024-07-30T13:06:28.277+0000] {processor.py:161} INFO - Started process (PID=9693) to work on /home/ubuntu/zillowdata_de_youtube_venv/lib/python3.12/site-packages/airflow/example_dags/example_branch_operator_decorator.py
[2024-07-30T13:06:28.278+0000] {processor.py:830} INFO - Processing file /home/ubuntu/zillowdata_de_youtube_venv/lib/python3.12/site-packages/airflow/example_dags/example_branch_operator_decorator.py for tasks to queue
[2024-07-30T13:06:28.280+0000] {logging_mixin.py:188} INFO - [2024-07-30T13:06:28.280+0000] {dagbag.py:545} INFO - Filling up the DagBag from /home/ubuntu/zillowdata_de_youtube_venv/lib/python3.12/site-packages/airflow/example_dags/example_branch_operator_decorator.py
[2024-07-30T13:06:28.283+0000] {processor.py:842} WARNING - No viable dags retrieved from /home/ubuntu/zillowdata_de_youtube_venv/lib/python3.12/site-packages/airflow/example_dags/example_branch_operator_decorator.py
[2024-07-30T13:06:28.294+0000] {processor.py:183} INFO - Processing /home/ubuntu/zillowdata_de_youtube_venv/lib/python3.12/site-packages/airflow/example_dags/example_branch_operator_decorator.py took 0.024 seconds
[2024-07-30T13:07:25.026+0000] {processor.py:161} INFO - Started process (PID=9751) to work on /home/ubuntu/zillowdata_de_youtube_venv/lib/python3.12/site-packages/airflow/example_dags/example_branch_operator_decorator.py
[2024-07-30T13:07:25.027+0000] {processor.py:830} INFO - Processing file /home/ubuntu/zillowdata_de_youtube_venv/lib/python3.12/site-packages/airflow/example_dags/example_branch_operator_decorator.py for tasks to queue
[2024-07-30T13:07:25.029+0000] {logging_mixin.py:188} INFO - [2024-07-30T13:07:25.029+0000] {dagbag.py:545} INFO - Filling up the DagBag from /home/ubuntu/zillowdata_de_youtube_venv/lib/python3.12/site-packages/airflow/example_dags/example_branch_operator_decorator.py
[2024-07-30T13:07:25.032+0000] {processor.py:842} WARNING - No viable dags retrieved from /home/ubuntu/zillowdata_de_youtube_venv/lib/python3.12/site-packages/airflow/example_dags/example_branch_operator_decorator.py
[2024-07-30T13:07:25.042+0000] {processor.py:183} INFO - Processing /home/ubuntu/zillowdata_de_youtube_venv/lib/python3.12/site-packages/airflow/example_dags/example_branch_operator_decorator.py took 0.023 seconds
[2024-07-30T13:08:26.744+0000] {processor.py:161} INFO - Started process (PID=9815) to work on /home/ubuntu/zillowdata_de_youtube_venv/lib/python3.12/site-packages/airflow/example_dags/example_branch_operator_decorator.py
[2024-07-30T13:08:26.745+0000] {processor.py:830} INFO - Processing file /home/ubuntu/zillowdata_de_youtube_venv/lib/python3.12/site-packages/airflow/example_dags/example_branch_operator_decorator.py for tasks to queue
[2024-07-30T13:08:26.747+0000] {logging_mixin.py:188} INFO - [2024-07-30T13:08:26.747+0000] {dagbag.py:545} INFO - Filling up the DagBag from /home/ubuntu/zillowdata_de_youtube_venv/lib/python3.12/site-packages/airflow/example_dags/example_branch_operator_decorator.py
[2024-07-30T13:08:26.750+0000] {processor.py:842} WARNING - No viable dags retrieved from /home/ubuntu/zillowdata_de_youtube_venv/lib/python3.12/site-packages/airflow/example_dags/example_branch_operator_decorator.py
[2024-07-30T13:08:26.761+0000] {processor.py:183} INFO - Processing /home/ubuntu/zillowdata_de_youtube_venv/lib/python3.12/site-packages/airflow/example_dags/example_branch_operator_decorator.py took 0.024 seconds
[2024-07-30T13:09:27.263+0000] {processor.py:161} INFO - Started process (PID=9877) to work on /home/ubuntu/zillowdata_de_youtube_venv/lib/python3.12/site-packages/airflow/example_dags/example_branch_operator_decorator.py
[2024-07-30T13:09:27.265+0000] {processor.py:830} INFO - Processing file /home/ubuntu/zillowdata_de_youtube_venv/lib/python3.12/site-packages/airflow/example_dags/example_branch_operator_decorator.py for tasks to queue
[2024-07-30T13:09:27.267+0000] {logging_mixin.py:188} INFO - [2024-07-30T13:09:27.266+0000] {dagbag.py:545} INFO - Filling up the DagBag from /home/ubuntu/zillowdata_de_youtube_venv/lib/python3.12/site-packages/airflow/example_dags/example_branch_operator_decorator.py
[2024-07-30T13:09:27.269+0000] {processor.py:842} WARNING - No viable dags retrieved from /home/ubuntu/zillowdata_de_youtube_venv/lib/python3.12/site-packages/airflow/example_dags/example_branch_operator_decorator.py
[2024-07-30T13:09:27.280+0000] {processor.py:183} INFO - Processing /home/ubuntu/zillowdata_de_youtube_venv/lib/python3.12/site-packages/airflow/example_dags/example_branch_operator_decorator.py took 0.024 seconds
[2024-07-30T13:10:27.827+0000] {processor.py:161} INFO - Started process (PID=9943) to work on /home/ubuntu/zillowdata_de_youtube_venv/lib/python3.12/site-packages/airflow/example_dags/example_branch_operator_decorator.py
[2024-07-30T13:10:27.829+0000] {processor.py:830} INFO - Processing file /home/ubuntu/zillowdata_de_youtube_venv/lib/python3.12/site-packages/airflow/example_dags/example_branch_operator_decorator.py for tasks to queue
[2024-07-30T13:10:27.830+0000] {logging_mixin.py:188} INFO - [2024-07-30T13:10:27.830+0000] {dagbag.py:545} INFO - Filling up the DagBag from /home/ubuntu/zillowdata_de_youtube_venv/lib/python3.12/site-packages/airflow/example_dags/example_branch_operator_decorator.py
[2024-07-30T13:10:27.833+0000] {processor.py:842} WARNING - No viable dags retrieved from /home/ubuntu/zillowdata_de_youtube_venv/lib/python3.12/site-packages/airflow/example_dags/example_branch_operator_decorator.py
[2024-07-30T13:10:27.844+0000] {processor.py:183} INFO - Processing /home/ubuntu/zillowdata_de_youtube_venv/lib/python3.12/site-packages/airflow/example_dags/example_branch_operator_decorator.py took 0.023 seconds
