[2024-08-01T05:41:25.838+0000] {local_task_job_runner.py:120} INFO - ::group::Pre task execution logs
[2024-08-01T05:41:25.855+0000] {taskinstance.py:2076} INFO - Dependencies all met for dep_context=non-requeueable deps ti=<TaskInstance: zillow-analytics-dag.task_load_to_S3 manual__2024-08-01T05:41:20.804242+00:00 [queued]>
[2024-08-01T05:41:25.861+0000] {taskinstance.py:2076} INFO - Dependencies all met for dep_context=requeueable deps ti=<TaskInstance: zillow-analytics-dag.task_load_to_S3 manual__2024-08-01T05:41:20.804242+00:00 [queued]>
[2024-08-01T05:41:25.861+0000] {taskinstance.py:2306} INFO - Starting attempt 1 of 3
[2024-08-01T05:41:25.876+0000] {taskinstance.py:2330} INFO - Executing <Task(BashOperator): task_load_to_S3> on 2024-08-01 05:41:20.804242+00:00
[2024-08-01T05:41:25.880+0000] {standard_task_runner.py:64} INFO - Started process 1572 to run task
[2024-08-01T05:41:25.882+0000] {standard_task_runner.py:90} INFO - Running: ['airflow', 'tasks', 'run', 'zillow-analytics-dag', 'task_load_to_S3', 'manual__2024-08-01T05:41:20.804242+00:00', '--job-id', '68', '--raw', '--subdir', 'DAGS_FOLDER/zillowanalytics.py', '--cfg-path', '/tmp/tmpmnvjrp2o']
[2024-08-01T05:41:25.883+0000] {standard_task_runner.py:91} INFO - Job 68: Subtask task_load_to_S3
[2024-08-01T05:41:25.916+0000] {task_command.py:426} INFO - Running <TaskInstance: zillow-analytics-dag.task_load_to_S3 manual__2024-08-01T05:41:20.804242+00:00 [running]> on host ip-172-31-16-43.eu-central-1.compute.internal
[2024-08-01T05:41:25.987+0000] {taskinstance.py:2648} INFO - Exporting env vars: AIRFLOW_CTX_DAG_EMAIL='yashvij1996@gmail.com' AIRFLOW_CTX_DAG_OWNER='Yash-First-Airflow-DAG' AIRFLOW_CTX_DAG_ID='zillow-analytics-dag' AIRFLOW_CTX_TASK_ID='task_load_to_S3' AIRFLOW_CTX_EXECUTION_DATE='2024-08-01T05:41:20.804242+00:00' AIRFLOW_CTX_TRY_NUMBER='1' AIRFLOW_CTX_DAG_RUN_ID='manual__2024-08-01T05:41:20.804242+00:00'
[2024-08-01T05:41:25.988+0000] {taskinstance.py:430} INFO - ::endgroup::
[2024-08-01T05:41:26.000+0000] {subprocess.py:63} INFO - Tmp dir root location: /tmp
[2024-08-01T05:41:26.000+0000] {subprocess.py:75} INFO - Running command: ['/usr/bin/bash', '-c', 'aws s3 mv /home/ubuntu/response_data_01082024054122.json s3://zillow-analytics-youtube-json-raw-data/']
[2024-08-01T05:41:26.006+0000] {subprocess.py:86} INFO - Output:
[2024-08-01T05:41:26.701+0000] {subprocess.py:93} INFO - Completed 56.2 KiB/56.2 KiB (299.2 KiB/s) with 1 file(s) remainingmove: ../../home/ubuntu/response_data_01082024054122.json to s3://zillow-analytics-youtube-json-raw-data/response_data_01082024054122.json
[2024-08-01T05:41:26.778+0000] {subprocess.py:97} INFO - Command exited with return code 0
[2024-08-01T05:41:26.778+0000] {taskinstance.py:441} INFO - ::group::Post task execution logs
[2024-08-01T05:41:26.797+0000] {taskinstance.py:1206} INFO - Marking task as SUCCESS. dag_id=zillow-analytics-dag, task_id=task_load_to_S3, run_id=manual__2024-08-01T05:41:20.804242+00:00, execution_date=20240801T054120, start_date=20240801T054125, end_date=20240801T054126
[2024-08-01T05:41:26.816+0000] {local_task_job_runner.py:243} INFO - Task exited with return code 0
[2024-08-01T05:41:26.827+0000] {taskinstance.py:3503} INFO - 0 downstream tasks scheduled from follow-on schedule check
[2024-08-01T05:41:26.828+0000] {local_task_job_runner.py:222} INFO - ::endgroup::
