[2024-07-31T04:08:56.135+0000] {local_task_job_runner.py:120} INFO - ::group::Pre task execution logs
[2024-07-31T04:08:56.153+0000] {taskinstance.py:2076} INFO - Dependencies all met for dep_context=non-requeueable deps ti=<TaskInstance: zillow-analytics-dag.task_load_to_S3 scheduled__2024-07-30T00:00:00+00:00 [queued]>
[2024-07-31T04:08:56.159+0000] {taskinstance.py:2076} INFO - Dependencies all met for dep_context=requeueable deps ti=<TaskInstance: zillow-analytics-dag.task_load_to_S3 scheduled__2024-07-30T00:00:00+00:00 [queued]>
[2024-07-31T04:08:56.159+0000] {taskinstance.py:2306} INFO - Starting attempt 1 of 3
[2024-07-31T04:08:56.173+0000] {taskinstance.py:2330} INFO - Executing <Task(BashOperator): task_load_to_S3> on 2024-07-30 00:00:00+00:00
[2024-07-31T04:08:56.177+0000] {standard_task_runner.py:64} INFO - Started process 1874 to run task
[2024-07-31T04:08:56.179+0000] {standard_task_runner.py:90} INFO - Running: ['airflow', 'tasks', 'run', 'zillow-analytics-dag', 'task_load_to_S3', 'scheduled__2024-07-30T00:00:00+00:00', '--job-id', '30', '--raw', '--subdir', 'DAGS_FOLDER/zillowanalytics.py', '--cfg-path', '/tmp/tmpkv6zg154']
[2024-07-31T04:08:56.181+0000] {standard_task_runner.py:91} INFO - Job 30: Subtask task_load_to_S3
[2024-07-31T04:08:56.218+0000] {task_command.py:426} INFO - Running <TaskInstance: zillow-analytics-dag.task_load_to_S3 scheduled__2024-07-30T00:00:00+00:00 [running]> on host ip-172-31-16-43.eu-central-1.compute.internal
[2024-07-31T04:08:56.288+0000] {taskinstance.py:2648} INFO - Exporting env vars: AIRFLOW_CTX_DAG_EMAIL='yashvij1996@gmail.com' AIRFLOW_CTX_DAG_OWNER='Yash-First-Airflow-DAG' AIRFLOW_CTX_DAG_ID='zillow-analytics-dag' AIRFLOW_CTX_TASK_ID='task_load_to_S3' AIRFLOW_CTX_EXECUTION_DATE='2024-07-30T00:00:00+00:00' AIRFLOW_CTX_TRY_NUMBER='1' AIRFLOW_CTX_DAG_RUN_ID='scheduled__2024-07-30T00:00:00+00:00'
[2024-07-31T04:08:56.289+0000] {taskinstance.py:430} INFO - ::endgroup::
[2024-07-31T04:08:56.301+0000] {subprocess.py:63} INFO - Tmp dir root location: /tmp
[2024-07-31T04:08:56.301+0000] {subprocess.py:75} INFO - Running command: ['/usr/bin/bash', '-c', 'aws s3 mv /home/ubuntu/response_data_31072024040852.json s3://zillow-analytics-youtube/']
[2024-07-31T04:08:56.308+0000] {subprocess.py:86} INFO - Output:
[2024-07-31T04:08:57.918+0000] {subprocess.py:93} INFO - Completed 55.7 KiB/55.7 KiB (296.5 KiB/s) with 1 file(s) remainingmove: ../../home/ubuntu/response_data_31072024040852.json to s3://zillow-analytics-youtube/response_data_31072024040852.json
[2024-07-31T04:08:57.986+0000] {subprocess.py:97} INFO - Command exited with return code 0
[2024-07-31T04:08:57.986+0000] {taskinstance.py:441} INFO - ::group::Post task execution logs
[2024-07-31T04:08:58.005+0000] {taskinstance.py:1206} INFO - Marking task as SUCCESS. dag_id=zillow-analytics-dag, task_id=task_load_to_S3, run_id=scheduled__2024-07-30T00:00:00+00:00, execution_date=20240730T000000, start_date=20240731T040856, end_date=20240731T040858
[2024-07-31T04:08:58.037+0000] {local_task_job_runner.py:243} INFO - Task exited with return code 0
[2024-07-31T04:08:58.048+0000] {taskinstance.py:3503} INFO - 0 downstream tasks scheduled from follow-on schedule check
[2024-07-31T04:08:58.049+0000] {local_task_job_runner.py:222} INFO - ::endgroup::
