[2024-07-31T06:44:12.730+0000] {local_task_job_runner.py:120} INFO - ::group::Pre task execution logs
[2024-07-31T06:44:12.747+0000] {taskinstance.py:2076} INFO - Dependencies all met for dep_context=non-requeueable deps ti=<TaskInstance: zillow-analytics-dag.task_load_to_S3 manual__2024-07-31T06:44:07.520826+00:00 [queued]>
[2024-07-31T06:44:12.753+0000] {taskinstance.py:2076} INFO - Dependencies all met for dep_context=requeueable deps ti=<TaskInstance: zillow-analytics-dag.task_load_to_S3 manual__2024-07-31T06:44:07.520826+00:00 [queued]>
[2024-07-31T06:44:12.754+0000] {taskinstance.py:2306} INFO - Starting attempt 1 of 3
[2024-07-31T06:44:12.769+0000] {taskinstance.py:2330} INFO - Executing <Task(BashOperator): task_load_to_S3> on 2024-07-31 06:44:07.520826+00:00
[2024-07-31T06:44:12.772+0000] {standard_task_runner.py:64} INFO - Started process 7457 to run task
[2024-07-31T06:44:12.775+0000] {standard_task_runner.py:90} INFO - Running: ['airflow', 'tasks', 'run', 'zillow-analytics-dag', 'task_load_to_S3', 'manual__2024-07-31T06:44:07.520826+00:00', '--job-id', '50', '--raw', '--subdir', 'DAGS_FOLDER/zillowanalytics.py', '--cfg-path', '/tmp/tmp_5g5ew81']
[2024-07-31T06:44:12.777+0000] {standard_task_runner.py:91} INFO - Job 50: Subtask task_load_to_S3
[2024-07-31T06:44:12.811+0000] {task_command.py:426} INFO - Running <TaskInstance: zillow-analytics-dag.task_load_to_S3 manual__2024-07-31T06:44:07.520826+00:00 [running]> on host ip-172-31-16-43.eu-central-1.compute.internal
[2024-07-31T06:44:12.885+0000] {taskinstance.py:2648} INFO - Exporting env vars: AIRFLOW_CTX_DAG_EMAIL='yashvij1996@gmail.com' AIRFLOW_CTX_DAG_OWNER='Yash-First-Airflow-DAG' AIRFLOW_CTX_DAG_ID='zillow-analytics-dag' AIRFLOW_CTX_TASK_ID='task_load_to_S3' AIRFLOW_CTX_EXECUTION_DATE='2024-07-31T06:44:07.520826+00:00' AIRFLOW_CTX_TRY_NUMBER='1' AIRFLOW_CTX_DAG_RUN_ID='manual__2024-07-31T06:44:07.520826+00:00'
[2024-07-31T06:44:12.886+0000] {taskinstance.py:430} INFO - ::endgroup::
[2024-07-31T06:44:12.898+0000] {subprocess.py:63} INFO - Tmp dir root location: /tmp
[2024-07-31T06:44:12.899+0000] {subprocess.py:75} INFO - Running command: ['/usr/bin/bash', '-c', 'aws s3 mv /home/ubuntu/response_data_31072024064409.json s3://zillow-analytics-youtube-json-raw-data/']
[2024-07-31T06:44:12.905+0000] {subprocess.py:86} INFO - Output:
[2024-07-31T06:44:13.878+0000] {subprocess.py:93} INFO - Completed 56.5 KiB/56.5 KiB (124.1 KiB/s) with 1 file(s) remainingmove: ../../home/ubuntu/response_data_31072024064409.json to s3://zillow-analytics-youtube-json-raw-data/response_data_31072024064409.json
[2024-07-31T06:44:13.954+0000] {subprocess.py:97} INFO - Command exited with return code 0
[2024-07-31T06:44:13.955+0000] {taskinstance.py:441} INFO - ::group::Post task execution logs
[2024-07-31T06:44:13.973+0000] {taskinstance.py:1206} INFO - Marking task as SUCCESS. dag_id=zillow-analytics-dag, task_id=task_load_to_S3, run_id=manual__2024-07-31T06:44:07.520826+00:00, execution_date=20240731T064407, start_date=20240731T064412, end_date=20240731T064413
[2024-07-31T06:44:13.992+0000] {local_task_job_runner.py:243} INFO - Task exited with return code 0
[2024-07-31T06:44:14.003+0000] {taskinstance.py:3503} INFO - 0 downstream tasks scheduled from follow-on schedule check
[2024-07-31T06:44:14.003+0000] {local_task_job_runner.py:222} INFO - ::endgroup::
