[2024-08-01T05:28:47.409+0000] {processor.py:161} INFO - Started process (PID=1490) to work on /home/ubuntu/airflow/dags/zillowanalytics.py
[2024-08-01T05:28:47.410+0000] {processor.py:830} INFO - Processing file /home/ubuntu/airflow/dags/zillowanalytics.py for tasks to queue
[2024-08-01T05:28:47.412+0000] {logging_mixin.py:188} INFO - [2024-08-01T05:28:47.412+0000] {dagbag.py:545} INFO - Filling up the DagBag from /home/ubuntu/airflow/dags/zillowanalytics.py
[2024-08-01T05:28:47.442+0000] {processor.py:840} INFO - DAG(s) 'zillow-analytics-dag' retrieved from /home/ubuntu/airflow/dags/zillowanalytics.py
[2024-08-01T05:28:47.461+0000] {logging_mixin.py:188} INFO - [2024-08-01T05:28:47.461+0000] {dag.py:3089} INFO - Sync 1 DAGs
[2024-08-01T05:28:47.510+0000] {logging_mixin.py:188} INFO - [2024-08-01T05:28:47.510+0000] {dag.py:3947} INFO - Setting next_dagrun for zillow-analytics-dag to 2024-07-31 00:00:00+00:00, run_after=2024-08-01 00:00:00+00:00
[2024-08-01T05:28:47.554+0000] {processor.py:183} INFO - Processing /home/ubuntu/airflow/dags/zillowanalytics.py took 0.157 seconds
[2024-08-01T05:29:18.370+0000] {processor.py:161} INFO - Started process (PID=1510) to work on /home/ubuntu/airflow/dags/zillowanalytics.py
[2024-08-01T05:29:18.371+0000] {processor.py:830} INFO - Processing file /home/ubuntu/airflow/dags/zillowanalytics.py for tasks to queue
[2024-08-01T05:29:18.373+0000] {logging_mixin.py:188} INFO - [2024-08-01T05:29:18.372+0000] {dagbag.py:545} INFO - Filling up the DagBag from /home/ubuntu/airflow/dags/zillowanalytics.py
[2024-08-01T05:29:18.388+0000] {processor.py:840} INFO - DAG(s) 'zillow-analytics-dag' retrieved from /home/ubuntu/airflow/dags/zillowanalytics.py
[2024-08-01T05:29:18.492+0000] {logging_mixin.py:188} INFO - [2024-08-01T05:29:18.492+0000] {dag.py:3089} INFO - Sync 1 DAGs
[2024-08-01T05:29:18.510+0000] {logging_mixin.py:188} INFO - [2024-08-01T05:29:18.509+0000] {dag.py:3947} INFO - Setting next_dagrun for zillow-analytics-dag to 2024-08-01 00:00:00+00:00, run_after=2024-08-02 00:00:00+00:00
[2024-08-01T05:29:18.531+0000] {processor.py:183} INFO - Processing /home/ubuntu/airflow/dags/zillowanalytics.py took 0.167 seconds
[2024-08-01T05:29:49.484+0000] {processor.py:161} INFO - Started process (PID=1511) to work on /home/ubuntu/airflow/dags/zillowanalytics.py
[2024-08-01T05:29:49.486+0000] {processor.py:830} INFO - Processing file /home/ubuntu/airflow/dags/zillowanalytics.py for tasks to queue
[2024-08-01T05:29:49.487+0000] {logging_mixin.py:188} INFO - [2024-08-01T05:29:49.487+0000] {dagbag.py:545} INFO - Filling up the DagBag from /home/ubuntu/airflow/dags/zillowanalytics.py
[2024-08-01T05:29:49.499+0000] {processor.py:840} INFO - DAG(s) 'zillow-analytics-dag' retrieved from /home/ubuntu/airflow/dags/zillowanalytics.py
[2024-08-01T05:29:49.603+0000] {logging_mixin.py:188} INFO - [2024-08-01T05:29:49.603+0000] {dag.py:3089} INFO - Sync 1 DAGs
[2024-08-01T05:29:49.620+0000] {logging_mixin.py:188} INFO - [2024-08-01T05:29:49.620+0000] {dag.py:3947} INFO - Setting next_dagrun for zillow-analytics-dag to 2024-08-01 00:00:00+00:00, run_after=2024-08-02 00:00:00+00:00
[2024-08-01T05:29:49.641+0000] {processor.py:183} INFO - Processing /home/ubuntu/airflow/dags/zillowanalytics.py took 0.162 seconds
[2024-08-01T05:30:20.599+0000] {processor.py:161} INFO - Started process (PID=1515) to work on /home/ubuntu/airflow/dags/zillowanalytics.py
[2024-08-01T05:30:20.601+0000] {processor.py:830} INFO - Processing file /home/ubuntu/airflow/dags/zillowanalytics.py for tasks to queue
[2024-08-01T05:30:20.602+0000] {logging_mixin.py:188} INFO - [2024-08-01T05:30:20.602+0000] {dagbag.py:545} INFO - Filling up the DagBag from /home/ubuntu/airflow/dags/zillowanalytics.py
[2024-08-01T05:30:20.615+0000] {processor.py:840} INFO - DAG(s) 'zillow-analytics-dag' retrieved from /home/ubuntu/airflow/dags/zillowanalytics.py
[2024-08-01T05:30:20.720+0000] {logging_mixin.py:188} INFO - [2024-08-01T05:30:20.720+0000] {dag.py:3089} INFO - Sync 1 DAGs
[2024-08-01T05:30:20.739+0000] {logging_mixin.py:188} INFO - [2024-08-01T05:30:20.738+0000] {dag.py:3947} INFO - Setting next_dagrun for zillow-analytics-dag to 2024-08-01 00:00:00+00:00, run_after=2024-08-02 00:00:00+00:00
[2024-08-01T05:30:20.761+0000] {processor.py:183} INFO - Processing /home/ubuntu/airflow/dags/zillowanalytics.py took 0.167 seconds
[2024-08-01T05:30:51.679+0000] {processor.py:161} INFO - Started process (PID=1516) to work on /home/ubuntu/airflow/dags/zillowanalytics.py
[2024-08-01T05:30:51.680+0000] {processor.py:830} INFO - Processing file /home/ubuntu/airflow/dags/zillowanalytics.py for tasks to queue
[2024-08-01T05:30:51.682+0000] {logging_mixin.py:188} INFO - [2024-08-01T05:30:51.681+0000] {dagbag.py:545} INFO - Filling up the DagBag from /home/ubuntu/airflow/dags/zillowanalytics.py
[2024-08-01T05:30:51.694+0000] {processor.py:840} INFO - DAG(s) 'zillow-analytics-dag' retrieved from /home/ubuntu/airflow/dags/zillowanalytics.py
[2024-08-01T05:30:51.804+0000] {logging_mixin.py:188} INFO - [2024-08-01T05:30:51.804+0000] {dag.py:3089} INFO - Sync 1 DAGs
[2024-08-01T05:30:51.824+0000] {logging_mixin.py:188} INFO - [2024-08-01T05:30:51.824+0000] {dag.py:3947} INFO - Setting next_dagrun for zillow-analytics-dag to 2024-08-01 00:00:00+00:00, run_after=2024-08-02 00:00:00+00:00
[2024-08-01T05:30:51.848+0000] {processor.py:183} INFO - Processing /home/ubuntu/airflow/dags/zillowanalytics.py took 0.175 seconds
[2024-08-01T05:31:22.116+0000] {processor.py:161} INFO - Started process (PID=1517) to work on /home/ubuntu/airflow/dags/zillowanalytics.py
[2024-08-01T05:31:22.118+0000] {processor.py:830} INFO - Processing file /home/ubuntu/airflow/dags/zillowanalytics.py for tasks to queue
[2024-08-01T05:31:22.119+0000] {logging_mixin.py:188} INFO - [2024-08-01T05:31:22.119+0000] {dagbag.py:545} INFO - Filling up the DagBag from /home/ubuntu/airflow/dags/zillowanalytics.py
[2024-08-01T05:31:22.132+0000] {processor.py:840} INFO - DAG(s) 'zillow-analytics-dag' retrieved from /home/ubuntu/airflow/dags/zillowanalytics.py
[2024-08-01T05:31:22.237+0000] {logging_mixin.py:188} INFO - [2024-08-01T05:31:22.237+0000] {dag.py:3089} INFO - Sync 1 DAGs
[2024-08-01T05:31:22.257+0000] {logging_mixin.py:188} INFO - [2024-08-01T05:31:22.256+0000] {dag.py:3947} INFO - Setting next_dagrun for zillow-analytics-dag to 2024-08-01 00:00:00+00:00, run_after=2024-08-02 00:00:00+00:00
[2024-08-01T05:31:22.278+0000] {processor.py:183} INFO - Processing /home/ubuntu/airflow/dags/zillowanalytics.py took 0.167 seconds
[2024-08-01T05:31:52.552+0000] {processor.py:161} INFO - Started process (PID=1532) to work on /home/ubuntu/airflow/dags/zillowanalytics.py
[2024-08-01T05:31:52.553+0000] {processor.py:830} INFO - Processing file /home/ubuntu/airflow/dags/zillowanalytics.py for tasks to queue
[2024-08-01T05:31:52.555+0000] {logging_mixin.py:188} INFO - [2024-08-01T05:31:52.554+0000] {dagbag.py:545} INFO - Filling up the DagBag from /home/ubuntu/airflow/dags/zillowanalytics.py
[2024-08-01T05:31:52.567+0000] {processor.py:840} INFO - DAG(s) 'zillow-analytics-dag' retrieved from /home/ubuntu/airflow/dags/zillowanalytics.py
[2024-08-01T05:31:52.670+0000] {logging_mixin.py:188} INFO - [2024-08-01T05:31:52.670+0000] {dag.py:3089} INFO - Sync 1 DAGs
[2024-08-01T05:31:52.690+0000] {logging_mixin.py:188} INFO - [2024-08-01T05:31:52.690+0000] {dag.py:3947} INFO - Setting next_dagrun for zillow-analytics-dag to 2024-08-01 00:00:00+00:00, run_after=2024-08-02 00:00:00+00:00
[2024-08-01T05:31:52.711+0000] {processor.py:183} INFO - Processing /home/ubuntu/airflow/dags/zillowanalytics.py took 0.164 seconds
[2024-08-01T05:32:22.983+0000] {processor.py:161} INFO - Started process (PID=1533) to work on /home/ubuntu/airflow/dags/zillowanalytics.py
[2024-08-01T05:32:22.984+0000] {processor.py:830} INFO - Processing file /home/ubuntu/airflow/dags/zillowanalytics.py for tasks to queue
[2024-08-01T05:32:22.985+0000] {logging_mixin.py:188} INFO - [2024-08-01T05:32:22.985+0000] {dagbag.py:545} INFO - Filling up the DagBag from /home/ubuntu/airflow/dags/zillowanalytics.py
[2024-08-01T05:32:22.998+0000] {processor.py:840} INFO - DAG(s) 'zillow-analytics-dag' retrieved from /home/ubuntu/airflow/dags/zillowanalytics.py
[2024-08-01T05:32:23.103+0000] {logging_mixin.py:188} INFO - [2024-08-01T05:32:23.103+0000] {dag.py:3089} INFO - Sync 1 DAGs
[2024-08-01T05:32:23.121+0000] {logging_mixin.py:188} INFO - [2024-08-01T05:32:23.121+0000] {dag.py:3947} INFO - Setting next_dagrun for zillow-analytics-dag to 2024-08-01 00:00:00+00:00, run_after=2024-08-02 00:00:00+00:00
[2024-08-01T05:32:23.144+0000] {processor.py:183} INFO - Processing /home/ubuntu/airflow/dags/zillowanalytics.py took 0.166 seconds
[2024-08-01T05:32:53.417+0000] {processor.py:161} INFO - Started process (PID=1534) to work on /home/ubuntu/airflow/dags/zillowanalytics.py
[2024-08-01T05:32:53.418+0000] {processor.py:830} INFO - Processing file /home/ubuntu/airflow/dags/zillowanalytics.py for tasks to queue
[2024-08-01T05:32:53.419+0000] {logging_mixin.py:188} INFO - [2024-08-01T05:32:53.419+0000] {dagbag.py:545} INFO - Filling up the DagBag from /home/ubuntu/airflow/dags/zillowanalytics.py
[2024-08-01T05:32:53.432+0000] {processor.py:840} INFO - DAG(s) 'zillow-analytics-dag' retrieved from /home/ubuntu/airflow/dags/zillowanalytics.py
[2024-08-01T05:32:53.537+0000] {logging_mixin.py:188} INFO - [2024-08-01T05:32:53.536+0000] {dag.py:3089} INFO - Sync 1 DAGs
[2024-08-01T05:32:53.555+0000] {logging_mixin.py:188} INFO - [2024-08-01T05:32:53.555+0000] {dag.py:3947} INFO - Setting next_dagrun for zillow-analytics-dag to 2024-08-01 00:00:00+00:00, run_after=2024-08-02 00:00:00+00:00
[2024-08-01T05:32:53.578+0000] {processor.py:183} INFO - Processing /home/ubuntu/airflow/dags/zillowanalytics.py took 0.167 seconds
[2024-08-01T05:33:23.852+0000] {processor.py:161} INFO - Started process (PID=1535) to work on /home/ubuntu/airflow/dags/zillowanalytics.py
[2024-08-01T05:33:23.853+0000] {processor.py:830} INFO - Processing file /home/ubuntu/airflow/dags/zillowanalytics.py for tasks to queue
[2024-08-01T05:33:23.855+0000] {logging_mixin.py:188} INFO - [2024-08-01T05:33:23.854+0000] {dagbag.py:545} INFO - Filling up the DagBag from /home/ubuntu/airflow/dags/zillowanalytics.py
[2024-08-01T05:33:23.868+0000] {processor.py:840} INFO - DAG(s) 'zillow-analytics-dag' retrieved from /home/ubuntu/airflow/dags/zillowanalytics.py
[2024-08-01T05:33:23.975+0000] {logging_mixin.py:188} INFO - [2024-08-01T05:33:23.975+0000] {dag.py:3089} INFO - Sync 1 DAGs
[2024-08-01T05:33:23.993+0000] {logging_mixin.py:188} INFO - [2024-08-01T05:33:23.993+0000] {dag.py:3947} INFO - Setting next_dagrun for zillow-analytics-dag to 2024-08-01 00:00:00+00:00, run_after=2024-08-02 00:00:00+00:00
[2024-08-01T05:33:24.015+0000] {processor.py:183} INFO - Processing /home/ubuntu/airflow/dags/zillowanalytics.py took 0.168 seconds
[2024-08-01T05:33:54.291+0000] {processor.py:161} INFO - Started process (PID=1539) to work on /home/ubuntu/airflow/dags/zillowanalytics.py
[2024-08-01T05:33:54.292+0000] {processor.py:830} INFO - Processing file /home/ubuntu/airflow/dags/zillowanalytics.py for tasks to queue
[2024-08-01T05:33:54.294+0000] {logging_mixin.py:188} INFO - [2024-08-01T05:33:54.294+0000] {dagbag.py:545} INFO - Filling up the DagBag from /home/ubuntu/airflow/dags/zillowanalytics.py
[2024-08-01T05:33:54.308+0000] {processor.py:840} INFO - DAG(s) 'zillow-analytics-dag' retrieved from /home/ubuntu/airflow/dags/zillowanalytics.py
[2024-08-01T05:33:54.415+0000] {logging_mixin.py:188} INFO - [2024-08-01T05:33:54.415+0000] {dag.py:3089} INFO - Sync 1 DAGs
[2024-08-01T05:33:54.434+0000] {logging_mixin.py:188} INFO - [2024-08-01T05:33:54.434+0000] {dag.py:3947} INFO - Setting next_dagrun for zillow-analytics-dag to 2024-08-01 00:00:00+00:00, run_after=2024-08-02 00:00:00+00:00
[2024-08-01T05:33:54.456+0000] {processor.py:183} INFO - Processing /home/ubuntu/airflow/dags/zillowanalytics.py took 0.170 seconds
[2024-08-01T05:34:24.732+0000] {processor.py:161} INFO - Started process (PID=1540) to work on /home/ubuntu/airflow/dags/zillowanalytics.py
[2024-08-01T05:34:24.733+0000] {processor.py:830} INFO - Processing file /home/ubuntu/airflow/dags/zillowanalytics.py for tasks to queue
[2024-08-01T05:34:24.735+0000] {logging_mixin.py:188} INFO - [2024-08-01T05:34:24.735+0000] {dagbag.py:545} INFO - Filling up the DagBag from /home/ubuntu/airflow/dags/zillowanalytics.py
[2024-08-01T05:34:24.748+0000] {processor.py:840} INFO - DAG(s) 'zillow-analytics-dag' retrieved from /home/ubuntu/airflow/dags/zillowanalytics.py
[2024-08-01T05:34:24.854+0000] {logging_mixin.py:188} INFO - [2024-08-01T05:34:24.854+0000] {dag.py:3089} INFO - Sync 1 DAGs
[2024-08-01T05:34:24.873+0000] {logging_mixin.py:188} INFO - [2024-08-01T05:34:24.873+0000] {dag.py:3947} INFO - Setting next_dagrun for zillow-analytics-dag to 2024-08-01 00:00:00+00:00, run_after=2024-08-02 00:00:00+00:00
[2024-08-01T05:34:24.898+0000] {processor.py:183} INFO - Processing /home/ubuntu/airflow/dags/zillowanalytics.py took 0.171 seconds
[2024-08-01T05:34:55.144+0000] {processor.py:161} INFO - Started process (PID=1541) to work on /home/ubuntu/airflow/dags/zillowanalytics.py
[2024-08-01T05:34:55.145+0000] {processor.py:830} INFO - Processing file /home/ubuntu/airflow/dags/zillowanalytics.py for tasks to queue
[2024-08-01T05:34:55.147+0000] {logging_mixin.py:188} INFO - [2024-08-01T05:34:55.147+0000] {dagbag.py:545} INFO - Filling up the DagBag from /home/ubuntu/airflow/dags/zillowanalytics.py
[2024-08-01T05:34:55.159+0000] {processor.py:840} INFO - DAG(s) 'zillow-analytics-dag' retrieved from /home/ubuntu/airflow/dags/zillowanalytics.py
[2024-08-01T05:34:55.263+0000] {logging_mixin.py:188} INFO - [2024-08-01T05:34:55.263+0000] {dag.py:3089} INFO - Sync 1 DAGs
[2024-08-01T05:34:55.282+0000] {logging_mixin.py:188} INFO - [2024-08-01T05:34:55.281+0000] {dag.py:3947} INFO - Setting next_dagrun for zillow-analytics-dag to 2024-08-01 00:00:00+00:00, run_after=2024-08-02 00:00:00+00:00
[2024-08-01T05:34:55.305+0000] {processor.py:183} INFO - Processing /home/ubuntu/airflow/dags/zillowanalytics.py took 0.167 seconds
[2024-08-01T05:35:25.583+0000] {processor.py:161} INFO - Started process (PID=1545) to work on /home/ubuntu/airflow/dags/zillowanalytics.py
[2024-08-01T05:35:25.584+0000] {processor.py:830} INFO - Processing file /home/ubuntu/airflow/dags/zillowanalytics.py for tasks to queue
[2024-08-01T05:35:25.586+0000] {logging_mixin.py:188} INFO - [2024-08-01T05:35:25.585+0000] {dagbag.py:545} INFO - Filling up the DagBag from /home/ubuntu/airflow/dags/zillowanalytics.py
[2024-08-01T05:35:25.598+0000] {processor.py:840} INFO - DAG(s) 'zillow-analytics-dag' retrieved from /home/ubuntu/airflow/dags/zillowanalytics.py
[2024-08-01T05:35:25.700+0000] {logging_mixin.py:188} INFO - [2024-08-01T05:35:25.700+0000] {dag.py:3089} INFO - Sync 1 DAGs
[2024-08-01T05:35:25.721+0000] {logging_mixin.py:188} INFO - [2024-08-01T05:35:25.721+0000] {dag.py:3947} INFO - Setting next_dagrun for zillow-analytics-dag to 2024-08-01 00:00:00+00:00, run_after=2024-08-02 00:00:00+00:00
[2024-08-01T05:35:25.743+0000] {processor.py:183} INFO - Processing /home/ubuntu/airflow/dags/zillowanalytics.py took 0.165 seconds
[2024-08-01T05:35:56.017+0000] {processor.py:161} INFO - Started process (PID=1546) to work on /home/ubuntu/airflow/dags/zillowanalytics.py
[2024-08-01T05:35:56.019+0000] {processor.py:830} INFO - Processing file /home/ubuntu/airflow/dags/zillowanalytics.py for tasks to queue
[2024-08-01T05:35:56.020+0000] {logging_mixin.py:188} INFO - [2024-08-01T05:35:56.020+0000] {dagbag.py:545} INFO - Filling up the DagBag from /home/ubuntu/airflow/dags/zillowanalytics.py
[2024-08-01T05:35:56.033+0000] {processor.py:840} INFO - DAG(s) 'zillow-analytics-dag' retrieved from /home/ubuntu/airflow/dags/zillowanalytics.py
[2024-08-01T05:35:56.134+0000] {logging_mixin.py:188} INFO - [2024-08-01T05:35:56.134+0000] {dag.py:3089} INFO - Sync 1 DAGs
[2024-08-01T05:35:56.153+0000] {logging_mixin.py:188} INFO - [2024-08-01T05:35:56.153+0000] {dag.py:3947} INFO - Setting next_dagrun for zillow-analytics-dag to 2024-08-01 00:00:00+00:00, run_after=2024-08-02 00:00:00+00:00
[2024-08-01T05:35:56.174+0000] {processor.py:183} INFO - Processing /home/ubuntu/airflow/dags/zillowanalytics.py took 0.163 seconds
[2024-08-01T05:36:26.454+0000] {processor.py:161} INFO - Started process (PID=1547) to work on /home/ubuntu/airflow/dags/zillowanalytics.py
[2024-08-01T05:36:26.455+0000] {processor.py:830} INFO - Processing file /home/ubuntu/airflow/dags/zillowanalytics.py for tasks to queue
[2024-08-01T05:36:26.457+0000] {logging_mixin.py:188} INFO - [2024-08-01T05:36:26.456+0000] {dagbag.py:545} INFO - Filling up the DagBag from /home/ubuntu/airflow/dags/zillowanalytics.py
[2024-08-01T05:36:26.470+0000] {processor.py:840} INFO - DAG(s) 'zillow-analytics-dag' retrieved from /home/ubuntu/airflow/dags/zillowanalytics.py
[2024-08-01T05:36:26.580+0000] {logging_mixin.py:188} INFO - [2024-08-01T05:36:26.580+0000] {dag.py:3089} INFO - Sync 1 DAGs
[2024-08-01T05:36:26.600+0000] {logging_mixin.py:188} INFO - [2024-08-01T05:36:26.599+0000] {dag.py:3947} INFO - Setting next_dagrun for zillow-analytics-dag to 2024-08-01 00:00:00+00:00, run_after=2024-08-02 00:00:00+00:00
[2024-08-01T05:36:26.623+0000] {processor.py:183} INFO - Processing /home/ubuntu/airflow/dags/zillowanalytics.py took 0.175 seconds
[2024-08-01T05:36:56.890+0000] {processor.py:161} INFO - Started process (PID=1552) to work on /home/ubuntu/airflow/dags/zillowanalytics.py
[2024-08-01T05:36:56.891+0000] {processor.py:830} INFO - Processing file /home/ubuntu/airflow/dags/zillowanalytics.py for tasks to queue
[2024-08-01T05:36:56.893+0000] {logging_mixin.py:188} INFO - [2024-08-01T05:36:56.893+0000] {dagbag.py:545} INFO - Filling up the DagBag from /home/ubuntu/airflow/dags/zillowanalytics.py
[2024-08-01T05:36:56.906+0000] {processor.py:840} INFO - DAG(s) 'zillow-analytics-dag' retrieved from /home/ubuntu/airflow/dags/zillowanalytics.py
[2024-08-01T05:36:57.009+0000] {logging_mixin.py:188} INFO - [2024-08-01T05:36:57.008+0000] {dag.py:3089} INFO - Sync 1 DAGs
[2024-08-01T05:36:57.027+0000] {logging_mixin.py:188} INFO - [2024-08-01T05:36:57.027+0000] {dag.py:3947} INFO - Setting next_dagrun for zillow-analytics-dag to 2024-08-01 00:00:00+00:00, run_after=2024-08-02 00:00:00+00:00
[2024-08-01T05:36:57.048+0000] {processor.py:183} INFO - Processing /home/ubuntu/airflow/dags/zillowanalytics.py took 0.163 seconds
[2024-08-01T05:37:27.328+0000] {processor.py:161} INFO - Started process (PID=1553) to work on /home/ubuntu/airflow/dags/zillowanalytics.py
[2024-08-01T05:37:27.329+0000] {processor.py:830} INFO - Processing file /home/ubuntu/airflow/dags/zillowanalytics.py for tasks to queue
[2024-08-01T05:37:27.331+0000] {logging_mixin.py:188} INFO - [2024-08-01T05:37:27.330+0000] {dagbag.py:545} INFO - Filling up the DagBag from /home/ubuntu/airflow/dags/zillowanalytics.py
[2024-08-01T05:37:27.343+0000] {processor.py:840} INFO - DAG(s) 'zillow-analytics-dag' retrieved from /home/ubuntu/airflow/dags/zillowanalytics.py
[2024-08-01T05:37:27.449+0000] {logging_mixin.py:188} INFO - [2024-08-01T05:37:27.449+0000] {dag.py:3089} INFO - Sync 1 DAGs
[2024-08-01T05:37:27.467+0000] {logging_mixin.py:188} INFO - [2024-08-01T05:37:27.467+0000] {dag.py:3947} INFO - Setting next_dagrun for zillow-analytics-dag to 2024-08-01 00:00:00+00:00, run_after=2024-08-02 00:00:00+00:00
[2024-08-01T05:37:27.491+0000] {processor.py:183} INFO - Processing /home/ubuntu/airflow/dags/zillowanalytics.py took 0.168 seconds
[2024-08-01T05:37:57.764+0000] {processor.py:161} INFO - Started process (PID=1554) to work on /home/ubuntu/airflow/dags/zillowanalytics.py
[2024-08-01T05:37:57.766+0000] {processor.py:830} INFO - Processing file /home/ubuntu/airflow/dags/zillowanalytics.py for tasks to queue
[2024-08-01T05:37:57.768+0000] {logging_mixin.py:188} INFO - [2024-08-01T05:37:57.767+0000] {dagbag.py:545} INFO - Filling up the DagBag from /home/ubuntu/airflow/dags/zillowanalytics.py
[2024-08-01T05:37:57.780+0000] {processor.py:840} INFO - DAG(s) 'zillow-analytics-dag' retrieved from /home/ubuntu/airflow/dags/zillowanalytics.py
[2024-08-01T05:37:57.887+0000] {logging_mixin.py:188} INFO - [2024-08-01T05:37:57.887+0000] {dag.py:3089} INFO - Sync 1 DAGs
[2024-08-01T05:37:57.906+0000] {logging_mixin.py:188} INFO - [2024-08-01T05:37:57.905+0000] {dag.py:3947} INFO - Setting next_dagrun for zillow-analytics-dag to 2024-08-01 00:00:00+00:00, run_after=2024-08-02 00:00:00+00:00
[2024-08-01T05:37:57.929+0000] {processor.py:183} INFO - Processing /home/ubuntu/airflow/dags/zillowanalytics.py took 0.171 seconds
[2024-08-01T05:38:28.186+0000] {processor.py:161} INFO - Started process (PID=1555) to work on /home/ubuntu/airflow/dags/zillowanalytics.py
[2024-08-01T05:38:28.187+0000] {processor.py:830} INFO - Processing file /home/ubuntu/airflow/dags/zillowanalytics.py for tasks to queue
[2024-08-01T05:38:28.188+0000] {logging_mixin.py:188} INFO - [2024-08-01T05:38:28.188+0000] {dagbag.py:545} INFO - Filling up the DagBag from /home/ubuntu/airflow/dags/zillowanalytics.py
[2024-08-01T05:38:28.200+0000] {processor.py:840} INFO - DAG(s) 'zillow-analytics-dag' retrieved from /home/ubuntu/airflow/dags/zillowanalytics.py
[2024-08-01T05:38:28.304+0000] {logging_mixin.py:188} INFO - [2024-08-01T05:38:28.304+0000] {dag.py:3089} INFO - Sync 1 DAGs
[2024-08-01T05:38:28.322+0000] {logging_mixin.py:188} INFO - [2024-08-01T05:38:28.321+0000] {dag.py:3947} INFO - Setting next_dagrun for zillow-analytics-dag to 2024-08-01 00:00:00+00:00, run_after=2024-08-02 00:00:00+00:00
[2024-08-01T05:38:28.342+0000] {processor.py:183} INFO - Processing /home/ubuntu/airflow/dags/zillowanalytics.py took 0.162 seconds
[2024-08-01T05:38:58.616+0000] {processor.py:161} INFO - Started process (PID=1560) to work on /home/ubuntu/airflow/dags/zillowanalytics.py
[2024-08-01T05:38:58.618+0000] {processor.py:830} INFO - Processing file /home/ubuntu/airflow/dags/zillowanalytics.py for tasks to queue
[2024-08-01T05:38:58.619+0000] {logging_mixin.py:188} INFO - [2024-08-01T05:38:58.619+0000] {dagbag.py:545} INFO - Filling up the DagBag from /home/ubuntu/airflow/dags/zillowanalytics.py
[2024-08-01T05:38:58.632+0000] {processor.py:840} INFO - DAG(s) 'zillow-analytics-dag' retrieved from /home/ubuntu/airflow/dags/zillowanalytics.py
[2024-08-01T05:38:58.733+0000] {logging_mixin.py:188} INFO - [2024-08-01T05:38:58.733+0000] {dag.py:3089} INFO - Sync 1 DAGs
[2024-08-01T05:38:58.751+0000] {logging_mixin.py:188} INFO - [2024-08-01T05:38:58.751+0000] {dag.py:3947} INFO - Setting next_dagrun for zillow-analytics-dag to 2024-08-01 00:00:00+00:00, run_after=2024-08-02 00:00:00+00:00
[2024-08-01T05:38:58.775+0000] {processor.py:183} INFO - Processing /home/ubuntu/airflow/dags/zillowanalytics.py took 0.165 seconds
[2024-08-01T05:39:29.058+0000] {processor.py:161} INFO - Started process (PID=1561) to work on /home/ubuntu/airflow/dags/zillowanalytics.py
[2024-08-01T05:39:29.059+0000] {processor.py:830} INFO - Processing file /home/ubuntu/airflow/dags/zillowanalytics.py for tasks to queue
[2024-08-01T05:39:29.060+0000] {logging_mixin.py:188} INFO - [2024-08-01T05:39:29.060+0000] {dagbag.py:545} INFO - Filling up the DagBag from /home/ubuntu/airflow/dags/zillowanalytics.py
[2024-08-01T05:39:29.073+0000] {processor.py:840} INFO - DAG(s) 'zillow-analytics-dag' retrieved from /home/ubuntu/airflow/dags/zillowanalytics.py
[2024-08-01T05:39:29.179+0000] {logging_mixin.py:188} INFO - [2024-08-01T05:39:29.178+0000] {dag.py:3089} INFO - Sync 1 DAGs
[2024-08-01T05:39:29.199+0000] {logging_mixin.py:188} INFO - [2024-08-01T05:39:29.199+0000] {dag.py:3947} INFO - Setting next_dagrun for zillow-analytics-dag to 2024-08-01 00:00:00+00:00, run_after=2024-08-02 00:00:00+00:00
[2024-08-01T05:39:29.220+0000] {processor.py:183} INFO - Processing /home/ubuntu/airflow/dags/zillowanalytics.py took 0.168 seconds
[2024-08-01T05:39:59.379+0000] {processor.py:161} INFO - Started process (PID=1562) to work on /home/ubuntu/airflow/dags/zillowanalytics.py
[2024-08-01T05:39:59.380+0000] {processor.py:830} INFO - Processing file /home/ubuntu/airflow/dags/zillowanalytics.py for tasks to queue
[2024-08-01T05:39:59.382+0000] {logging_mixin.py:188} INFO - [2024-08-01T05:39:59.382+0000] {dagbag.py:545} INFO - Filling up the DagBag from /home/ubuntu/airflow/dags/zillowanalytics.py
[2024-08-01T05:39:59.395+0000] {processor.py:840} INFO - DAG(s) 'zillow-analytics-dag' retrieved from /home/ubuntu/airflow/dags/zillowanalytics.py
[2024-08-01T05:39:59.499+0000] {logging_mixin.py:188} INFO - [2024-08-01T05:39:59.499+0000] {dag.py:3089} INFO - Sync 1 DAGs
[2024-08-01T05:39:59.519+0000] {logging_mixin.py:188} INFO - [2024-08-01T05:39:59.519+0000] {dag.py:3947} INFO - Setting next_dagrun for zillow-analytics-dag to 2024-08-01 00:00:00+00:00, run_after=2024-08-02 00:00:00+00:00
[2024-08-01T05:39:59.540+0000] {processor.py:183} INFO - Processing /home/ubuntu/airflow/dags/zillowanalytics.py took 0.167 seconds
[2024-08-01T05:40:29.683+0000] {processor.py:161} INFO - Started process (PID=1567) to work on /home/ubuntu/airflow/dags/zillowanalytics.py
[2024-08-01T05:40:29.684+0000] {processor.py:830} INFO - Processing file /home/ubuntu/airflow/dags/zillowanalytics.py for tasks to queue
[2024-08-01T05:40:29.685+0000] {logging_mixin.py:188} INFO - [2024-08-01T05:40:29.685+0000] {dagbag.py:545} INFO - Filling up the DagBag from /home/ubuntu/airflow/dags/zillowanalytics.py
[2024-08-01T05:40:29.698+0000] {processor.py:840} INFO - DAG(s) 'zillow-analytics-dag' retrieved from /home/ubuntu/airflow/dags/zillowanalytics.py
[2024-08-01T05:40:29.802+0000] {logging_mixin.py:188} INFO - [2024-08-01T05:40:29.802+0000] {dag.py:3089} INFO - Sync 1 DAGs
[2024-08-01T05:40:29.820+0000] {logging_mixin.py:188} INFO - [2024-08-01T05:40:29.820+0000] {dag.py:3947} INFO - Setting next_dagrun for zillow-analytics-dag to 2024-08-01 00:00:00+00:00, run_after=2024-08-02 00:00:00+00:00
[2024-08-01T05:40:29.841+0000] {processor.py:183} INFO - Processing /home/ubuntu/airflow/dags/zillowanalytics.py took 0.164 seconds
[2024-08-01T05:40:59.986+0000] {processor.py:161} INFO - Started process (PID=1568) to work on /home/ubuntu/airflow/dags/zillowanalytics.py
[2024-08-01T05:40:59.987+0000] {processor.py:830} INFO - Processing file /home/ubuntu/airflow/dags/zillowanalytics.py for tasks to queue
[2024-08-01T05:40:59.989+0000] {logging_mixin.py:188} INFO - [2024-08-01T05:40:59.988+0000] {dagbag.py:545} INFO - Filling up the DagBag from /home/ubuntu/airflow/dags/zillowanalytics.py
[2024-08-01T05:41:00.002+0000] {processor.py:840} INFO - DAG(s) 'zillow-analytics-dag' retrieved from /home/ubuntu/airflow/dags/zillowanalytics.py
[2024-08-01T05:41:00.112+0000] {logging_mixin.py:188} INFO - [2024-08-01T05:41:00.112+0000] {dag.py:3089} INFO - Sync 1 DAGs
[2024-08-01T05:41:00.131+0000] {logging_mixin.py:188} INFO - [2024-08-01T05:41:00.130+0000] {dag.py:3947} INFO - Setting next_dagrun for zillow-analytics-dag to 2024-08-01 00:00:00+00:00, run_after=2024-08-02 00:00:00+00:00
[2024-08-01T05:41:00.152+0000] {processor.py:183} INFO - Processing /home/ubuntu/airflow/dags/zillowanalytics.py took 0.172 seconds
[2024-08-01T05:41:30.290+0000] {processor.py:161} INFO - Started process (PID=1577) to work on /home/ubuntu/airflow/dags/zillowanalytics.py
[2024-08-01T05:41:30.291+0000] {processor.py:830} INFO - Processing file /home/ubuntu/airflow/dags/zillowanalytics.py for tasks to queue
[2024-08-01T05:41:30.292+0000] {logging_mixin.py:188} INFO - [2024-08-01T05:41:30.292+0000] {dagbag.py:545} INFO - Filling up the DagBag from /home/ubuntu/airflow/dags/zillowanalytics.py
[2024-08-01T05:41:30.306+0000] {processor.py:840} INFO - DAG(s) 'zillow-analytics-dag' retrieved from /home/ubuntu/airflow/dags/zillowanalytics.py
[2024-08-01T05:41:30.414+0000] {logging_mixin.py:188} INFO - [2024-08-01T05:41:30.413+0000] {dag.py:3089} INFO - Sync 1 DAGs
[2024-08-01T05:41:30.432+0000] {logging_mixin.py:188} INFO - [2024-08-01T05:41:30.431+0000] {dag.py:3947} INFO - Setting next_dagrun for zillow-analytics-dag to 2024-08-01 00:00:00+00:00, run_after=2024-08-02 00:00:00+00:00
[2024-08-01T05:41:30.454+0000] {processor.py:183} INFO - Processing /home/ubuntu/airflow/dags/zillowanalytics.py took 0.170 seconds
[2024-08-01T05:42:00.586+0000] {processor.py:161} INFO - Started process (PID=1781) to work on /home/ubuntu/airflow/dags/zillowanalytics.py
[2024-08-01T05:42:00.587+0000] {processor.py:830} INFO - Processing file /home/ubuntu/airflow/dags/zillowanalytics.py for tasks to queue
[2024-08-01T05:42:00.589+0000] {logging_mixin.py:188} INFO - [2024-08-01T05:42:00.589+0000] {dagbag.py:545} INFO - Filling up the DagBag from /home/ubuntu/airflow/dags/zillowanalytics.py
[2024-08-01T05:42:00.605+0000] {processor.py:840} INFO - DAG(s) 'zillow-analytics-dag' retrieved from /home/ubuntu/airflow/dags/zillowanalytics.py
[2024-08-01T05:42:00.725+0000] {logging_mixin.py:188} INFO - [2024-08-01T05:42:00.724+0000] {dag.py:3089} INFO - Sync 1 DAGs
[2024-08-01T05:42:00.743+0000] {logging_mixin.py:188} INFO - [2024-08-01T05:42:00.743+0000] {dag.py:3947} INFO - Setting next_dagrun for zillow-analytics-dag to 2024-08-01 00:00:00+00:00, run_after=2024-08-02 00:00:00+00:00
[2024-08-01T05:42:00.768+0000] {processor.py:183} INFO - Processing /home/ubuntu/airflow/dags/zillowanalytics.py took 0.188 seconds
[2024-08-01T05:42:30.885+0000] {processor.py:161} INFO - Started process (PID=2016) to work on /home/ubuntu/airflow/dags/zillowanalytics.py
[2024-08-01T05:42:30.886+0000] {processor.py:830} INFO - Processing file /home/ubuntu/airflow/dags/zillowanalytics.py for tasks to queue
[2024-08-01T05:42:30.887+0000] {logging_mixin.py:188} INFO - [2024-08-01T05:42:30.887+0000] {dagbag.py:545} INFO - Filling up the DagBag from /home/ubuntu/airflow/dags/zillowanalytics.py
[2024-08-01T05:42:30.899+0000] {processor.py:840} INFO - DAG(s) 'zillow-analytics-dag' retrieved from /home/ubuntu/airflow/dags/zillowanalytics.py
[2024-08-01T05:42:31.002+0000] {logging_mixin.py:188} INFO - [2024-08-01T05:42:31.002+0000] {dag.py:3089} INFO - Sync 1 DAGs
[2024-08-01T05:42:31.020+0000] {logging_mixin.py:188} INFO - [2024-08-01T05:42:31.020+0000] {dag.py:3947} INFO - Setting next_dagrun for zillow-analytics-dag to 2024-08-01 00:00:00+00:00, run_after=2024-08-02 00:00:00+00:00
[2024-08-01T05:42:31.044+0000] {processor.py:183} INFO - Processing /home/ubuntu/airflow/dags/zillowanalytics.py took 0.164 seconds
[2024-08-01T05:43:01.180+0000] {processor.py:161} INFO - Started process (PID=2017) to work on /home/ubuntu/airflow/dags/zillowanalytics.py
[2024-08-01T05:43:01.181+0000] {processor.py:830} INFO - Processing file /home/ubuntu/airflow/dags/zillowanalytics.py for tasks to queue
[2024-08-01T05:43:01.183+0000] {logging_mixin.py:188} INFO - [2024-08-01T05:43:01.183+0000] {dagbag.py:545} INFO - Filling up the DagBag from /home/ubuntu/airflow/dags/zillowanalytics.py
[2024-08-01T05:43:01.195+0000] {processor.py:840} INFO - DAG(s) 'zillow-analytics-dag' retrieved from /home/ubuntu/airflow/dags/zillowanalytics.py
[2024-08-01T05:43:01.298+0000] {logging_mixin.py:188} INFO - [2024-08-01T05:43:01.298+0000] {dag.py:3089} INFO - Sync 1 DAGs
[2024-08-01T05:43:01.316+0000] {logging_mixin.py:188} INFO - [2024-08-01T05:43:01.316+0000] {dag.py:3947} INFO - Setting next_dagrun for zillow-analytics-dag to 2024-08-01 00:00:00+00:00, run_after=2024-08-02 00:00:00+00:00
[2024-08-01T05:43:01.339+0000] {processor.py:183} INFO - Processing /home/ubuntu/airflow/dags/zillowanalytics.py took 0.165 seconds
[2024-08-01T05:43:31.475+0000] {processor.py:161} INFO - Started process (PID=2046) to work on /home/ubuntu/airflow/dags/zillowanalytics.py
[2024-08-01T05:43:31.476+0000] {processor.py:830} INFO - Processing file /home/ubuntu/airflow/dags/zillowanalytics.py for tasks to queue
[2024-08-01T05:43:31.478+0000] {logging_mixin.py:188} INFO - [2024-08-01T05:43:31.477+0000] {dagbag.py:545} INFO - Filling up the DagBag from /home/ubuntu/airflow/dags/zillowanalytics.py
[2024-08-01T05:43:31.490+0000] {processor.py:840} INFO - DAG(s) 'zillow-analytics-dag' retrieved from /home/ubuntu/airflow/dags/zillowanalytics.py
[2024-08-01T05:43:31.594+0000] {logging_mixin.py:188} INFO - [2024-08-01T05:43:31.594+0000] {dag.py:3089} INFO - Sync 1 DAGs
[2024-08-01T05:43:31.613+0000] {logging_mixin.py:188} INFO - [2024-08-01T05:43:31.613+0000] {dag.py:3947} INFO - Setting next_dagrun for zillow-analytics-dag to 2024-08-01 00:00:00+00:00, run_after=2024-08-02 00:00:00+00:00
[2024-08-01T05:43:31.634+0000] {processor.py:183} INFO - Processing /home/ubuntu/airflow/dags/zillowanalytics.py took 0.164 seconds
[2024-08-01T05:44:01.774+0000] {processor.py:161} INFO - Started process (PID=2188) to work on /home/ubuntu/airflow/dags/zillowanalytics.py
[2024-08-01T05:44:01.776+0000] {processor.py:830} INFO - Processing file /home/ubuntu/airflow/dags/zillowanalytics.py for tasks to queue
[2024-08-01T05:44:01.777+0000] {logging_mixin.py:188} INFO - [2024-08-01T05:44:01.777+0000] {dagbag.py:545} INFO - Filling up the DagBag from /home/ubuntu/airflow/dags/zillowanalytics.py
[2024-08-01T05:44:01.791+0000] {processor.py:840} INFO - DAG(s) 'zillow-analytics-dag' retrieved from /home/ubuntu/airflow/dags/zillowanalytics.py
[2024-08-01T05:44:01.901+0000] {logging_mixin.py:188} INFO - [2024-08-01T05:44:01.900+0000] {dag.py:3089} INFO - Sync 1 DAGs
[2024-08-01T05:44:01.921+0000] {logging_mixin.py:188} INFO - [2024-08-01T05:44:01.920+0000] {dag.py:3947} INFO - Setting next_dagrun for zillow-analytics-dag to 2024-08-01 00:00:00+00:00, run_after=2024-08-02 00:00:00+00:00
[2024-08-01T05:44:01.943+0000] {processor.py:183} INFO - Processing /home/ubuntu/airflow/dags/zillowanalytics.py took 0.175 seconds
[2024-08-01T05:44:29.604+0000] {processor.py:161} INFO - Started process (PID=2301) to work on /home/ubuntu/airflow/dags/zillowanalytics.py
[2024-08-01T05:44:29.605+0000] {processor.py:830} INFO - Processing file /home/ubuntu/airflow/dags/zillowanalytics.py for tasks to queue
[2024-08-01T05:44:29.606+0000] {logging_mixin.py:188} INFO - [2024-08-01T05:44:29.606+0000] {dagbag.py:545} INFO - Filling up the DagBag from /home/ubuntu/airflow/dags/zillowanalytics.py
[2024-08-01T05:44:29.613+0000] {logging_mixin.py:188} INFO - [2024-08-01T05:44:29.610+0000] {dagbag.py:355} ERROR - Failed to import: /home/ubuntu/airflow/dags/zillowanalytics.py
Traceback (most recent call last):
  File "/home/ubuntu/zillowdata_de_youtube_venv/lib/python3.12/site-packages/airflow/models/dagbag.py", line 351, in parse
    loader.exec_module(new_module)
  File "<frozen importlib._bootstrap_external>", line 995, in exec_module
  File "<frozen importlib._bootstrap>", line 488, in _call_with_frames_removed
  File "/home/ubuntu/airflow/dags/zillowanalytics.py", line 7, in <module>
    from airflow.providers.amazon.aws.sensor.s3 import S3KeySensor
ModuleNotFoundError: No module named 'airflow.providers.amazon'
[2024-08-01T05:44:29.613+0000] {processor.py:842} WARNING - No viable dags retrieved from /home/ubuntu/airflow/dags/zillowanalytics.py
[2024-08-01T05:44:29.632+0000] {processor.py:183} INFO - Processing /home/ubuntu/airflow/dags/zillowanalytics.py took 0.034 seconds
[2024-08-01T05:44:59.854+0000] {processor.py:161} INFO - Started process (PID=2442) to work on /home/ubuntu/airflow/dags/zillowanalytics.py
[2024-08-01T05:44:59.856+0000] {processor.py:830} INFO - Processing file /home/ubuntu/airflow/dags/zillowanalytics.py for tasks to queue
[2024-08-01T05:44:59.857+0000] {logging_mixin.py:188} INFO - [2024-08-01T05:44:59.857+0000] {dagbag.py:545} INFO - Filling up the DagBag from /home/ubuntu/airflow/dags/zillowanalytics.py
[2024-08-01T05:44:59.861+0000] {logging_mixin.py:188} INFO - [2024-08-01T05:44:59.860+0000] {dagbag.py:355} ERROR - Failed to import: /home/ubuntu/airflow/dags/zillowanalytics.py
Traceback (most recent call last):
  File "/home/ubuntu/zillowdata_de_youtube_venv/lib/python3.12/site-packages/airflow/models/dagbag.py", line 351, in parse
    loader.exec_module(new_module)
  File "<frozen importlib._bootstrap_external>", line 995, in exec_module
  File "<frozen importlib._bootstrap>", line 488, in _call_with_frames_removed
  File "/home/ubuntu/airflow/dags/zillowanalytics.py", line 7, in <module>
    from airflow.providers.amazon.aws.sensor.s3 import S3KeySensor
ModuleNotFoundError: No module named 'airflow.providers.amazon'
[2024-08-01T05:44:59.861+0000] {processor.py:842} WARNING - No viable dags retrieved from /home/ubuntu/airflow/dags/zillowanalytics.py
[2024-08-01T05:44:59.881+0000] {processor.py:183} INFO - Processing /home/ubuntu/airflow/dags/zillowanalytics.py took 0.032 seconds
[2024-08-01T05:45:30.096+0000] {processor.py:161} INFO - Started process (PID=2715) to work on /home/ubuntu/airflow/dags/zillowanalytics.py
[2024-08-01T05:45:30.097+0000] {processor.py:830} INFO - Processing file /home/ubuntu/airflow/dags/zillowanalytics.py for tasks to queue
[2024-08-01T05:45:30.099+0000] {logging_mixin.py:188} INFO - [2024-08-01T05:45:30.099+0000] {dagbag.py:545} INFO - Filling up the DagBag from /home/ubuntu/airflow/dags/zillowanalytics.py
[2024-08-01T05:45:30.103+0000] {logging_mixin.py:188} INFO - [2024-08-01T05:45:30.101+0000] {dagbag.py:355} ERROR - Failed to import: /home/ubuntu/airflow/dags/zillowanalytics.py
Traceback (most recent call last):
  File "/home/ubuntu/zillowdata_de_youtube_venv/lib/python3.12/site-packages/airflow/models/dagbag.py", line 351, in parse
    loader.exec_module(new_module)
  File "<frozen importlib._bootstrap_external>", line 995, in exec_module
  File "<frozen importlib._bootstrap>", line 488, in _call_with_frames_removed
  File "/home/ubuntu/airflow/dags/zillowanalytics.py", line 7, in <module>
    from airflow.providers.amazon.aws.sensor.s3 import S3KeySensor
ModuleNotFoundError: No module named 'airflow.providers.amazon'
[2024-08-01T05:45:30.103+0000] {processor.py:842} WARNING - No viable dags retrieved from /home/ubuntu/airflow/dags/zillowanalytics.py
[2024-08-01T05:45:30.123+0000] {processor.py:183} INFO - Processing /home/ubuntu/airflow/dags/zillowanalytics.py took 0.033 seconds
[2024-08-01T05:46:00.367+0000] {processor.py:161} INFO - Started process (PID=2830) to work on /home/ubuntu/airflow/dags/zillowanalytics.py
[2024-08-01T05:46:00.369+0000] {processor.py:830} INFO - Processing file /home/ubuntu/airflow/dags/zillowanalytics.py for tasks to queue
[2024-08-01T05:46:00.370+0000] {logging_mixin.py:188} INFO - [2024-08-01T05:46:00.369+0000] {dagbag.py:545} INFO - Filling up the DagBag from /home/ubuntu/airflow/dags/zillowanalytics.py
[2024-08-01T05:46:00.373+0000] {logging_mixin.py:188} INFO - [2024-08-01T05:46:00.372+0000] {dagbag.py:355} ERROR - Failed to import: /home/ubuntu/airflow/dags/zillowanalytics.py
Traceback (most recent call last):
  File "/home/ubuntu/zillowdata_de_youtube_venv/lib/python3.12/site-packages/airflow/models/dagbag.py", line 351, in parse
    loader.exec_module(new_module)
  File "<frozen importlib._bootstrap_external>", line 995, in exec_module
  File "<frozen importlib._bootstrap>", line 488, in _call_with_frames_removed
  File "/home/ubuntu/airflow/dags/zillowanalytics.py", line 7, in <module>
    from airflow.providers.amazon.aws.sensor.s3 import S3KeySensor
ModuleNotFoundError: No module named 'airflow.providers.amazon.aws.sensor'
[2024-08-01T05:46:00.374+0000] {processor.py:842} WARNING - No viable dags retrieved from /home/ubuntu/airflow/dags/zillowanalytics.py
[2024-08-01T05:46:00.392+0000] {processor.py:183} INFO - Processing /home/ubuntu/airflow/dags/zillowanalytics.py took 0.031 seconds
[2024-08-01T05:46:30.598+0000] {processor.py:161} INFO - Started process (PID=2831) to work on /home/ubuntu/airflow/dags/zillowanalytics.py
[2024-08-01T05:46:30.599+0000] {processor.py:830} INFO - Processing file /home/ubuntu/airflow/dags/zillowanalytics.py for tasks to queue
[2024-08-01T05:46:30.600+0000] {logging_mixin.py:188} INFO - [2024-08-01T05:46:30.599+0000] {dagbag.py:545} INFO - Filling up the DagBag from /home/ubuntu/airflow/dags/zillowanalytics.py
[2024-08-01T05:46:30.603+0000] {logging_mixin.py:188} INFO - [2024-08-01T05:46:30.602+0000] {dagbag.py:355} ERROR - Failed to import: /home/ubuntu/airflow/dags/zillowanalytics.py
Traceback (most recent call last):
  File "/home/ubuntu/zillowdata_de_youtube_venv/lib/python3.12/site-packages/airflow/models/dagbag.py", line 351, in parse
    loader.exec_module(new_module)
  File "<frozen importlib._bootstrap_external>", line 995, in exec_module
  File "<frozen importlib._bootstrap>", line 488, in _call_with_frames_removed
  File "/home/ubuntu/airflow/dags/zillowanalytics.py", line 7, in <module>
    from airflow.providers.amazon.aws.sensor.s3 import S3KeySensor
ModuleNotFoundError: No module named 'airflow.providers.amazon.aws.sensor'
[2024-08-01T05:46:30.604+0000] {processor.py:842} WARNING - No viable dags retrieved from /home/ubuntu/airflow/dags/zillowanalytics.py
[2024-08-01T05:46:30.624+0000] {processor.py:183} INFO - Processing /home/ubuntu/airflow/dags/zillowanalytics.py took 0.033 seconds
[2024-08-01T05:47:00.828+0000] {processor.py:161} INFO - Started process (PID=2833) to work on /home/ubuntu/airflow/dags/zillowanalytics.py
[2024-08-01T05:47:00.829+0000] {processor.py:830} INFO - Processing file /home/ubuntu/airflow/dags/zillowanalytics.py for tasks to queue
[2024-08-01T05:47:00.830+0000] {logging_mixin.py:188} INFO - [2024-08-01T05:47:00.829+0000] {dagbag.py:545} INFO - Filling up the DagBag from /home/ubuntu/airflow/dags/zillowanalytics.py
[2024-08-01T05:47:00.833+0000] {logging_mixin.py:188} INFO - [2024-08-01T05:47:00.832+0000] {dagbag.py:355} ERROR - Failed to import: /home/ubuntu/airflow/dags/zillowanalytics.py
Traceback (most recent call last):
  File "/home/ubuntu/zillowdata_de_youtube_venv/lib/python3.12/site-packages/airflow/models/dagbag.py", line 351, in parse
    loader.exec_module(new_module)
  File "<frozen importlib._bootstrap_external>", line 995, in exec_module
  File "<frozen importlib._bootstrap>", line 488, in _call_with_frames_removed
  File "/home/ubuntu/airflow/dags/zillowanalytics.py", line 7, in <module>
    from airflow.providers.amazon.aws.sensor.s3 import S3KeySensor
ModuleNotFoundError: No module named 'airflow.providers.amazon.aws.sensor'
[2024-08-01T05:47:00.834+0000] {processor.py:842} WARNING - No viable dags retrieved from /home/ubuntu/airflow/dags/zillowanalytics.py
[2024-08-01T05:47:00.852+0000] {processor.py:183} INFO - Processing /home/ubuntu/airflow/dags/zillowanalytics.py took 0.031 seconds
[2024-08-01T05:47:31.060+0000] {processor.py:161} INFO - Started process (PID=2834) to work on /home/ubuntu/airflow/dags/zillowanalytics.py
[2024-08-01T05:47:31.061+0000] {processor.py:830} INFO - Processing file /home/ubuntu/airflow/dags/zillowanalytics.py for tasks to queue
[2024-08-01T05:47:31.062+0000] {logging_mixin.py:188} INFO - [2024-08-01T05:47:31.062+0000] {dagbag.py:545} INFO - Filling up the DagBag from /home/ubuntu/airflow/dags/zillowanalytics.py
[2024-08-01T05:47:31.065+0000] {logging_mixin.py:188} INFO - [2024-08-01T05:47:31.064+0000] {dagbag.py:355} ERROR - Failed to import: /home/ubuntu/airflow/dags/zillowanalytics.py
Traceback (most recent call last):
  File "/home/ubuntu/zillowdata_de_youtube_venv/lib/python3.12/site-packages/airflow/models/dagbag.py", line 351, in parse
    loader.exec_module(new_module)
  File "<frozen importlib._bootstrap_external>", line 995, in exec_module
  File "<frozen importlib._bootstrap>", line 488, in _call_with_frames_removed
  File "/home/ubuntu/airflow/dags/zillowanalytics.py", line 7, in <module>
    from airflow.providers.amazon.aws.sensor.s3 import S3KeySensor
ModuleNotFoundError: No module named 'airflow.providers.amazon.aws.sensor'
[2024-08-01T05:47:31.066+0000] {processor.py:842} WARNING - No viable dags retrieved from /home/ubuntu/airflow/dags/zillowanalytics.py
[2024-08-01T05:47:31.085+0000] {processor.py:183} INFO - Processing /home/ubuntu/airflow/dags/zillowanalytics.py took 0.032 seconds
[2024-08-01T05:48:01.293+0000] {processor.py:161} INFO - Started process (PID=2836) to work on /home/ubuntu/airflow/dags/zillowanalytics.py
[2024-08-01T05:48:01.293+0000] {processor.py:830} INFO - Processing file /home/ubuntu/airflow/dags/zillowanalytics.py for tasks to queue
[2024-08-01T05:48:01.294+0000] {logging_mixin.py:188} INFO - [2024-08-01T05:48:01.294+0000] {dagbag.py:545} INFO - Filling up the DagBag from /home/ubuntu/airflow/dags/zillowanalytics.py
[2024-08-01T05:48:01.298+0000] {logging_mixin.py:188} INFO - [2024-08-01T05:48:01.297+0000] {dagbag.py:355} ERROR - Failed to import: /home/ubuntu/airflow/dags/zillowanalytics.py
Traceback (most recent call last):
  File "/home/ubuntu/zillowdata_de_youtube_venv/lib/python3.12/site-packages/airflow/models/dagbag.py", line 351, in parse
    loader.exec_module(new_module)
  File "<frozen importlib._bootstrap_external>", line 995, in exec_module
  File "<frozen importlib._bootstrap>", line 488, in _call_with_frames_removed
  File "/home/ubuntu/airflow/dags/zillowanalytics.py", line 7, in <module>
    from airflow.providers.amazon.aws.sensor.s3 import S3KeySensor
ModuleNotFoundError: No module named 'airflow.providers.amazon.aws.sensor'
[2024-08-01T05:48:01.298+0000] {processor.py:842} WARNING - No viable dags retrieved from /home/ubuntu/airflow/dags/zillowanalytics.py
[2024-08-01T05:48:01.317+0000] {processor.py:183} INFO - Processing /home/ubuntu/airflow/dags/zillowanalytics.py took 0.031 seconds
[2024-08-01T05:48:31.525+0000] {processor.py:161} INFO - Started process (PID=2837) to work on /home/ubuntu/airflow/dags/zillowanalytics.py
[2024-08-01T05:48:31.526+0000] {processor.py:830} INFO - Processing file /home/ubuntu/airflow/dags/zillowanalytics.py for tasks to queue
[2024-08-01T05:48:31.527+0000] {logging_mixin.py:188} INFO - [2024-08-01T05:48:31.527+0000] {dagbag.py:545} INFO - Filling up the DagBag from /home/ubuntu/airflow/dags/zillowanalytics.py
[2024-08-01T05:48:31.530+0000] {logging_mixin.py:188} INFO - [2024-08-01T05:48:31.529+0000] {dagbag.py:355} ERROR - Failed to import: /home/ubuntu/airflow/dags/zillowanalytics.py
Traceback (most recent call last):
  File "/home/ubuntu/zillowdata_de_youtube_venv/lib/python3.12/site-packages/airflow/models/dagbag.py", line 351, in parse
    loader.exec_module(new_module)
  File "<frozen importlib._bootstrap_external>", line 995, in exec_module
  File "<frozen importlib._bootstrap>", line 488, in _call_with_frames_removed
  File "/home/ubuntu/airflow/dags/zillowanalytics.py", line 7, in <module>
    from airflow.providers.amazon.aws.sensor.s3 import S3KeySensor
ModuleNotFoundError: No module named 'airflow.providers.amazon.aws.sensor'
[2024-08-01T05:48:31.531+0000] {processor.py:842} WARNING - No viable dags retrieved from /home/ubuntu/airflow/dags/zillowanalytics.py
[2024-08-01T05:48:31.550+0000] {processor.py:183} INFO - Processing /home/ubuntu/airflow/dags/zillowanalytics.py took 0.032 seconds
[2024-08-01T05:49:01.752+0000] {processor.py:161} INFO - Started process (PID=2838) to work on /home/ubuntu/airflow/dags/zillowanalytics.py
[2024-08-01T05:49:01.753+0000] {processor.py:830} INFO - Processing file /home/ubuntu/airflow/dags/zillowanalytics.py for tasks to queue
[2024-08-01T05:49:01.754+0000] {logging_mixin.py:188} INFO - [2024-08-01T05:49:01.753+0000] {dagbag.py:545} INFO - Filling up the DagBag from /home/ubuntu/airflow/dags/zillowanalytics.py
[2024-08-01T05:49:01.757+0000] {logging_mixin.py:188} INFO - [2024-08-01T05:49:01.756+0000] {dagbag.py:355} ERROR - Failed to import: /home/ubuntu/airflow/dags/zillowanalytics.py
Traceback (most recent call last):
  File "/home/ubuntu/zillowdata_de_youtube_venv/lib/python3.12/site-packages/airflow/models/dagbag.py", line 351, in parse
    loader.exec_module(new_module)
  File "<frozen importlib._bootstrap_external>", line 995, in exec_module
  File "<frozen importlib._bootstrap>", line 488, in _call_with_frames_removed
  File "/home/ubuntu/airflow/dags/zillowanalytics.py", line 7, in <module>
    from airflow.providers.amazon.aws.sensor.s3 import S3KeySensor
ModuleNotFoundError: No module named 'airflow.providers.amazon.aws.sensor'
[2024-08-01T05:49:01.758+0000] {processor.py:842} WARNING - No viable dags retrieved from /home/ubuntu/airflow/dags/zillowanalytics.py
[2024-08-01T05:49:01.776+0000] {processor.py:183} INFO - Processing /home/ubuntu/airflow/dags/zillowanalytics.py took 0.031 seconds
[2024-08-01T05:49:31.982+0000] {processor.py:161} INFO - Started process (PID=2839) to work on /home/ubuntu/airflow/dags/zillowanalytics.py
[2024-08-01T05:49:31.983+0000] {processor.py:830} INFO - Processing file /home/ubuntu/airflow/dags/zillowanalytics.py for tasks to queue
[2024-08-01T05:49:31.984+0000] {logging_mixin.py:188} INFO - [2024-08-01T05:49:31.984+0000] {dagbag.py:545} INFO - Filling up the DagBag from /home/ubuntu/airflow/dags/zillowanalytics.py
[2024-08-01T05:49:31.988+0000] {logging_mixin.py:188} INFO - [2024-08-01T05:49:31.987+0000] {dagbag.py:355} ERROR - Failed to import: /home/ubuntu/airflow/dags/zillowanalytics.py
Traceback (most recent call last):
  File "/home/ubuntu/zillowdata_de_youtube_venv/lib/python3.12/site-packages/airflow/models/dagbag.py", line 351, in parse
    loader.exec_module(new_module)
  File "<frozen importlib._bootstrap_external>", line 995, in exec_module
  File "<frozen importlib._bootstrap>", line 488, in _call_with_frames_removed
  File "/home/ubuntu/airflow/dags/zillowanalytics.py", line 7, in <module>
    from airflow.providers.amazon.aws.sensor.s3 import S3KeySensor
ModuleNotFoundError: No module named 'airflow.providers.amazon.aws.sensor'
[2024-08-01T05:49:31.988+0000] {processor.py:842} WARNING - No viable dags retrieved from /home/ubuntu/airflow/dags/zillowanalytics.py
[2024-08-01T05:49:32.006+0000] {processor.py:183} INFO - Processing /home/ubuntu/airflow/dags/zillowanalytics.py took 0.031 seconds
[2024-08-01T05:50:02.188+0000] {processor.py:161} INFO - Started process (PID=2961) to work on /home/ubuntu/airflow/dags/zillowanalytics.py
[2024-08-01T05:50:02.189+0000] {processor.py:830} INFO - Processing file /home/ubuntu/airflow/dags/zillowanalytics.py for tasks to queue
[2024-08-01T05:50:02.190+0000] {logging_mixin.py:188} INFO - [2024-08-01T05:50:02.190+0000] {dagbag.py:545} INFO - Filling up the DagBag from /home/ubuntu/airflow/dags/zillowanalytics.py
[2024-08-01T05:50:02.194+0000] {logging_mixin.py:188} INFO - [2024-08-01T05:50:02.192+0000] {dagbag.py:355} ERROR - Failed to import: /home/ubuntu/airflow/dags/zillowanalytics.py
Traceback (most recent call last):
  File "/home/ubuntu/zillowdata_de_youtube_venv/lib/python3.12/site-packages/airflow/models/dagbag.py", line 351, in parse
    loader.exec_module(new_module)
  File "<frozen importlib._bootstrap_external>", line 995, in exec_module
  File "<frozen importlib._bootstrap>", line 488, in _call_with_frames_removed
  File "/home/ubuntu/airflow/dags/zillowanalytics.py", line 7, in <module>
    from airflow.providers.amazon.aws.sensor.s3 import S3KeySensor
ModuleNotFoundError: No module named 'airflow.providers.amazon.aws.sensor'
[2024-08-01T05:50:02.194+0000] {processor.py:842} WARNING - No viable dags retrieved from /home/ubuntu/airflow/dags/zillowanalytics.py
[2024-08-01T05:50:02.212+0000] {processor.py:183} INFO - Processing /home/ubuntu/airflow/dags/zillowanalytics.py took 0.030 seconds
[2024-08-01T05:50:32.424+0000] {processor.py:161} INFO - Started process (PID=3078) to work on /home/ubuntu/airflow/dags/zillowanalytics.py
[2024-08-01T05:50:32.425+0000] {processor.py:830} INFO - Processing file /home/ubuntu/airflow/dags/zillowanalytics.py for tasks to queue
[2024-08-01T05:50:32.426+0000] {logging_mixin.py:188} INFO - [2024-08-01T05:50:32.426+0000] {dagbag.py:545} INFO - Filling up the DagBag from /home/ubuntu/airflow/dags/zillowanalytics.py
[2024-08-01T05:50:32.430+0000] {logging_mixin.py:188} INFO - [2024-08-01T05:50:32.428+0000] {dagbag.py:355} ERROR - Failed to import: /home/ubuntu/airflow/dags/zillowanalytics.py
Traceback (most recent call last):
  File "/home/ubuntu/zillowdata_de_youtube_venv/lib/python3.12/site-packages/airflow/models/dagbag.py", line 351, in parse
    loader.exec_module(new_module)
  File "<frozen importlib._bootstrap_external>", line 995, in exec_module
  File "<frozen importlib._bootstrap>", line 488, in _call_with_frames_removed
  File "/home/ubuntu/airflow/dags/zillowanalytics.py", line 7, in <module>
    from airflow.providers.amazon.aws.sensor.s3 import S3KeySensor
ModuleNotFoundError: No module named 'airflow.providers.amazon.aws.sensor'
[2024-08-01T05:50:32.430+0000] {processor.py:842} WARNING - No viable dags retrieved from /home/ubuntu/airflow/dags/zillowanalytics.py
[2024-08-01T05:50:32.448+0000] {processor.py:183} INFO - Processing /home/ubuntu/airflow/dags/zillowanalytics.py took 0.031 seconds
[2024-08-01T05:50:47.538+0000] {processor.py:161} INFO - Started process (PID=3135) to work on /home/ubuntu/airflow/dags/zillowanalytics.py
[2024-08-01T05:50:47.539+0000] {processor.py:830} INFO - Processing file /home/ubuntu/airflow/dags/zillowanalytics.py for tasks to queue
[2024-08-01T05:50:47.540+0000] {logging_mixin.py:188} INFO - [2024-08-01T05:50:47.540+0000] {dagbag.py:545} INFO - Filling up the DagBag from /home/ubuntu/airflow/dags/zillowanalytics.py
[2024-08-01T05:50:47.545+0000] {logging_mixin.py:188} INFO - [2024-08-01T05:50:47.544+0000] {dagbag.py:355} ERROR - Failed to import: /home/ubuntu/airflow/dags/zillowanalytics.py
Traceback (most recent call last):
  File "/home/ubuntu/zillowdata_de_youtube_venv/lib/python3.12/site-packages/airflow/models/dagbag.py", line 351, in parse
    loader.exec_module(new_module)
  File "<frozen importlib._bootstrap_external>", line 995, in exec_module
  File "<frozen importlib._bootstrap>", line 488, in _call_with_frames_removed
  File "/home/ubuntu/airflow/dags/zillowanalytics.py", line 7, in <module>
    from airflow.providers.amazon.aws.sensor.s3 import S3KeySensor
ModuleNotFoundError: No module named 'airflow.providers.amazon.aws.sensor'
[2024-08-01T05:50:47.545+0000] {processor.py:842} WARNING - No viable dags retrieved from /home/ubuntu/airflow/dags/zillowanalytics.py
[2024-08-01T05:50:47.564+0000] {processor.py:183} INFO - Processing /home/ubuntu/airflow/dags/zillowanalytics.py took 0.032 seconds
[2024-08-01T05:51:17.766+0000] {processor.py:161} INFO - Started process (PID=3137) to work on /home/ubuntu/airflow/dags/zillowanalytics.py
[2024-08-01T05:51:17.767+0000] {processor.py:830} INFO - Processing file /home/ubuntu/airflow/dags/zillowanalytics.py for tasks to queue
[2024-08-01T05:51:17.768+0000] {logging_mixin.py:188} INFO - [2024-08-01T05:51:17.768+0000] {dagbag.py:545} INFO - Filling up the DagBag from /home/ubuntu/airflow/dags/zillowanalytics.py
[2024-08-01T05:51:17.771+0000] {logging_mixin.py:188} INFO - [2024-08-01T05:51:17.770+0000] {dagbag.py:355} ERROR - Failed to import: /home/ubuntu/airflow/dags/zillowanalytics.py
Traceback (most recent call last):
  File "/home/ubuntu/zillowdata_de_youtube_venv/lib/python3.12/site-packages/airflow/models/dagbag.py", line 351, in parse
    loader.exec_module(new_module)
  File "<frozen importlib._bootstrap_external>", line 995, in exec_module
  File "<frozen importlib._bootstrap>", line 488, in _call_with_frames_removed
  File "/home/ubuntu/airflow/dags/zillowanalytics.py", line 7, in <module>
    from airflow.providers.amazon.aws.sensor.s3 import S3KeySensor
ModuleNotFoundError: No module named 'airflow.providers.amazon.aws.sensor'
[2024-08-01T05:51:17.772+0000] {processor.py:842} WARNING - No viable dags retrieved from /home/ubuntu/airflow/dags/zillowanalytics.py
[2024-08-01T05:51:17.790+0000] {processor.py:183} INFO - Processing /home/ubuntu/airflow/dags/zillowanalytics.py took 0.031 seconds
[2024-08-01T05:51:47.937+0000] {processor.py:161} INFO - Started process (PID=3138) to work on /home/ubuntu/airflow/dags/zillowanalytics.py
[2024-08-01T05:51:47.939+0000] {processor.py:830} INFO - Processing file /home/ubuntu/airflow/dags/zillowanalytics.py for tasks to queue
[2024-08-01T05:51:47.940+0000] {logging_mixin.py:188} INFO - [2024-08-01T05:51:47.939+0000] {dagbag.py:545} INFO - Filling up the DagBag from /home/ubuntu/airflow/dags/zillowanalytics.py
[2024-08-01T05:51:47.943+0000] {logging_mixin.py:188} INFO - [2024-08-01T05:51:47.942+0000] {dagbag.py:355} ERROR - Failed to import: /home/ubuntu/airflow/dags/zillowanalytics.py
Traceback (most recent call last):
  File "/home/ubuntu/zillowdata_de_youtube_venv/lib/python3.12/site-packages/airflow/models/dagbag.py", line 351, in parse
    loader.exec_module(new_module)
  File "<frozen importlib._bootstrap_external>", line 995, in exec_module
  File "<frozen importlib._bootstrap>", line 488, in _call_with_frames_removed
  File "/home/ubuntu/airflow/dags/zillowanalytics.py", line 7, in <module>
    from airflow.providers.amazon.aws.sensor.s3 import S3KeySensor
ModuleNotFoundError: No module named 'airflow.providers.amazon.aws.sensor'
[2024-08-01T05:51:47.943+0000] {processor.py:842} WARNING - No viable dags retrieved from /home/ubuntu/airflow/dags/zillowanalytics.py
[2024-08-01T05:51:47.963+0000] {processor.py:183} INFO - Processing /home/ubuntu/airflow/dags/zillowanalytics.py took 0.032 seconds
[2024-08-01T05:52:18.225+0000] {processor.py:161} INFO - Started process (PID=3279) to work on /home/ubuntu/airflow/dags/zillowanalytics.py
[2024-08-01T05:52:18.226+0000] {processor.py:830} INFO - Processing file /home/ubuntu/airflow/dags/zillowanalytics.py for tasks to queue
[2024-08-01T05:52:18.226+0000] {logging_mixin.py:188} INFO - [2024-08-01T05:52:18.226+0000] {dagbag.py:545} INFO - Filling up the DagBag from /home/ubuntu/airflow/dags/zillowanalytics.py
[2024-08-01T05:52:18.230+0000] {logging_mixin.py:188} INFO - [2024-08-01T05:52:18.228+0000] {dagbag.py:355} ERROR - Failed to import: /home/ubuntu/airflow/dags/zillowanalytics.py
Traceback (most recent call last):
  File "/home/ubuntu/zillowdata_de_youtube_venv/lib/python3.12/site-packages/airflow/models/dagbag.py", line 351, in parse
    loader.exec_module(new_module)
  File "<frozen importlib._bootstrap_external>", line 995, in exec_module
  File "<frozen importlib._bootstrap>", line 488, in _call_with_frames_removed
  File "/home/ubuntu/airflow/dags/zillowanalytics.py", line 7, in <module>
    from airflow.providers.amazon.aws.sensor.s3 import S3KeySensor
ModuleNotFoundError: No module named 'airflow.providers.amazon.aws.sensor'
[2024-08-01T05:52:18.230+0000] {processor.py:842} WARNING - No viable dags retrieved from /home/ubuntu/airflow/dags/zillowanalytics.py
[2024-08-01T05:52:18.247+0000] {processor.py:183} INFO - Processing /home/ubuntu/airflow/dags/zillowanalytics.py took 0.030 seconds
[2024-08-01T05:52:49.119+0000] {processor.py:161} INFO - Started process (PID=3460) to work on /home/ubuntu/airflow/dags/zillowanalytics.py
[2024-08-01T05:52:49.121+0000] {processor.py:830} INFO - Processing file /home/ubuntu/airflow/dags/zillowanalytics.py for tasks to queue
[2024-08-01T05:52:49.122+0000] {logging_mixin.py:188} INFO - [2024-08-01T05:52:49.121+0000] {dagbag.py:545} INFO - Filling up the DagBag from /home/ubuntu/airflow/dags/zillowanalytics.py
[2024-08-01T05:52:49.127+0000] {logging_mixin.py:188} INFO - [2024-08-01T05:52:49.126+0000] {dagbag.py:355} ERROR - Failed to import: /home/ubuntu/airflow/dags/zillowanalytics.py
Traceback (most recent call last):
  File "/home/ubuntu/zillowdata_de_youtube_venv/lib/python3.12/site-packages/airflow/models/dagbag.py", line 351, in parse
    loader.exec_module(new_module)
  File "<frozen importlib._bootstrap_external>", line 995, in exec_module
  File "<frozen importlib._bootstrap>", line 488, in _call_with_frames_removed
  File "/home/ubuntu/airflow/dags/zillowanalytics.py", line 7, in <module>
    from airflow.providers.amazon.aws.sensor.s3 import S3KeySensor
ModuleNotFoundError: No module named 'airflow.providers.amazon.aws.sensor'
[2024-08-01T05:52:49.127+0000] {processor.py:842} WARNING - No viable dags retrieved from /home/ubuntu/airflow/dags/zillowanalytics.py
[2024-08-01T05:52:49.150+0000] {processor.py:183} INFO - Processing /home/ubuntu/airflow/dags/zillowanalytics.py took 0.048 seconds
[2024-08-01T05:53:19.714+0000] {processor.py:161} INFO - Started process (PID=3598) to work on /home/ubuntu/airflow/dags/zillowanalytics.py
[2024-08-01T05:53:19.714+0000] {processor.py:830} INFO - Processing file /home/ubuntu/airflow/dags/zillowanalytics.py for tasks to queue
[2024-08-01T05:53:19.715+0000] {logging_mixin.py:188} INFO - [2024-08-01T05:53:19.715+0000] {dagbag.py:545} INFO - Filling up the DagBag from /home/ubuntu/airflow/dags/zillowanalytics.py
[2024-08-01T05:53:19.719+0000] {logging_mixin.py:188} INFO - [2024-08-01T05:53:19.718+0000] {dagbag.py:355} ERROR - Failed to import: /home/ubuntu/airflow/dags/zillowanalytics.py
Traceback (most recent call last):
  File "/home/ubuntu/zillowdata_de_youtube_venv/lib/python3.12/site-packages/airflow/models/dagbag.py", line 351, in parse
    loader.exec_module(new_module)
  File "<frozen importlib._bootstrap_external>", line 995, in exec_module
  File "<frozen importlib._bootstrap>", line 488, in _call_with_frames_removed
  File "/home/ubuntu/airflow/dags/zillowanalytics.py", line 7, in <module>
    from airflow.providers.amazon.aws.sensor.s3 import S3KeySensor
ModuleNotFoundError: No module named 'airflow.providers.amazon.aws.sensor'
[2024-08-01T05:53:19.719+0000] {processor.py:842} WARNING - No viable dags retrieved from /home/ubuntu/airflow/dags/zillowanalytics.py
[2024-08-01T05:53:19.737+0000] {processor.py:183} INFO - Processing /home/ubuntu/airflow/dags/zillowanalytics.py took 0.031 seconds
[2024-08-01T05:53:50.165+0000] {processor.py:161} INFO - Started process (PID=3715) to work on /home/ubuntu/airflow/dags/zillowanalytics.py
[2024-08-01T05:53:50.167+0000] {processor.py:830} INFO - Processing file /home/ubuntu/airflow/dags/zillowanalytics.py for tasks to queue
[2024-08-01T05:53:50.168+0000] {logging_mixin.py:188} INFO - [2024-08-01T05:53:50.168+0000] {dagbag.py:545} INFO - Filling up the DagBag from /home/ubuntu/airflow/dags/zillowanalytics.py
[2024-08-01T05:53:50.171+0000] {logging_mixin.py:188} INFO - [2024-08-01T05:53:50.170+0000] {dagbag.py:355} ERROR - Failed to import: /home/ubuntu/airflow/dags/zillowanalytics.py
Traceback (most recent call last):
  File "/home/ubuntu/zillowdata_de_youtube_venv/lib/python3.12/site-packages/airflow/models/dagbag.py", line 351, in parse
    loader.exec_module(new_module)
  File "<frozen importlib._bootstrap_external>", line 995, in exec_module
  File "<frozen importlib._bootstrap>", line 488, in _call_with_frames_removed
  File "/home/ubuntu/airflow/dags/zillowanalytics.py", line 7, in <module>
    from airflow.providers.amazon.aws.sensor.s3 import S3KeySensor
ModuleNotFoundError: No module named 'airflow.providers.amazon.aws.sensor'
[2024-08-01T05:53:50.172+0000] {processor.py:842} WARNING - No viable dags retrieved from /home/ubuntu/airflow/dags/zillowanalytics.py
[2024-08-01T05:53:50.191+0000] {processor.py:183} INFO - Processing /home/ubuntu/airflow/dags/zillowanalytics.py took 0.032 seconds
[2024-08-01T05:54:20.331+0000] {processor.py:161} INFO - Started process (PID=3857) to work on /home/ubuntu/airflow/dags/zillowanalytics.py
[2024-08-01T05:54:20.331+0000] {processor.py:830} INFO - Processing file /home/ubuntu/airflow/dags/zillowanalytics.py for tasks to queue
[2024-08-01T05:54:20.332+0000] {logging_mixin.py:188} INFO - [2024-08-01T05:54:20.332+0000] {dagbag.py:545} INFO - Filling up the DagBag from /home/ubuntu/airflow/dags/zillowanalytics.py
[2024-08-01T05:54:20.335+0000] {logging_mixin.py:188} INFO - [2024-08-01T05:54:20.334+0000] {dagbag.py:355} ERROR - Failed to import: /home/ubuntu/airflow/dags/zillowanalytics.py
Traceback (most recent call last):
  File "/home/ubuntu/zillowdata_de_youtube_venv/lib/python3.12/site-packages/airflow/models/dagbag.py", line 351, in parse
    loader.exec_module(new_module)
  File "<frozen importlib._bootstrap_external>", line 995, in exec_module
  File "<frozen importlib._bootstrap>", line 488, in _call_with_frames_removed
  File "/home/ubuntu/airflow/dags/zillowanalytics.py", line 7, in <module>
    from airflow.providers.amazon.aws.sensor.s3 import S3KeySensor
ModuleNotFoundError: No module named 'airflow.providers.amazon.aws.sensor'
[2024-08-01T05:54:20.336+0000] {processor.py:842} WARNING - No viable dags retrieved from /home/ubuntu/airflow/dags/zillowanalytics.py
[2024-08-01T05:54:20.354+0000] {processor.py:183} INFO - Processing /home/ubuntu/airflow/dags/zillowanalytics.py took 0.030 seconds
[2024-08-01T05:54:50.495+0000] {processor.py:161} INFO - Started process (PID=4026) to work on /home/ubuntu/airflow/dags/zillowanalytics.py
[2024-08-01T05:54:50.496+0000] {processor.py:830} INFO - Processing file /home/ubuntu/airflow/dags/zillowanalytics.py for tasks to queue
[2024-08-01T05:54:50.497+0000] {logging_mixin.py:188} INFO - [2024-08-01T05:54:50.497+0000] {dagbag.py:545} INFO - Filling up the DagBag from /home/ubuntu/airflow/dags/zillowanalytics.py
[2024-08-01T05:54:50.501+0000] {logging_mixin.py:188} INFO - [2024-08-01T05:54:50.499+0000] {dagbag.py:355} ERROR - Failed to import: /home/ubuntu/airflow/dags/zillowanalytics.py
Traceback (most recent call last):
  File "/home/ubuntu/zillowdata_de_youtube_venv/lib/python3.12/site-packages/airflow/models/dagbag.py", line 351, in parse
    loader.exec_module(new_module)
  File "<frozen importlib._bootstrap_external>", line 995, in exec_module
  File "<frozen importlib._bootstrap>", line 488, in _call_with_frames_removed
  File "/home/ubuntu/airflow/dags/zillowanalytics.py", line 7, in <module>
    from airflow.providers.amazon.aws.sensor.s3 import S3KeySensor
ModuleNotFoundError: No module named 'airflow.providers.amazon.aws.sensor'
[2024-08-01T05:54:50.501+0000] {processor.py:842} WARNING - No viable dags retrieved from /home/ubuntu/airflow/dags/zillowanalytics.py
[2024-08-01T05:54:50.519+0000] {processor.py:183} INFO - Processing /home/ubuntu/airflow/dags/zillowanalytics.py took 0.031 seconds
[2024-08-01T05:55:03.459+0000] {processor.py:161} INFO - Started process (PID=4086) to work on /home/ubuntu/airflow/dags/zillowanalytics.py
[2024-08-01T05:55:03.460+0000] {processor.py:830} INFO - Processing file /home/ubuntu/airflow/dags/zillowanalytics.py for tasks to queue
[2024-08-01T05:55:03.460+0000] {logging_mixin.py:188} INFO - [2024-08-01T05:55:03.460+0000] {dagbag.py:545} INFO - Filling up the DagBag from /home/ubuntu/airflow/dags/zillowanalytics.py
[2024-08-01T05:55:03.466+0000] {logging_mixin.py:188} INFO - [2024-08-01T05:55:03.464+0000] {dagbag.py:355} ERROR - Failed to import: /home/ubuntu/airflow/dags/zillowanalytics.py
Traceback (most recent call last):
  File "/home/ubuntu/zillowdata_de_youtube_venv/lib/python3.12/site-packages/airflow/models/dagbag.py", line 351, in parse
    loader.exec_module(new_module)
  File "<frozen importlib._bootstrap_external>", line 995, in exec_module
  File "<frozen importlib._bootstrap>", line 488, in _call_with_frames_removed
  File "/home/ubuntu/airflow/dags/zillowanalytics.py", line 7, in <module>
    from airflow.providers.amazon.aws.sensor.s3 import S3KeySensor
ModuleNotFoundError: No module named 'airflow.providers.amazon.aws.sensor'
[2024-08-01T05:55:03.466+0000] {processor.py:842} WARNING - No viable dags retrieved from /home/ubuntu/airflow/dags/zillowanalytics.py
[2024-08-01T05:55:03.487+0000] {processor.py:183} INFO - Processing /home/ubuntu/airflow/dags/zillowanalytics.py took 0.036 seconds
[2024-08-01T05:55:05.012+0000] {processor.py:161} INFO - Started process (PID=4087) to work on /home/ubuntu/airflow/dags/zillowanalytics.py
[2024-08-01T05:55:05.012+0000] {processor.py:830} INFO - Processing file /home/ubuntu/airflow/dags/zillowanalytics.py for tasks to queue
[2024-08-01T05:55:05.013+0000] {logging_mixin.py:188} INFO - [2024-08-01T05:55:05.013+0000] {dagbag.py:545} INFO - Filling up the DagBag from /home/ubuntu/airflow/dags/zillowanalytics.py
[2024-08-01T05:55:05.018+0000] {logging_mixin.py:188} INFO - [2024-08-01T05:55:05.017+0000] {dagbag.py:355} ERROR - Failed to import: /home/ubuntu/airflow/dags/zillowanalytics.py
Traceback (most recent call last):
  File "/home/ubuntu/zillowdata_de_youtube_venv/lib/python3.12/site-packages/airflow/models/dagbag.py", line 351, in parse
    loader.exec_module(new_module)
  File "<frozen importlib._bootstrap_external>", line 995, in exec_module
  File "<frozen importlib._bootstrap>", line 488, in _call_with_frames_removed
  File "/home/ubuntu/airflow/dags/zillowanalytics.py", line 7, in <module>
    from airflow.providers.amazon.aws.sensor.s3 import S3KeySensor
ModuleNotFoundError: No module named 'airflow.providers.amazon.aws.sensor'
[2024-08-01T05:55:05.018+0000] {processor.py:842} WARNING - No viable dags retrieved from /home/ubuntu/airflow/dags/zillowanalytics.py
[2024-08-01T05:55:05.038+0000] {processor.py:183} INFO - Processing /home/ubuntu/airflow/dags/zillowanalytics.py took 0.033 seconds
[2024-08-01T05:55:35.692+0000] {processor.py:161} INFO - Started process (PID=4250) to work on /home/ubuntu/airflow/dags/zillowanalytics.py
[2024-08-01T05:55:35.693+0000] {processor.py:830} INFO - Processing file /home/ubuntu/airflow/dags/zillowanalytics.py for tasks to queue
[2024-08-01T05:55:35.694+0000] {logging_mixin.py:188} INFO - [2024-08-01T05:55:35.694+0000] {dagbag.py:545} INFO - Filling up the DagBag from /home/ubuntu/airflow/dags/zillowanalytics.py
[2024-08-01T05:55:35.697+0000] {logging_mixin.py:188} INFO - [2024-08-01T05:55:35.696+0000] {dagbag.py:355} ERROR - Failed to import: /home/ubuntu/airflow/dags/zillowanalytics.py
Traceback (most recent call last):
  File "/home/ubuntu/zillowdata_de_youtube_venv/lib/python3.12/site-packages/airflow/models/dagbag.py", line 351, in parse
    loader.exec_module(new_module)
  File "<frozen importlib._bootstrap_external>", line 995, in exec_module
  File "<frozen importlib._bootstrap>", line 488, in _call_with_frames_removed
  File "/home/ubuntu/airflow/dags/zillowanalytics.py", line 7, in <module>
    from airflow.providers.amazon.aws.sensor.s3 import S3KeySensor
ModuleNotFoundError: No module named 'airflow.providers.amazon.aws.sensor'
[2024-08-01T05:55:35.698+0000] {processor.py:842} WARNING - No viable dags retrieved from /home/ubuntu/airflow/dags/zillowanalytics.py
[2024-08-01T05:55:35.716+0000] {processor.py:183} INFO - Processing /home/ubuntu/airflow/dags/zillowanalytics.py took 0.031 seconds
