[2024-07-31T08:42:22.542+0000] {local_task_job_runner.py:120} INFO - ::group::Pre task execution logs
[2024-07-31T08:42:22.559+0000] {taskinstance.py:2076} INFO - Dependencies all met for dep_context=non-requeueable deps ti=<TaskInstance: zillow-analytics-dag.task_load_to_S3 manual__2024-07-31T08:42:17.610048+00:00 [queued]>
[2024-07-31T08:42:22.564+0000] {taskinstance.py:2076} INFO - Dependencies all met for dep_context=requeueable deps ti=<TaskInstance: zillow-analytics-dag.task_load_to_S3 manual__2024-07-31T08:42:17.610048+00:00 [queued]>
[2024-07-31T08:42:22.565+0000] {taskinstance.py:2306} INFO - Starting attempt 1 of 3
[2024-07-31T08:42:22.580+0000] {taskinstance.py:2330} INFO - Executing <Task(BashOperator): task_load_to_S3> on 2024-07-31 08:42:17.610048+00:00
[2024-07-31T08:42:22.583+0000] {standard_task_runner.py:64} INFO - Started process 8794 to run task
[2024-07-31T08:42:22.587+0000] {standard_task_runner.py:90} INFO - Running: ['airflow', 'tasks', 'run', 'zillow-analytics-dag', 'task_load_to_S3', 'manual__2024-07-31T08:42:17.610048+00:00', '--job-id', '56', '--raw', '--subdir', 'DAGS_FOLDER/zillowanalytics.py', '--cfg-path', '/tmp/tmp85n_5_9l']
[2024-07-31T08:42:22.588+0000] {standard_task_runner.py:91} INFO - Job 56: Subtask task_load_to_S3
[2024-07-31T08:42:22.622+0000] {task_command.py:426} INFO - Running <TaskInstance: zillow-analytics-dag.task_load_to_S3 manual__2024-07-31T08:42:17.610048+00:00 [running]> on host ip-172-31-16-43.eu-central-1.compute.internal
[2024-07-31T08:42:22.694+0000] {taskinstance.py:2648} INFO - Exporting env vars: AIRFLOW_CTX_DAG_EMAIL='yashvij1996@gmail.com' AIRFLOW_CTX_DAG_OWNER='Yash-First-Airflow-DAG' AIRFLOW_CTX_DAG_ID='zillow-analytics-dag' AIRFLOW_CTX_TASK_ID='task_load_to_S3' AIRFLOW_CTX_EXECUTION_DATE='2024-07-31T08:42:17.610048+00:00' AIRFLOW_CTX_TRY_NUMBER='1' AIRFLOW_CTX_DAG_RUN_ID='manual__2024-07-31T08:42:17.610048+00:00'
[2024-07-31T08:42:22.695+0000] {taskinstance.py:430} INFO - ::endgroup::
[2024-07-31T08:42:22.707+0000] {subprocess.py:63} INFO - Tmp dir root location: /tmp
[2024-07-31T08:42:22.708+0000] {subprocess.py:75} INFO - Running command: ['/usr/bin/bash', '-c', 'aws s3 mv /home/ubuntu/response_data_31072024084219.json s3://zillow-analytics-youtube-json-raw-data/']
[2024-07-31T08:42:22.714+0000] {subprocess.py:86} INFO - Output:
[2024-07-31T08:42:23.693+0000] {subprocess.py:93} INFO - Completed 56.5 KiB/56.5 KiB (122.4 KiB/s) with 1 file(s) remainingmove: ../../home/ubuntu/response_data_31072024084219.json to s3://zillow-analytics-youtube-json-raw-data/response_data_31072024084219.json
[2024-07-31T08:42:23.768+0000] {subprocess.py:97} INFO - Command exited with return code 0
[2024-07-31T08:42:23.769+0000] {taskinstance.py:441} INFO - ::group::Post task execution logs
[2024-07-31T08:42:23.787+0000] {taskinstance.py:1206} INFO - Marking task as SUCCESS. dag_id=zillow-analytics-dag, task_id=task_load_to_S3, run_id=manual__2024-07-31T08:42:17.610048+00:00, execution_date=20240731T084217, start_date=20240731T084222, end_date=20240731T084223
[2024-07-31T08:42:23.805+0000] {local_task_job_runner.py:243} INFO - Task exited with return code 0
[2024-07-31T08:42:23.816+0000] {taskinstance.py:3503} INFO - 0 downstream tasks scheduled from follow-on schedule check
[2024-07-31T08:42:23.816+0000] {local_task_job_runner.py:222} INFO - ::endgroup::
